2021-01-19 17:13:31,279 ERROR    root            (gcloud) Command name argument expected.
2021-01-19 17:13:31,281 DEBUG    root            Loaded Command Group: ['gcloud', 'filestore']
2021-01-19 17:13:31,285 DEBUG    root            Loaded Command Group: ['gcloud', 'ml']
2021-01-19 17:13:31,289 DEBUG    root            Loaded Command Group: ['gcloud', 'firebase']
2021-01-19 17:13:31,292 DEBUG    root            No implementation for release track [GA] for element: [/usr/lib64/google-cloud-sdk/lib/surface/storage]
2021-01-19 17:13:31,293 DEBUG    root            Loaded Command Group: ['gcloud', 'data_catalog']
2021-01-19 17:13:31,297 DEBUG    root            Loaded Command Group: ['gcloud', 'service_directory']
2021-01-19 17:13:31,300 DEBUG    root            No implementation for release track [GA] for element: [/usr/lib64/google-cloud-sdk/lib/surface/memcache]
2021-01-19 17:13:31,300 DEBUG    root            Loaded Command Group: ['gcloud', 'apigee']
2021-01-19 17:13:31,304 DEBUG    root            No implementation for release track [GA] for element: [/usr/lib64/google-cloud-sdk/lib/surface/access_approval]
2021-01-19 17:13:31,320 DEBUG    root            Loaded Command Group: ['gcloud', 'container']
2021-01-19 17:13:31,334 DEBUG    root            Loaded Command Group: ['gcloud', 'projects']
2021-01-19 17:13:31,338 DEBUG    root            Loaded Command Group: ['gcloud', 'scheduler']
2021-01-19 17:13:31,341 DEBUG    root            Loaded Command Group: ['gcloud', 'iot']
2021-01-19 17:13:31,391 DEBUG    root            Loaded Command Group: ['gcloud', 'ai_platform']
2021-01-19 17:13:31,395 DEBUG    root            No implementation for release track [GA] for element: [/usr/lib64/google-cloud-sdk/lib/surface/web_security_scanner]
2021-01-19 17:13:31,403 DEBUG    root            Loaded Command Group: ['gcloud', 'feedback']
2021-01-19 17:13:31,408 DEBUG    root            Loaded Command Group: ['gcloud', 'builds']
2021-01-19 17:13:31,412 DEBUG    root            No implementation for release track [GA] for element: [/usr/lib64/google-cloud-sdk/lib/surface/ai]
2021-01-19 17:13:31,413 DEBUG    root            No implementation for release track [GA] for element: [/usr/lib64/google-cloud-sdk/lib/surface/genomics]
2021-01-19 17:13:31,414 DEBUG    root            Loaded Command Group: ['gcloud', 'cloud_shell']
2021-01-19 17:13:31,416 DEBUG    root            Loaded Command Group: ['gcloud', 'meta']
2021-01-19 17:13:31,420 DEBUG    root            No implementation for release track [GA] for element: [/usr/lib64/google-cloud-sdk/lib/surface/dialogflow]
2021-01-19 17:13:31,426 DEBUG    root            Loaded Command Group: ['gcloud', 'init']
2021-01-19 17:13:31,428 DEBUG    root            Loaded Command Group: ['gcloud', 'kms']
2021-01-19 17:13:31,432 DEBUG    root            Loaded Command Group: ['gcloud', 'dataflow']
2021-01-19 17:13:31,437 DEBUG    root            Loaded Command Group: ['gcloud', 'endpoints']
2021-01-19 17:13:31,439 DEBUG    root            Loaded Command Group: ['gcloud', 'tasks']
2021-01-19 17:13:31,443 DEBUG    root            Loaded Command Group: ['gcloud', 'spanner']
2021-01-19 17:13:31,448 DEBUG    root            Loaded Command Group: ['gcloud', 'app']
2021-01-19 17:13:31,451 DEBUG    root            No implementation for release track [GA] for element: [/usr/lib64/google-cloud-sdk/lib/surface/dlp]
2021-01-19 17:13:31,452 DEBUG    root            Loaded Command Group: ['gcloud', 'run']
2021-01-19 17:13:31,455 DEBUG    root            Loaded Command Group: ['gcloud', 'info']
2021-01-19 17:13:31,510 DEBUG    root            Loaded Command Group: ['gcloud', 'compute']
2021-01-19 17:13:31,521 DEBUG    root            No implementation for release track [GA] for element: [/usr/lib64/google-cloud-sdk/lib/surface/network_services]
2021-01-19 17:13:31,522 DEBUG    root            Loaded Command Group: ['gcloud', 'deployment_manager']
2021-01-19 17:13:31,525 DEBUG    root            No implementation for release track [GA] for element: [/usr/lib64/google-cloud-sdk/lib/surface/database_migration]
2021-01-19 17:13:31,526 DEBUG    root            Loaded Command Group: ['gcloud', 'topic']
2021-01-19 17:13:31,531 DEBUG    root            Loaded Command Group: ['gcloud', 'composer']
2021-01-19 17:13:31,533 DEBUG    root            No implementation for release track [GA] for element: [/usr/lib64/google-cloud-sdk/lib/surface/labelmanager]
2021-01-19 17:13:31,534 DEBUG    root            Loaded Command Group: ['gcloud', 'components']
2021-01-19 17:13:31,539 DEBUG    root            Loaded Command Group: ['gcloud', 'debug']
2021-01-19 17:13:31,542 DEBUG    root            No implementation for release track [GA] for element: [/usr/lib64/google-cloud-sdk/lib/surface/trace]
2021-01-19 17:13:31,542 DEBUG    root            Loaded Command Group: ['gcloud', 'dns']
2021-01-19 17:13:31,546 DEBUG    root            Loaded Command Group: ['gcloud', 'organizations']
2021-01-19 17:13:31,550 DEBUG    root            No implementation for release track [GA] for element: [/usr/lib64/google-cloud-sdk/lib/surface/error_reporting]
2021-01-19 17:13:31,552 DEBUG    root            Loaded Command Group: ['gcloud', 'secrets']
2021-01-19 17:13:31,555 DEBUG    root            Loaded Command Group: ['gcloud', 'domains']
2021-01-19 17:13:31,559 DEBUG    root            Loaded Command Group: ['gcloud', 'auth']
2021-01-19 17:13:31,562 DEBUG    root            Loaded Command Group: ['gcloud', 'monitoring']
2021-01-19 17:13:31,565 DEBUG    root            No implementation for release track [GA] for element: [/usr/lib64/google-cloud-sdk/lib/surface/transcoder]
2021-01-19 17:13:31,566 DEBUG    root            Loaded Command Group: ['gcloud', 'redis']
2021-01-19 17:13:31,569 DEBUG    root            Loaded Command Group: ['gcloud', 'scc']
2021-01-19 17:13:31,573 DEBUG    root            Loaded Command Group: ['gcloud', 'datastore']
2021-01-19 17:13:31,577 DEBUG    root            Loaded Command Group: ['gcloud', 'firestore']
2021-01-19 17:13:31,588 DEBUG    root            Loaded Command Group: ['gcloud', 'help']
2021-01-19 17:13:31,594 DEBUG    root            Loaded Command Group: ['gcloud', 'version']
2021-01-19 17:13:31,597 DEBUG    root            No implementation for release track [GA] for element: [/usr/lib64/google-cloud-sdk/lib/surface/api_gateway]
2021-01-19 17:13:31,603 DEBUG    root            Loaded Command Group: ['gcloud', 'docker']
2021-01-19 17:13:31,606 DEBUG    root            Loaded Command Group: ['gcloud', 'recommender']
2021-01-19 17:13:31,613 DEBUG    root            No implementation for release track [GA] for element: [/usr/lib64/google-cloud-sdk/lib/surface/code]
2021-01-19 17:13:31,614 DEBUG    root            No implementation for release track [GA] for element: [/usr/lib64/google-cloud-sdk/lib/surface/bq]
2021-01-19 17:13:31,614 DEBUG    root            Loaded Command Group: ['gcloud', 'sql']
2021-01-19 17:13:31,619 DEBUG    root            Loaded Command Group: ['gcloud', 'config']
2021-01-19 17:13:31,622 DEBUG    root            Loaded Command Group: ['gcloud', 'iam']
2021-01-19 17:13:31,624 DEBUG    root            No implementation for release track [GA] for element: [/usr/lib64/google-cloud-sdk/lib/surface/certificate_manager]
2021-01-19 17:13:31,625 DEBUG    root            No implementation for release track [GA] for element: [/usr/lib64/google-cloud-sdk/lib/surface/org_policies]
2021-01-19 17:13:31,742 DEBUG    root            No implementation for release track [GA] for element: [/usr/lib64/google-cloud-sdk/lib/surface/interactive]
2021-01-19 17:13:31,743 DEBUG    root            Loaded Command Group: ['gcloud', 'workspace_add_ons']
2021-01-19 17:13:31,746 DEBUG    root            No implementation for release track [GA] for element: [/usr/lib64/google-cloud-sdk/lib/surface/kuberun]
2021-01-19 17:13:31,747 DEBUG    root            Loaded Command Group: ['gcloud', 'game']
2021-01-19 17:13:31,789 DEBUG    root            No implementation for release track [GA] for element: [/usr/lib64/google-cloud-sdk/lib/surface/events]
2021-01-19 17:13:31,789 DEBUG    root            Loaded Command Group: ['gcloud', 'policy_troubleshoot']
2021-01-19 17:13:31,792 DEBUG    root            Loaded Command Group: ['gcloud', 'dataproc']
2021-01-19 17:13:31,794 DEBUG    root            Loaded Command Group: ['gcloud', 'identity']
2021-01-19 17:13:31,797 DEBUG    root            No implementation for release track [GA] for element: [/usr/lib64/google-cloud-sdk/lib/surface/admin_service_cluster]
2021-01-19 17:13:31,798 DEBUG    root            No implementation for release track [GA] for element: [/usr/lib64/google-cloud-sdk/lib/surface/network_security]
2021-01-19 17:13:31,800 DEBUG    root            Loaded Command Group: ['gcloud', 'functions']
2021-01-19 17:13:31,803 DEBUG    root            Loaded Command Group: ['gcloud', 'bigtable']
2021-01-19 17:13:31,806 DEBUG    root            Loaded Command Group: ['gcloud', 'access_context_manager']
2021-01-19 17:13:31,808 DEBUG    root            Loaded Command Group: ['gcloud', 'pubsub']
2021-01-19 17:13:31,811 DEBUG    root            Loaded Command Group: ['gcloud', 'anthos']
2021-01-19 17:13:31,813 DEBUG    root            No implementation for release track [GA] for element: [/usr/lib64/google-cloud-sdk/lib/surface/assured]
2021-01-19 17:13:31,814 DEBUG    root            No implementation for release track [GA] for element: [/usr/lib64/google-cloud-sdk/lib/surface/commerce_procurement]
2021-01-19 17:13:31,814 DEBUG    root            No implementation for release track [GA] for element: [/usr/lib64/google-cloud-sdk/lib/surface/emulators]
2021-01-19 17:13:31,815 DEBUG    root            Loaded Command Group: ['gcloud', 'eventarc']
2021-01-19 17:13:31,817 DEBUG    root            Loaded Command Group: ['gcloud', 'resource_manager']
2021-01-19 17:13:31,821 DEBUG    root            Loaded Command Group: ['gcloud', 'cheat_sheet']
2021-01-19 17:13:31,824 DEBUG    root            Loaded Command Group: ['gcloud', 'source']
2021-01-19 17:13:31,826 DEBUG    root            No implementation for release track [GA] for element: [/usr/lib64/google-cloud-sdk/lib/surface/metastore]
2021-01-19 17:13:31,827 DEBUG    root            Loaded Command Group: ['gcloud', 'services']
2021-01-19 17:13:31,829 DEBUG    root            No implementation for release track [GA] for element: [/usr/lib64/google-cloud-sdk/lib/surface/remote_build_execution]
2021-01-19 17:13:31,830 DEBUG    root            No implementation for release track [GA] for element: [/usr/lib64/google-cloud-sdk/lib/surface/vmware]
2021-01-19 17:13:31,830 DEBUG    root            Loaded Command Group: ['gcloud', 'artifacts']
2021-01-19 17:13:31,834 DEBUG    root            No implementation for release track [GA] for element: [/usr/lib64/google-cloud-sdk/lib/surface/data_fusion]
2021-01-19 17:13:31,834 DEBUG    root            No implementation for release track [GA] for element: [/usr/lib64/google-cloud-sdk/lib/surface/network_connectivity]
2021-01-19 17:13:31,841 DEBUG    root            Loaded Command Group: ['gcloud', 'survey']
2021-01-19 17:13:31,844 DEBUG    root            No implementation for release track [GA] for element: [/usr/lib64/google-cloud-sdk/lib/surface/runtime_config]
2021-01-19 17:13:31,845 DEBUG    root            No implementation for release track [GA] for element: [/usr/lib64/google-cloud-sdk/lib/surface/resource_settings]
2021-01-19 17:13:31,846 DEBUG    root            No implementation for release track [GA] for element: [/usr/lib64/google-cloud-sdk/lib/surface/workflows]
2021-01-19 17:13:31,847 DEBUG    root            No implementation for release track [GA] for element: [/usr/lib64/google-cloud-sdk/lib/surface/privateca]
2021-01-19 17:13:31,848 DEBUG    root            Loaded Command Group: ['gcloud', 'network_management']
2021-01-19 17:13:31,850 DEBUG    root            No implementation for release track [GA] for element: [/usr/lib64/google-cloud-sdk/lib/surface/lifesciences]
2021-01-19 17:13:31,851 DEBUG    root            Loaded Command Group: ['gcloud', 'logging']
2021-01-19 17:13:31,854 DEBUG    root            Loaded Command Group: ['gcloud', 'billing']
2021-01-19 17:13:31,856 DEBUG    root            No implementation for release track [GA] for element: [/usr/lib64/google-cloud-sdk/lib/surface/recaptcha]
2021-01-19 17:13:31,857 DEBUG    root            Loaded Command Group: ['gcloud', 'active_directory']
2021-01-19 17:13:31,859 DEBUG    root            Loaded Command Group: ['gcloud', 'asset']
2021-01-19 17:13:31,862 DEBUG    root            Loaded Command Group: ['gcloud', 'ml_engine']
2021-01-19 17:13:31,866 DEBUG    root            Loaded Command Group: ['gcloud', 'iap']
2021-01-19 17:13:31,869 DEBUG    root            Loaded Command Group: ['gcloud', 'healthcare']
2021-01-19 17:13:31,873 DEBUG    root            No implementation for release track [GA] for element: [/usr/lib64/google-cloud-sdk/lib/surface/notebooks]
