2021-01-19 17:29:03,068 DEBUG    root            Loaded Command Group: ['gcloud', 'compute']
2021-01-19 17:29:03,078 ERROR    root            (gcloud.compute) Command name argument expected.
2021-01-19 17:29:03,081 DEBUG    root            Loaded Command Group: ['gcloud', 'compute', 'networks']
2021-01-19 17:29:03,085 DEBUG    root            Loaded Command Group: ['gcloud', 'compute', 'regions']
2021-01-19 17:29:03,090 DEBUG    root            Loaded Command Group: ['gcloud', 'compute', 'instance_templates']
2021-01-19 17:29:03,095 DEBUG    root            Loaded Command Group: ['gcloud', 'compute', 'routers']
2021-01-19 17:29:03,099 DEBUG    root            Loaded Command Group: ['gcloud', 'compute', 'target_grpc_proxies']
2021-01-19 17:29:03,104 DEBUG    root            Loaded Command Group: ['gcloud', 'compute', 'operations']
2021-01-19 17:29:03,108 DEBUG    root            Loaded Command Group: ['gcloud', 'compute', 'vpn_tunnels']
2021-01-19 17:29:03,111 DEBUG    root            No implementation for release track [GA] for element: [/usr/lib64/google-cloud-sdk/lib/surface/compute/org_security_policies]
2021-01-19 17:29:03,113 DEBUG    root            Loaded Command Group: ['gcloud', 'compute', 'snapshots']
2021-01-19 17:29:03,117 DEBUG    root            Loaded Command Group: ['gcloud', 'compute', 'vpn_gateways']
2021-01-19 17:29:03,119 DEBUG    root            Loaded Command Group: ['gcloud', 'compute', 'zones']
2021-01-19 17:29:03,124 DEBUG    root            Loaded Command Group: ['gcloud', 'compute', 'target_pools']
2021-01-19 17:29:03,130 DEBUG    root            Loaded Command Group: ['gcloud', 'compute', 'network_endpoint_groups']
2021-01-19 17:29:03,135 DEBUG    root            Loaded Command Group: ['gcloud', 'compute', 'forwarding_rules']
2021-01-19 17:29:03,204 DEBUG    root            Loaded Command Group: ['gcloud', 'compute', 'scp']
2021-01-19 17:29:03,210 DEBUG    root            Loaded Command Group: ['gcloud', 'compute', 'accelerator_types']
2021-01-19 17:29:03,215 DEBUG    root            Loaded Command Group: ['gcloud', 'compute', 'firewall_rules']
2021-01-19 17:29:03,227 DEBUG    root            Loaded Command Group: ['gcloud', 'compute', 'config_ssh']
2021-01-19 17:29:03,231 DEBUG    root            Loaded Command Group: ['gcloud', 'compute', 'connect_to_serial_port']
2021-01-19 17:29:03,235 DEBUG    root            Loaded Command Group: ['gcloud', 'compute', 'external_vpn_gateways']
2021-01-19 17:29:03,238 DEBUG    root            Loaded Command Group: ['gcloud', 'compute', 'security_policies']
2021-01-19 17:29:03,243 DEBUG    root            Loaded Command Group: ['gcloud', 'compute', 'start_iap_tunnel']
2021-01-19 17:29:03,246 DEBUG    root            No implementation for release track [GA] for element: [/usr/lib64/google-cloud-sdk/lib/surface/compute/public_advertised_prefixes]
2021-01-19 17:29:03,250 DEBUG    root            Loaded Command Group: ['gcloud', 'compute', 'reset_windows_password']
2021-01-19 17:29:03,253 DEBUG    root            Loaded Command Group: ['gcloud', 'compute', 'disks']
2021-01-19 17:29:03,256 DEBUG    root            Loaded Command Group: ['gcloud', 'compute', 'https_health_checks']
2021-01-19 17:29:03,260 DEBUG    root            Loaded Command Group: ['gcloud', 'compute', 'packet_mirrorings']
2021-01-19 17:29:03,262 DEBUG    root            Loaded Command Group: ['gcloud', 'compute', 'reservations']
2021-01-19 17:29:03,265 DEBUG    root            Loaded Command Group: ['gcloud', 'compute', 'instances']
2021-01-19 17:29:03,269 DEBUG    root            No implementation for release track [GA] for element: [/usr/lib64/google-cloud-sdk/lib/surface/compute/public_delegated_prefixes]
2021-01-19 17:29:03,270 DEBUG    root            Loaded Command Group: ['gcloud', 'compute', 'ssl_certificates']
2021-01-19 17:29:03,273 DEBUG    root            Loaded Command Group: ['gcloud', 'compute', 'target_tcp_proxies']
2021-01-19 17:29:03,277 DEBUG    root            Loaded Command Group: ['gcloud', 'compute', 'target_https_proxies']
2021-01-19 17:29:03,280 DEBUG    root            Loaded Command Group: ['gcloud', 'compute', 'health_checks']
2021-01-19 17:29:03,283 DEBUG    root            Loaded Command Group: ['gcloud', 'compute', 'http_health_checks']
2021-01-19 17:29:03,285 DEBUG    root            Loaded Command Group: ['gcloud', 'compute', 'disk_types']
2021-01-19 17:29:03,287 DEBUG    root            Loaded Command Group: ['gcloud', 'compute', 'os_login']
2021-01-19 17:29:03,290 DEBUG    root            Loaded Command Group: ['gcloud', 'compute', 'shared_vpc']
2021-01-19 17:29:03,295 DEBUG    root            Loaded Command Group: ['gcloud', 'compute', 'sign_url']
2021-01-19 17:29:03,299 DEBUG    root            Loaded Command Group: ['gcloud', 'compute', 'addresses']
2021-01-19 17:29:03,303 DEBUG    root            Loaded Command Group: ['gcloud', 'compute', 'target_vpn_gateways']
2021-01-19 17:29:03,306 DEBUG    root            Loaded Command Group: ['gcloud', 'compute', 'commitments']
2021-01-19 17:29:03,310 DEBUG    root            Loaded Command Group: ['gcloud', 'compute', 'resource_policies']
2021-01-19 17:29:03,313 DEBUG    root            Loaded Command Group: ['gcloud', 'compute', 'interconnects']
2021-01-19 17:29:03,316 DEBUG    root            Loaded Command Group: ['gcloud', 'compute', 'instance_groups']
2021-01-19 17:29:03,320 DEBUG    root            Loaded Command Group: ['gcloud', 'compute', 'backend_services']
2021-01-19 17:29:03,324 DEBUG    root            No implementation for release track [GA] for element: [/usr/lib64/google-cloud-sdk/lib/surface/compute/machine_images]
2021-01-19 17:29:03,326 DEBUG    root            No implementation for release track [GA] for element: [/usr/lib64/google-cloud-sdk/lib/surface/compute/instant_snapshots]
2021-01-19 17:29:03,327 DEBUG    root            Loaded Command Group: ['gcloud', 'compute', 'target_http_proxies']
2021-01-19 17:29:03,330 DEBUG    root            Loaded Command Group: ['gcloud', 'compute', 'url_maps']
2021-01-19 17:29:03,334 DEBUG    root            Loaded Command Group: ['gcloud', 'compute', 'diagnose']
2021-01-19 17:29:03,337 DEBUG    root            Loaded Command Group: ['gcloud', 'compute', 'os_config']
2021-01-19 17:29:03,340 DEBUG    root            Loaded Command Group: ['gcloud', 'compute', 'images']
2021-01-19 17:29:03,344 DEBUG    root            Loaded Command Group: ['gcloud', 'compute', 'ssl_policies']
2021-01-19 17:29:03,348 DEBUG    root            Loaded Command Group: ['gcloud', 'compute', 'machine_types']
2021-01-19 17:29:03,350 DEBUG    root            Loaded Command Group: ['gcloud', 'compute', 'sole_tenancy']
2021-01-19 17:29:03,355 DEBUG    root            Loaded Command Group: ['gcloud', 'compute', 'ssh']
2021-01-19 17:29:03,360 DEBUG    root            Loaded Command Group: ['gcloud', 'compute', 'backend_buckets']
2021-01-19 17:29:03,364 DEBUG    root            Loaded Command Group: ['gcloud', 'compute', 'copy_files']
2021-01-19 17:29:03,368 DEBUG    root            Loaded Command Group: ['gcloud', 'compute', 'routes']
2021-01-19 17:29:03,371 DEBUG    root            Loaded Command Group: ['gcloud', 'compute', 'target_ssl_proxies']
2021-01-19 17:29:03,374 DEBUG    root            Loaded Command Group: ['gcloud', 'compute', 'tpus']
2021-01-19 17:29:03,377 DEBUG    root            Loaded Command Group: ['gcloud', 'compute', 'target_instances']
2021-01-19 17:29:03,380 DEBUG    root            No implementation for release track [GA] for element: [/usr/lib64/google-cloud-sdk/lib/surface/compute/service_attachments]
2021-01-19 17:29:03,381 DEBUG    root            Loaded Command Group: ['gcloud', 'compute', 'project_info']
