2021-01-19 17:21:40,508 ERROR    root            (gcloud) Command name argument expected.
2021-01-19 17:21:40,509 DEBUG    root            Loaded Command Group: ['gcloud', 'domains']
2021-01-19 17:21:40,511 DEBUG    root            Loaded Command Group: ['gcloud', 'secrets']
2021-01-19 17:21:40,521 DEBUG    root            Loaded Command Group: ['gcloud', 'container']
2021-01-19 17:21:40,524 DEBUG    root            No implementation for release track [GA] for element: [/usr/lib64/google-cloud-sdk/lib/surface/kuberun]
2021-01-19 17:21:40,525 DEBUG    root            No implementation for release track [GA] for element: [/usr/lib64/google-cloud-sdk/lib/surface/storage]
2021-01-19 17:21:40,526 DEBUG    root            No implementation for release track [GA] for element: [/usr/lib64/google-cloud-sdk/lib/surface/trace]
2021-01-19 17:21:40,526 DEBUG    root            Loaded Command Group: ['gcloud', 'identity']
2021-01-19 17:21:40,528 DEBUG    root            Loaded Command Group: ['gcloud', 'access_context_manager']
2021-01-19 17:21:40,533 DEBUG    root            Loaded Command Group: ['gcloud', 'eventarc']
2021-01-19 17:21:40,539 DEBUG    root            Loaded Command Group: ['gcloud', 'source']
2021-01-19 17:21:40,542 DEBUG    root            Loaded Command Group: ['gcloud', 'apigee']
2021-01-19 17:21:40,545 DEBUG    root            Loaded Command Group: ['gcloud', 'sql']
2021-01-19 17:21:40,548 DEBUG    root            Loaded Command Group: ['gcloud', 'deployment_manager']
2021-01-19 17:21:40,551 DEBUG    root            No implementation for release track [GA] for element: [/usr/lib64/google-cloud-sdk/lib/surface/dialogflow]
2021-01-19 17:21:40,552 DEBUG    root            Loaded Command Group: ['gcloud', 'policy_troubleshoot']
2021-01-19 17:21:40,554 DEBUG    root            No implementation for release track [GA] for element: [/usr/lib64/google-cloud-sdk/lib/surface/labelmanager]
2021-01-19 17:21:40,555 DEBUG    root            Loaded Command Group: ['gcloud', 'components']
2021-01-19 17:21:40,558 DEBUG    root            Loaded Command Group: ['gcloud', 'tasks']
2021-01-19 17:21:40,561 DEBUG    root            Loaded Command Group: ['gcloud', 'services']
2021-01-19 17:21:40,572 DEBUG    root            Loaded Command Group: ['gcloud', 'projects']
2021-01-19 17:21:40,637 DEBUG    root            Loaded Command Group: ['gcloud', 'ai_platform']
2021-01-19 17:21:40,640 DEBUG    root            Loaded Command Group: ['gcloud', 'asset']
2021-01-19 17:21:40,642 DEBUG    root            No implementation for release track [GA] for element: [/usr/lib64/google-cloud-sdk/lib/surface/network_security]
2021-01-19 17:21:40,650 DEBUG    root            Loaded Command Group: ['gcloud', 'help']
2021-01-19 17:21:40,654 DEBUG    root            No implementation for release track [GA] for element: [/usr/lib64/google-cloud-sdk/lib/surface/genomics]
2021-01-19 17:21:40,655 DEBUG    root            No implementation for release track [GA] for element: [/usr/lib64/google-cloud-sdk/lib/surface/emulators]
2021-01-19 17:21:40,656 DEBUG    root            Loaded Command Group: ['gcloud', 'billing']
2021-01-19 17:21:40,659 DEBUG    root            Loaded Command Group: ['gcloud', 'endpoints']
2021-01-19 17:21:40,662 DEBUG    root            Loaded Command Group: ['gcloud', 'network_management']
2021-01-19 17:21:40,668 DEBUG    root            No implementation for release track [GA] for element: [/usr/lib64/google-cloud-sdk/lib/surface/resource_settings]
2021-01-19 17:21:40,669 DEBUG    root            Loaded Command Group: ['gcloud', 'app']
2021-01-19 17:21:40,673 DEBUG    root            Loaded Command Group: ['gcloud', 'datastore']
2021-01-19 17:21:40,676 DEBUG    root            No implementation for release track [GA] for element: [/usr/lib64/google-cloud-sdk/lib/surface/privateca]
2021-01-19 17:21:40,677 DEBUG    root            No implementation for release track [GA] for element: [/usr/lib64/google-cloud-sdk/lib/surface/metastore]
2021-01-19 17:21:40,677 DEBUG    root            Loaded Command Group: ['gcloud', 'resource_manager']
2021-01-19 17:21:40,682 DEBUG    root            Loaded Command Group: ['gcloud', 'functions']
2021-01-19 17:21:40,689 DEBUG    root            Loaded Command Group: ['gcloud', 'feedback']
2021-01-19 17:21:40,692 DEBUG    root            Loaded Command Group: ['gcloud', 'run']
2021-01-19 17:21:40,694 DEBUG    root            Loaded Command Group: ['gcloud', 'iap']
2021-01-19 17:21:40,697 DEBUG    root            Loaded Command Group: ['gcloud', 'monitoring']
2021-01-19 17:21:40,701 DEBUG    root            No implementation for release track [GA] for element: [/usr/lib64/google-cloud-sdk/lib/surface/database_migration]
2021-01-19 17:21:40,702 DEBUG    root            Loaded Command Group: ['gcloud', 'healthcare']
2021-01-19 17:21:40,705 DEBUG    root            Loaded Command Group: ['gcloud', 'data_catalog']
2021-01-19 17:21:40,708 DEBUG    root            Loaded Command Group: ['gcloud', 'service_directory']
2021-01-19 17:21:40,711 DEBUG    root            No implementation for release track [GA] for element: [/usr/lib64/google-cloud-sdk/lib/surface/vmware]
2021-01-19 17:21:40,713 DEBUG    root            Loaded Command Group: ['gcloud', 'builds']
2021-01-19 17:21:40,716 DEBUG    root            No implementation for release track [GA] for element: [/usr/lib64/google-cloud-sdk/lib/surface/ai]
2021-01-19 17:21:40,717 DEBUG    root            Loaded Command Group: ['gcloud', 'kms']
2021-01-19 17:21:40,720 DEBUG    root            No implementation for release track [GA] for element: [/usr/lib64/google-cloud-sdk/lib/surface/access_approval]
2021-01-19 17:21:40,721 DEBUG    root            No implementation for release track [GA] for element: [/usr/lib64/google-cloud-sdk/lib/surface/network_services]
2021-01-19 17:21:40,779 DEBUG    root            Loaded Command Group: ['gcloud', 'compute']
2021-01-19 17:21:40,785 DEBUG    root            Loaded Command Group: ['gcloud', 'bigtable']
2021-01-19 17:21:40,787 DEBUG    root            Loaded Command Group: ['gcloud', 'dns']
2021-01-19 17:21:40,790 DEBUG    root            Loaded Command Group: ['gcloud', 'logging']
2021-01-19 17:21:40,793 DEBUG    root            No implementation for release track [GA] for element: [/usr/lib64/google-cloud-sdk/lib/surface/recaptcha]
2021-01-19 17:21:40,795 DEBUG    root            No implementation for release track [GA] for element: [/usr/lib64/google-cloud-sdk/lib/surface/code]
2021-01-19 17:21:40,795 DEBUG    root            No implementation for release track [GA] for element: [/usr/lib64/google-cloud-sdk/lib/surface/certificate_manager]
2021-01-19 17:21:40,796 DEBUG    root            Loaded Command Group: ['gcloud', 'spanner']
2021-01-19 17:21:40,803 DEBUG    root            Loaded Command Group: ['gcloud', 'config']
2021-01-19 17:21:40,806 DEBUG    root            No implementation for release track [GA] for element: [/usr/lib64/google-cloud-sdk/lib/surface/web_security_scanner]
2021-01-19 17:21:40,927 DEBUG    root            No implementation for release track [GA] for element: [/usr/lib64/google-cloud-sdk/lib/surface/interactive]
2021-01-19 17:21:40,927 DEBUG    root            Loaded Command Group: ['gcloud', 'iam']
2021-01-19 17:21:40,936 DEBUG    root            Loaded Command Group: ['gcloud', 'workspace_add_ons']
2021-01-19 17:21:40,943 DEBUG    root            Loaded Command Group: ['gcloud', 'survey']
2021-01-19 17:21:40,946 DEBUG    root            No implementation for release track [GA] for element: [/usr/lib64/google-cloud-sdk/lib/surface/workflows]
2021-01-19 17:21:40,947 DEBUG    root            No implementation for release track [GA] for element: [/usr/lib64/google-cloud-sdk/lib/surface/transcoder]
2021-01-19 17:21:40,947 DEBUG    root            Loaded Command Group: ['gcloud', 'auth']
2021-01-19 17:21:40,951 DEBUG    root            Loaded Command Group: ['gcloud', 'organizations']
2021-01-19 17:21:40,953 DEBUG    root            No implementation for release track [GA] for element: [/usr/lib64/google-cloud-sdk/lib/surface/bq]
2021-01-19 17:21:40,953 DEBUG    root            Loaded Command Group: ['gcloud', 'filestore']
2021-01-19 17:21:40,956 DEBUG    root            Loaded Command Group: ['gcloud', 'ml_engine']
2021-01-19 17:21:40,960 DEBUG    root            Loaded Command Group: ['gcloud', 'meta']
2021-01-19 17:21:40,963 DEBUG    root            No implementation for release track [GA] for element: [/usr/lib64/google-cloud-sdk/lib/surface/admin_service_cluster]
2021-01-19 17:21:40,964 DEBUG    root            Loaded Command Group: ['gcloud', 'topic']
2021-01-19 17:21:40,969 DEBUG    root            Loaded Command Group: ['gcloud', 'pubsub']
2021-01-19 17:21:40,972 DEBUG    root            No implementation for release track [GA] for element: [/usr/lib64/google-cloud-sdk/lib/surface/runtime_config]
2021-01-19 17:21:40,973 DEBUG    root            Loaded Command Group: ['gcloud', 'active_directory']
2021-01-19 17:21:40,975 DEBUG    root            Loaded Command Group: ['gcloud', 'firestore']
2021-01-19 17:21:40,978 DEBUG    root            Loaded Command Group: ['gcloud', 'dataflow']
2021-01-19 17:21:40,982 DEBUG    root            Loaded Command Group: ['gcloud', 'dataproc']
2021-01-19 17:21:40,985 DEBUG    root            Loaded Command Group: ['gcloud', 'ml']
2021-01-19 17:21:40,988 DEBUG    root            Loaded Command Group: ['gcloud', 'anthos']
2021-01-19 17:21:40,998 DEBUG    root            Loaded Command Group: ['gcloud', 'init']
2021-01-19 17:21:41,003 DEBUG    root            No implementation for release track [GA] for element: [/usr/lib64/google-cloud-sdk/lib/surface/notebooks]
2021-01-19 17:21:41,003 DEBUG    root            No implementation for release track [GA] for element: [/usr/lib64/google-cloud-sdk/lib/surface/data_fusion]
2021-01-19 17:21:41,004 DEBUG    root            Loaded Command Group: ['gcloud', 'recommender']
2021-01-19 17:21:41,006 DEBUG    root            No implementation for release track [GA] for element: [/usr/lib64/google-cloud-sdk/lib/surface/error_reporting]
2021-01-19 17:21:41,007 DEBUG    root            No implementation for release track [GA] for element: [/usr/lib64/google-cloud-sdk/lib/surface/org_policies]
2021-01-19 17:21:41,007 DEBUG    root            Loaded Command Group: ['gcloud', 'iot']
2021-01-19 17:21:41,010 DEBUG    root            No implementation for release track [GA] for element: [/usr/lib64/google-cloud-sdk/lib/surface/memcache]
2021-01-19 17:21:41,010 DEBUG    root            No implementation for release track [GA] for element: [/usr/lib64/google-cloud-sdk/lib/surface/assured]
2021-01-19 17:21:41,011 DEBUG    root            Loaded Command Group: ['gcloud', 'scheduler']
2021-01-19 17:21:41,016 DEBUG    root            Loaded Command Group: ['gcloud', 'cheat_sheet']
2021-01-19 17:21:41,023 DEBUG    root            Loaded Command Group: ['gcloud', 'docker']
2021-01-19 17:21:41,027 DEBUG    root            Loaded Command Group: ['gcloud', 'info']
2021-01-19 17:21:41,030 DEBUG    root            No implementation for release track [GA] for element: [/usr/lib64/google-cloud-sdk/lib/surface/api_gateway]
2021-01-19 17:21:41,031 DEBUG    root            Loaded Command Group: ['gcloud', 'version']
2021-01-19 17:21:41,035 DEBUG    root            Loaded Command Group: ['gcloud', 'cloud_shell']
2021-01-19 17:21:41,038 DEBUG    root            No implementation for release track [GA] for element: [/usr/lib64/google-cloud-sdk/lib/surface/remote_build_execution]
2021-01-19 17:21:41,038 DEBUG    root            No implementation for release track [GA] for element: [/usr/lib64/google-cloud-sdk/lib/surface/network_connectivity]
2021-01-19 17:21:41,039 DEBUG    root            No implementation for release track [GA] for element: [/usr/lib64/google-cloud-sdk/lib/surface/commerce_procurement]
2021-01-19 17:21:41,039 DEBUG    root            Loaded Command Group: ['gcloud', 'redis']
2021-01-19 17:21:41,041 DEBUG    root            No implementation for release track [GA] for element: [/usr/lib64/google-cloud-sdk/lib/surface/dlp]
2021-01-19 17:21:41,042 DEBUG    root            Loaded Command Group: ['gcloud', 'game']
2021-01-19 17:21:41,044 DEBUG    root            Loaded Command Group: ['gcloud', 'artifacts']
2021-01-19 17:21:41,048 DEBUG    root            Loaded Command Group: ['gcloud', 'composer']
2021-01-19 17:21:41,052 DEBUG    root            No implementation for release track [GA] for element: [/usr/lib64/google-cloud-sdk/lib/surface/lifesciences]
2021-01-19 17:21:41,086 DEBUG    root            No implementation for release track [GA] for element: [/usr/lib64/google-cloud-sdk/lib/surface/events]
2021-01-19 17:21:41,087 DEBUG    root            Loaded Command Group: ['gcloud', 'debug']
2021-01-19 17:21:41,090 DEBUG    root            Loaded Command Group: ['gcloud', 'scc']
2021-01-19 17:21:41,092 DEBUG    root            Loaded Command Group: ['gcloud', 'firebase']
