2021-01-19 17:31:04,952 DEBUG    root            Loaded Command Group: ['gcloud', 'compute']
2021-01-19 17:31:04,957 DEBUG    root            Loaded Command Group: ['gcloud', 'compute', 'ssl_certificates']
2021-01-19 17:31:04,959 DEBUG    root            No implementation for release track [GA] for element: [/usr/lib64/google-cloud-sdk/lib/surface/compute/instant_snapshots]
2021-01-19 17:31:04,960 DEBUG    root            Loaded Command Group: ['gcloud', 'compute', 'commitments']
2021-01-19 17:31:04,962 DEBUG    root            Loaded Command Group: ['gcloud', 'compute', 'security_policies']
2021-01-19 17:31:04,964 DEBUG    root            Loaded Command Group: ['gcloud', 'compute', 'shared_vpc']
2021-01-19 17:31:04,966 DEBUG    root            Loaded Command Group: ['gcloud', 'compute', 'target_ssl_proxies']
2021-01-19 17:31:04,968 DEBUG    root            Loaded Command Group: ['gcloud', 'compute', 'target_http_proxies']
2021-01-19 17:31:04,970 DEBUG    root            Loaded Command Group: ['gcloud', 'compute', 'vpn_gateways']
2021-01-19 17:31:04,972 DEBUG    root            Loaded Command Group: ['gcloud', 'compute', 'reservations']
2021-01-19 17:31:04,974 DEBUG    root            Loaded Command Group: ['gcloud', 'compute', 'diagnose']
2021-01-19 17:31:04,977 DEBUG    root            No implementation for release track [GA] for element: [/usr/lib64/google-cloud-sdk/lib/surface/compute/public_advertised_prefixes]
2021-01-19 17:31:05,004 DEBUG    root            Loaded Command Group: ['gcloud', 'compute', 'start_iap_tunnel']
2021-01-19 17:31:05,006 DEBUG    root            Loaded Command Group: ['gcloud', 'compute', 'target_grpc_proxies']
2021-01-19 17:31:05,009 DEBUG    root            No implementation for release track [GA] for element: [/usr/lib64/google-cloud-sdk/lib/surface/compute/org_security_policies]
2021-01-19 17:31:05,009 DEBUG    root            Loaded Command Group: ['gcloud', 'compute', 'target_instances']
2021-01-19 17:31:05,011 DEBUG    root            Loaded Command Group: ['gcloud', 'compute', 'backend_buckets']
2021-01-19 17:31:05,013 DEBUG    root            Loaded Command Group: ['gcloud', 'compute', 'url_maps']
2021-01-19 17:31:05,016 DEBUG    root            Loaded Command Group: ['gcloud', 'compute', 'disks']
2021-01-19 17:31:05,019 DEBUG    root            Loaded Command Group: ['gcloud', 'compute', 'ssh']
2021-01-19 17:31:05,023 DEBUG    root            Loaded Command Group: ['gcloud', 'compute', 'external_vpn_gateways']
2021-01-19 17:31:05,026 DEBUG    root            Loaded Command Group: ['gcloud', 'compute', 'tpus']
2021-01-19 17:31:05,028 DEBUG    root            Loaded Command Group: ['gcloud', 'compute', 'ssl_policies']
2021-01-19 17:31:05,031 DEBUG    root            Loaded Command Group: ['gcloud', 'compute', 'machine_types']
2021-01-19 17:31:05,033 DEBUG    root            Loaded Command Group: ['gcloud', 'compute', 'accelerator_types']
2021-01-19 17:31:05,035 DEBUG    root            Loaded Command Group: ['gcloud', 'compute', 'disk_types']
2021-01-19 17:31:05,038 DEBUG    root            Loaded Command Group: ['gcloud', 'compute', 'os_login']
2021-01-19 17:31:05,040 DEBUG    root            Loaded Command Group: ['gcloud', 'compute', 'routers']
2021-01-19 17:31:05,043 DEBUG    root            Loaded Command Group: ['gcloud', 'compute', 'target_vpn_gateways']
2021-01-19 17:31:05,046 DEBUG    root            Loaded Command Group: ['gcloud', 'compute', 'packet_mirrorings']
2021-01-19 17:31:05,049 DEBUG    root            No implementation for release track [GA] for element: [/usr/lib64/google-cloud-sdk/lib/surface/compute/service_attachments]
2021-01-19 17:31:05,049 DEBUG    root            Loaded Command Group: ['gcloud', 'compute', 'instance_templates']
2021-01-19 17:31:05,052 DEBUG    root            Loaded Command Group: ['gcloud', 'compute', 'target_tcp_proxies']
2021-01-19 17:31:05,055 DEBUG    root            Loaded Command Group: ['gcloud', 'compute', 'networks']
2021-01-19 17:31:05,057 DEBUG    root            Loaded Command Group: ['gcloud', 'compute', 'backend_services']
2021-01-19 17:31:05,060 DEBUG    root            Loaded Command Group: ['gcloud', 'compute', 'http_health_checks']
2021-01-19 17:31:05,062 DEBUG    root            Loaded Command Group: ['gcloud', 'compute', 'instances']
2021-01-19 17:31:05,067 DEBUG    root            Loaded Command Group: ['gcloud', 'compute', 'snapshots']
2021-01-19 17:31:05,069 DEBUG    root            Loaded Command Group: ['gcloud', 'compute', 'sole_tenancy']
2021-01-19 17:31:05,073 DEBUG    root            Loaded Command Group: ['gcloud', 'compute', 'copy_files']
2021-01-19 17:31:05,078 DEBUG    root            Loaded Command Group: ['gcloud', 'compute', 'scp']
2021-01-19 17:31:05,082 DEBUG    root            Loaded Command Group: ['gcloud', 'compute', 'zones']
2021-01-19 17:31:05,084 DEBUG    root            Loaded Command Group: ['gcloud', 'compute', 'addresses']
2021-01-19 17:31:05,086 DEBUG    root            Loaded Command Group: ['gcloud', 'compute', 'project_info']
2021-01-19 17:31:05,089 DEBUG    root            Loaded Command Group: ['gcloud', 'compute', 'forwarding_rules']
2021-01-19 17:31:05,091 DEBUG    root            Loaded Command Group: ['gcloud', 'compute', 'target_https_proxies']
2021-01-19 17:31:05,094 DEBUG    root            Loaded Command Group: ['gcloud', 'compute', 'https_health_checks']
2021-01-19 17:31:05,096 DEBUG    root            Loaded Command Group: ['gcloud', 'compute', 'connect_to_serial_port']
2021-01-19 17:31:05,109 DEBUG    root            Loaded Command Group: ['gcloud', 'compute', 'config_ssh']
2021-01-19 17:31:05,111 DEBUG    root            Loaded Command Group: ['gcloud', 'compute', 'resource_policies']
2021-01-19 17:31:05,113 DEBUG    root            Loaded Command Group: ['gcloud', 'compute', 'firewall_rules']
2021-01-19 17:31:05,115 DEBUG    root            Loaded Command Group: ['gcloud', 'compute', 'operations']
2021-01-19 17:31:05,117 DEBUG    root            Loaded Command Group: ['gcloud', 'compute', 'network_endpoint_groups']
2021-01-19 17:31:05,120 DEBUG    root            No implementation for release track [GA] for element: [/usr/lib64/google-cloud-sdk/lib/surface/compute/public_delegated_prefixes]
2021-01-19 17:31:05,120 DEBUG    root            Loaded Command Group: ['gcloud', 'compute', 'target_pools']
2021-01-19 17:31:05,123 DEBUG    root            Loaded Command Group: ['gcloud', 'compute', 'sign_url']
2021-01-19 17:31:05,125 DEBUG    root            Loaded Command Group: ['gcloud', 'compute', 'interconnects']
2021-01-19 17:31:05,127 DEBUG    root            Loaded Command Group: ['gcloud', 'compute', 'regions']
2021-01-19 17:31:05,129 DEBUG    root            Loaded Command Group: ['gcloud', 'compute', 'vpn_tunnels']
2021-01-19 17:31:05,131 DEBUG    root            No implementation for release track [GA] for element: [/usr/lib64/google-cloud-sdk/lib/surface/compute/machine_images]
2021-01-19 17:31:05,132 DEBUG    root            Loaded Command Group: ['gcloud', 'compute', 'routes']
2021-01-19 17:31:05,134 DEBUG    root            Loaded Command Group: ['gcloud', 'compute', 'instance_groups']
2021-01-19 17:31:05,138 DEBUG    root            Loaded Command Group: ['gcloud', 'compute', 'reset_windows_password']
2021-01-19 17:31:05,140 DEBUG    root            Loaded Command Group: ['gcloud', 'compute', 'os_config']
2021-01-19 17:31:05,142 DEBUG    root            Loaded Command Group: ['gcloud', 'compute', 'images']
2021-01-19 17:31:05,145 DEBUG    root            Loaded Command Group: ['gcloud', 'compute', 'health_checks']
2021-01-19 17:31:05,147 DEBUG    root            Loaded Command Group: ['gcloud', 'alpha', 'compute']
2021-01-19 17:31:05,152 DEBUG    root            Loaded Command Group: ['gcloud', 'beta', 'compute']
2021-01-19 17:31:05,158 ERROR    root            (gcloud.compute) Invalid choice: 'Info'.
