2021-01-19 17:36:56,150 DEBUG    root            Loaded Command Group: ['gcloud', 'compute']
2021-01-19 17:36:56,155 DEBUG    root            Loaded Command Group: ['gcloud', 'compute', 'instances']
2021-01-19 17:36:56,161 ERROR    root            (gcloud.compute.instances) Command name argument expected.
2021-01-19 17:36:56,163 DEBUG    root            No implementation for release track [GA] for element: [/usr/lib64/google-cloud-sdk/lib/surface/compute/instances/config]
2021-01-19 17:36:56,179 DEBUG    root            Loaded Command Group: ['gcloud', 'compute', 'instances', 'add_resource_policies']
2021-01-19 17:36:56,183 DEBUG    root            Loaded Command Group: ['gcloud', 'compute', 'instances', 'simulate_maintenance_event']
2021-01-19 17:36:56,187 DEBUG    root            Loaded Command Group: ['gcloud', 'compute', 'instances', 'attach_disk']
2021-01-19 17:36:56,191 DEBUG    root            Loaded Command Group: ['gcloud', 'compute', 'instances', 'set_machine_type']
2021-01-19 17:36:56,217 DEBUG    root            Loaded Command Group: ['gcloud', 'compute', 'instances', 'update_from_file']
2021-01-19 17:36:56,220 DEBUG    root            No implementation for release track [GA] for element: [/usr/lib64/google-cloud-sdk/lib/surface/compute/instances/ops_agents]
2021-01-19 17:36:56,221 DEBUG    root            Loaded Command Group: ['gcloud', 'compute', 'instances', 'reset']
2021-01-19 17:36:56,225 DEBUG    root            Loaded Command Group: ['gcloud', 'compute', 'instances', 'stop']
2021-01-19 17:36:56,590 DEBUG    root            Loaded Command Group: ['gcloud', 'compute', 'instances', 'get_iam_policy']
2021-01-19 17:36:56,611 DEBUG    root            Loaded Command Group: ['gcloud', 'compute', 'instances', 'list']
2021-01-19 17:36:56,615 DEBUG    root            No implementation for release track [GA] for element: [/usr/lib64/google-cloud-sdk/lib/surface/compute/instances/set_name]
2021-01-19 17:36:56,618 DEBUG    root            Loaded Command Group: ['gcloud', 'compute', 'instances', 'set_service_account']
2021-01-19 17:36:56,622 DEBUG    root            No implementation for release track [GA] for element: [/usr/lib64/google-cloud-sdk/lib/surface/compute/instances/set_scopes]
2021-01-19 17:36:56,624 DEBUG    root            Loaded Command Group: ['gcloud', 'compute', 'instances', 'update_container']
2021-01-19 17:36:56,629 DEBUG    root            Loaded Command Group: ['gcloud', 'compute', 'instances', 'add_tags']
2021-01-19 17:36:56,695 DEBUG    root            Loaded Command Group: ['gcloud', 'compute', 'instances', 'set_iam_policy']
2021-01-19 17:36:56,713 DEBUG    root            Loaded Command Group: ['gcloud', 'compute', 'instances', 'get_serial_port_output']
2021-01-19 17:36:56,771 DEBUG    root            Loaded Command Group: ['gcloud', 'compute', 'instances', 'add_iam_policy_binding']
2021-01-19 17:36:56,821 DEBUG    root            Loaded Command Group: ['gcloud', 'compute', 'instances', 'move']
2021-01-19 17:36:56,825 DEBUG    root            Loaded Command Group: ['gcloud', 'compute', 'instances', 'add_metadata']
2021-01-19 17:36:56,830 DEBUG    root            Loaded Command Group: ['gcloud', 'compute', 'instances', 'set_scheduling']
2021-01-19 17:36:56,834 DEBUG    root            Loaded Command Group: ['gcloud', 'compute', 'instances', 'update_access_config']
2021-01-19 17:36:56,838 DEBUG    root            Loaded Command Group: ['gcloud', 'compute', 'instances', 'describe']
2021-01-19 17:36:56,847 DEBUG    root            Loaded Command Group: ['gcloud', 'compute', 'instances', 'start']
2021-01-19 17:36:56,850 DEBUG    root            Loaded Command Group: ['gcloud', 'compute', 'instances', 'remove_tags']
2021-01-19 17:36:56,854 DEBUG    root            Loaded Command Group: ['gcloud', 'compute', 'instances', 'delete_access_config']
2021-01-19 17:36:56,857 DEBUG    root            Loaded Command Group: ['gcloud', 'compute', 'instances', 'tail_serial_port_output']
2021-01-19 17:36:56,860 DEBUG    root            Loaded Command Group: ['gcloud', 'compute', 'instances', 'os_inventory']
2021-01-19 17:36:56,862 DEBUG    root            No implementation for release track [GA] for element: [/usr/lib64/google-cloud-sdk/lib/surface/compute/instances/vulnerabilities]
2021-01-19 17:36:56,905 DEBUG    root            Loaded Command Group: ['gcloud', 'compute', 'instances', 'export']
2021-01-19 17:36:56,923 DEBUG    root            Loaded Command Group: ['gcloud', 'compute', 'instances', 'remove_labels']
2021-01-19 17:36:56,927 DEBUG    root            Loaded Command Group: ['gcloud', 'compute', 'instances', 'add_labels']
2021-01-19 17:36:56,931 DEBUG    root            Loaded Command Group: ['gcloud', 'compute', 'instances', 'delete']
2021-01-19 17:36:56,985 DEBUG    root            Loaded Command Group: ['gcloud', 'compute', 'instances', 'remove_iam_policy_binding']
2021-01-19 17:36:57,002 DEBUG    root            Loaded Command Group: ['gcloud', 'compute', 'instances', 'get_shielded_identity']
2021-01-19 17:36:57,006 DEBUG    root            No implementation for release track [GA] for element: [/usr/lib64/google-cloud-sdk/lib/surface/compute/instances/resume]
2021-01-19 17:36:57,008 DEBUG    root            Loaded Command Group: ['gcloud', 'compute', 'instances', 'add_access_config']
2021-01-19 17:36:57,063 DEBUG    root            Loaded Command Group: ['gcloud', 'compute', 'instances', 'get_guest_attributes']
2021-01-19 17:36:57,081 DEBUG    root            Loaded Command Group: ['gcloud', 'compute', 'instances', 'set_disk_auto_delete']
2021-01-19 17:36:57,085 DEBUG    root            Loaded Command Group: ['gcloud', 'compute', 'instances', 'get_screenshot']
2021-01-19 17:36:57,089 DEBUG    root            Loaded Command Group: ['gcloud', 'compute', 'instances', 'detach_disk']
2021-01-19 17:36:57,094 DEBUG    root            Loaded Command Group: ['gcloud', 'compute', 'instances', 'update']
2021-01-19 17:36:57,105 DEBUG    root            Loaded Command Group: ['gcloud', 'compute', 'instances', 'create']
2021-01-19 17:36:57,167 DEBUG    root            Loaded Command Group: ['gcloud', 'compute', 'instances', 'remove_metadata']
2021-01-19 17:36:57,172 DEBUG    root            No implementation for release track [GA] for element: [/usr/lib64/google-cloud-sdk/lib/surface/compute/instances/suspend]
2021-01-19 17:36:57,173 DEBUG    root            No implementation for release track [GA] for element: [/usr/lib64/google-cloud-sdk/lib/surface/compute/instances/bulk]
2021-01-19 17:36:57,176 DEBUG    root            Loaded Command Group: ['gcloud', 'compute', 'instances', 'create_with_container']
2021-01-19 17:36:57,184 DEBUG    root            Loaded Command Group: ['gcloud', 'compute', 'instances', 'network_interfaces']
2021-01-19 17:36:57,187 DEBUG    root            No implementation for release track [GA] for element: [/usr/lib64/google-cloud-sdk/lib/surface/compute/instances/remove_resource_policies]
2021-01-19 17:36:57,234 DEBUG    root            Loaded Command Group: ['gcloud', 'compute', 'instances', 'import']
2021-01-19 17:36:57,240 DEBUG    root            No implementation for release track [GA] for element: [/usr/lib64/google-cloud-sdk/lib/surface/compute/instances/set_min_cpu_platform]
