2021-01-19 17:30:52,622 DEBUG    root            Loaded Command Group: ['gcloud', 'compute']
2021-01-19 17:30:52,629 ERROR    root            (gcloud.compute) Command name argument expected.
2021-01-19 17:30:52,630 DEBUG    root            Loaded Command Group: ['gcloud', 'compute', 'backend_buckets']
2021-01-19 17:30:52,633 DEBUG    root            Loaded Command Group: ['gcloud', 'compute', 'backend_services']
2021-01-19 17:30:52,636 DEBUG    root            Loaded Command Group: ['gcloud', 'compute', 'sign_url']
2021-01-19 17:30:52,638 DEBUG    root            Loaded Command Group: ['gcloud', 'compute', 'instance_groups']
2021-01-19 17:30:52,640 DEBUG    root            Loaded Command Group: ['gcloud', 'compute', 'machine_types']
2021-01-19 17:30:52,642 DEBUG    root            Loaded Command Group: ['gcloud', 'compute', 'interconnects']
2021-01-19 17:30:52,644 DEBUG    root            Loaded Command Group: ['gcloud', 'compute', 'snapshots']
2021-01-19 17:30:52,646 DEBUG    root            Loaded Command Group: ['gcloud', 'compute', 'target_instances']
2021-01-19 17:30:52,648 DEBUG    root            Loaded Command Group: ['gcloud', 'compute', 'packet_mirrorings']
2021-01-19 17:30:52,677 DEBUG    root            Loaded Command Group: ['gcloud', 'compute', 'ssh']
2021-01-19 17:30:52,681 DEBUG    root            Loaded Command Group: ['gcloud', 'compute', 'target_http_proxies']
2021-01-19 17:30:52,683 DEBUG    root            Loaded Command Group: ['gcloud', 'compute', 'http_health_checks']
2021-01-19 17:30:52,685 DEBUG    root            Loaded Command Group: ['gcloud', 'compute', 'external_vpn_gateways']
2021-01-19 17:30:52,687 DEBUG    root            No implementation for release track [GA] for element: [/usr/lib64/google-cloud-sdk/lib/surface/compute/instant_snapshots]
2021-01-19 17:30:52,688 DEBUG    root            Loaded Command Group: ['gcloud', 'compute', 'disks']
2021-01-19 17:30:52,690 DEBUG    root            Loaded Command Group: ['gcloud', 'compute', 'network_endpoint_groups']
2021-01-19 17:30:52,692 DEBUG    root            Loaded Command Group: ['gcloud', 'compute', 'accelerator_types']
2021-01-19 17:30:52,694 DEBUG    root            Loaded Command Group: ['gcloud', 'compute', 'routes']
2021-01-19 17:30:52,698 DEBUG    root            Loaded Command Group: ['gcloud', 'compute', 'reset_windows_password']
2021-01-19 17:30:52,700 DEBUG    root            Loaded Command Group: ['gcloud', 'compute', 'https_health_checks']
2021-01-19 17:30:52,702 DEBUG    root            No implementation for release track [GA] for element: [/usr/lib64/google-cloud-sdk/lib/surface/compute/org_security_policies]
2021-01-19 17:30:52,703 DEBUG    root            Loaded Command Group: ['gcloud', 'compute', 'reservations']
2021-01-19 17:30:52,705 DEBUG    root            Loaded Command Group: ['gcloud', 'compute', 'shared_vpc']
2021-01-19 17:30:52,707 DEBUG    root            Loaded Command Group: ['gcloud', 'compute', 'target_tcp_proxies']
2021-01-19 17:30:52,709 DEBUG    root            Loaded Command Group: ['gcloud', 'compute', 'ssl_policies']
2021-01-19 17:30:52,711 DEBUG    root            Loaded Command Group: ['gcloud', 'compute', 'addresses']
2021-01-19 17:30:52,714 DEBUG    root            Loaded Command Group: ['gcloud', 'compute', 'target_grpc_proxies']
2021-01-19 17:30:52,717 DEBUG    root            Loaded Command Group: ['gcloud', 'compute', 'copy_files']
2021-01-19 17:30:52,722 DEBUG    root            No implementation for release track [GA] for element: [/usr/lib64/google-cloud-sdk/lib/surface/compute/service_attachments]
2021-01-19 17:30:52,722 DEBUG    root            Loaded Command Group: ['gcloud', 'compute', 'vpn_tunnels']
2021-01-19 17:30:52,724 DEBUG    root            Loaded Command Group: ['gcloud', 'compute', 'images']
2021-01-19 17:30:52,727 DEBUG    root            No implementation for release track [GA] for element: [/usr/lib64/google-cloud-sdk/lib/surface/compute/machine_images]
2021-01-19 17:30:52,736 DEBUG    root            Loaded Command Group: ['gcloud', 'compute', 'config_ssh']
2021-01-19 17:30:52,739 DEBUG    root            Loaded Command Group: ['gcloud', 'compute', 'health_checks']
2021-01-19 17:30:52,740 DEBUG    root            Loaded Command Group: ['gcloud', 'compute', 'tpus']
2021-01-19 17:30:52,741 DEBUG    root            Loaded Command Group: ['gcloud', 'compute', 'sole_tenancy']
2021-01-19 17:30:52,742 DEBUG    root            Loaded Command Group: ['gcloud', 'compute', 'url_maps']
2021-01-19 17:30:52,743 DEBUG    root            Loaded Command Group: ['gcloud', 'compute', 'zones']
2021-01-19 17:30:52,745 DEBUG    root            Loaded Command Group: ['gcloud', 'compute', 'scp']
2021-01-19 17:30:52,747 DEBUG    root            Loaded Command Group: ['gcloud', 'compute', 'firewall_rules']
2021-01-19 17:30:52,748 DEBUG    root            Loaded Command Group: ['gcloud', 'compute', 'os_login']
2021-01-19 17:30:52,749 DEBUG    root            Loaded Command Group: ['gcloud', 'compute', 'target_vpn_gateways']
2021-01-19 17:30:52,750 DEBUG    root            Loaded Command Group: ['gcloud', 'compute', 'target_ssl_proxies']
2021-01-19 17:30:52,751 DEBUG    root            Loaded Command Group: ['gcloud', 'compute', 'project_info']
2021-01-19 17:30:52,752 DEBUG    root            Loaded Command Group: ['gcloud', 'compute', 'resource_policies']
2021-01-19 17:30:52,754 DEBUG    root            Loaded Command Group: ['gcloud', 'compute', 'ssl_certificates']
2021-01-19 17:30:52,756 DEBUG    root            Loaded Command Group: ['gcloud', 'compute', 'target_https_proxies']
2021-01-19 17:30:52,758 DEBUG    root            Loaded Command Group: ['gcloud', 'compute', 'commitments']
2021-01-19 17:30:52,760 DEBUG    root            No implementation for release track [GA] for element: [/usr/lib64/google-cloud-sdk/lib/surface/compute/public_delegated_prefixes]
2021-01-19 17:30:52,760 DEBUG    root            Loaded Command Group: ['gcloud', 'compute', 'target_pools']
2021-01-19 17:30:52,763 DEBUG    root            Loaded Command Group: ['gcloud', 'compute', 'forwarding_rules']
2021-01-19 17:30:52,765 DEBUG    root            Loaded Command Group: ['gcloud', 'compute', 'instances']
2021-01-19 17:30:52,768 DEBUG    root            Loaded Command Group: ['gcloud', 'compute', 'vpn_gateways']
2021-01-19 17:30:52,770 DEBUG    root            Loaded Command Group: ['gcloud', 'compute', 'diagnose']
2021-01-19 17:30:52,772 DEBUG    root            Loaded Command Group: ['gcloud', 'compute', 'os_config']
2021-01-19 17:30:52,775 DEBUG    root            Loaded Command Group: ['gcloud', 'compute', 'connect_to_serial_port']
2021-01-19 17:30:52,778 DEBUG    root            Loaded Command Group: ['gcloud', 'compute', 'networks']
2021-01-19 17:30:52,780 DEBUG    root            Loaded Command Group: ['gcloud', 'compute', 'security_policies']
2021-01-19 17:30:52,782 DEBUG    root            Loaded Command Group: ['gcloud', 'compute', 'instance_templates']
2021-01-19 17:30:52,784 DEBUG    root            No implementation for release track [GA] for element: [/usr/lib64/google-cloud-sdk/lib/surface/compute/public_advertised_prefixes]
2021-01-19 17:30:52,785 DEBUG    root            Loaded Command Group: ['gcloud', 'compute', 'disk_types']
2021-01-19 17:30:52,787 DEBUG    root            Loaded Command Group: ['gcloud', 'compute', 'regions']
2021-01-19 17:30:52,790 DEBUG    root            Loaded Command Group: ['gcloud', 'compute', 'start_iap_tunnel']
2021-01-19 17:30:52,792 DEBUG    root            Loaded Command Group: ['gcloud', 'compute', 'operations']
2021-01-19 17:30:52,794 DEBUG    root            Loaded Command Group: ['gcloud', 'compute', 'routers']
