2021-01-19 17:36:05,827 DEBUG    root            Loaded Command Group: ['gcloud', 'compute']
2021-01-19 17:36:05,831 DEBUG    root            Loaded Command Group: ['gcloud', 'compute', 'networks']
2021-01-19 17:36:05,834 DEBUG    root            Loaded Command Group: ['gcloud', 'compute', 'project_info']
2021-01-19 17:36:05,835 DEBUG    root            Loaded Command Group: ['gcloud', 'compute', 'routers']
2021-01-19 17:36:05,865 DEBUG    root            Loaded Command Group: ['gcloud', 'compute', 'scp']
2021-01-19 17:36:05,870 DEBUG    root            Loaded Command Group: ['gcloud', 'compute', 'ssl_certificates']
2021-01-19 17:36:05,872 DEBUG    root            Loaded Command Group: ['gcloud', 'compute', 'accelerator_types']
2021-01-19 17:36:05,874 DEBUG    root            Loaded Command Group: ['gcloud', 'compute', 'interconnects']
2021-01-19 17:36:05,876 DEBUG    root            Loaded Command Group: ['gcloud', 'compute', 'sole_tenancy']
2021-01-19 17:36:05,878 DEBUG    root            Loaded Command Group: ['gcloud', 'compute', 'target_ssl_proxies']
2021-01-19 17:36:05,880 DEBUG    root            Loaded Command Group: ['gcloud', 'compute', 'http_health_checks']
2021-01-19 17:36:05,882 DEBUG    root            Loaded Command Group: ['gcloud', 'compute', 'target_tcp_proxies']
2021-01-19 17:36:05,885 DEBUG    root            Loaded Command Group: ['gcloud', 'compute', 'images']
2021-01-19 17:36:05,887 DEBUG    root            Loaded Command Group: ['gcloud', 'compute', 'tpus']
2021-01-19 17:36:05,889 DEBUG    root            Loaded Command Group: ['gcloud', 'compute', 'vpn_tunnels']
2021-01-19 17:36:05,891 DEBUG    root            Loaded Command Group: ['gcloud', 'compute', 'backend_services']
2021-01-19 17:36:05,894 DEBUG    root            Loaded Command Group: ['gcloud', 'compute', 'target_grpc_proxies']
2021-01-19 17:36:05,896 DEBUG    root            Loaded Command Group: ['gcloud', 'compute', 'external_vpn_gateways']
2021-01-19 17:36:05,897 DEBUG    root            Loaded Command Group: ['gcloud', 'compute', 'url_maps']
2021-01-19 17:36:05,899 DEBUG    root            Loaded Command Group: ['gcloud', 'compute', 'packet_mirrorings']
2021-01-19 17:36:05,901 DEBUG    root            Loaded Command Group: ['gcloud', 'compute', 'firewall_rules']
2021-01-19 17:36:05,903 DEBUG    root            Loaded Command Group: ['gcloud', 'compute', 'https_health_checks']
2021-01-19 17:36:05,905 DEBUG    root            No implementation for release track [GA] for element: [/usr/lib64/google-cloud-sdk/lib/surface/compute/instant_snapshots]
2021-01-19 17:36:05,905 DEBUG    root            Loaded Command Group: ['gcloud', 'compute', 'backend_buckets']
2021-01-19 17:36:05,908 DEBUG    root            No implementation for release track [GA] for element: [/usr/lib64/google-cloud-sdk/lib/surface/compute/public_delegated_prefixes]
2021-01-19 17:36:05,908 DEBUG    root            No implementation for release track [GA] for element: [/usr/lib64/google-cloud-sdk/lib/surface/compute/service_attachments]
2021-01-19 17:36:05,909 DEBUG    root            Loaded Command Group: ['gcloud', 'compute', 'snapshots']
2021-01-19 17:36:05,911 DEBUG    root            Loaded Command Group: ['gcloud', 'compute', 'target_https_proxies']
2021-01-19 17:36:05,913 DEBUG    root            Loaded Command Group: ['gcloud', 'compute', 'resource_policies']
2021-01-19 17:36:05,915 DEBUG    root            Loaded Command Group: ['gcloud', 'compute', 'target_http_proxies']
2021-01-19 17:36:05,917 DEBUG    root            Loaded Command Group: ['gcloud', 'compute', 'instance_groups']
2021-01-19 17:36:05,920 DEBUG    root            Loaded Command Group: ['gcloud', 'compute', 'target_vpn_gateways']
2021-01-19 17:36:05,922 DEBUG    root            Loaded Command Group: ['gcloud', 'compute', 'os_login']
2021-01-19 17:36:05,924 DEBUG    root            No implementation for release track [GA] for element: [/usr/lib64/google-cloud-sdk/lib/surface/compute/public_advertised_prefixes]
2021-01-19 17:36:05,925 DEBUG    root            Loaded Command Group: ['gcloud', 'compute', 'disk_types']
2021-01-19 17:36:05,928 DEBUG    root            Loaded Command Group: ['gcloud', 'compute', 'reset_windows_password']
2021-01-19 17:36:05,930 DEBUG    root            Loaded Command Group: ['gcloud', 'compute', 'health_checks']
2021-01-19 17:36:05,932 DEBUG    root            Loaded Command Group: ['gcloud', 'compute', 'network_endpoint_groups']
2021-01-19 17:36:05,934 DEBUG    root            No implementation for release track [GA] for element: [/usr/lib64/google-cloud-sdk/lib/surface/compute/machine_images]
2021-01-19 17:36:05,935 DEBUG    root            Loaded Command Group: ['gcloud', 'compute', 'forwarding_rules']
2021-01-19 17:36:05,937 DEBUG    root            Loaded Command Group: ['gcloud', 'compute', 'routes']
2021-01-19 17:36:05,939 DEBUG    root            Loaded Command Group: ['gcloud', 'compute', 'operations']
2021-01-19 17:36:05,941 DEBUG    root            No implementation for release track [GA] for element: [/usr/lib64/google-cloud-sdk/lib/surface/compute/org_security_policies]
2021-01-19 17:36:05,941 DEBUG    root            Loaded Command Group: ['gcloud', 'compute', 'instance_templates']
2021-01-19 17:36:05,944 DEBUG    root            Loaded Command Group: ['gcloud', 'compute', 'machine_types']
2021-01-19 17:36:05,945 DEBUG    root            Loaded Command Group: ['gcloud', 'compute', 'target_pools']
2021-01-19 17:36:05,948 DEBUG    root            Loaded Command Group: ['gcloud', 'compute', 'addresses']
2021-01-19 17:36:05,961 DEBUG    root            Loaded Command Group: ['gcloud', 'compute', 'config_ssh']
2021-01-19 17:36:05,964 DEBUG    root            Loaded Command Group: ['gcloud', 'compute', 'ssh']
2021-01-19 17:36:05,968 DEBUG    root            Loaded Command Group: ['gcloud', 'compute', 'disks']
2021-01-19 17:36:05,970 DEBUG    root            Loaded Command Group: ['gcloud', 'compute', 'reservations']
2021-01-19 17:36:05,972 DEBUG    root            Loaded Command Group: ['gcloud', 'compute', 'target_instances']
2021-01-19 17:36:05,975 DEBUG    root            Loaded Command Group: ['gcloud', 'compute', 'sign_url']
2021-01-19 17:36:05,977 DEBUG    root            Loaded Command Group: ['gcloud', 'compute', 'start_iap_tunnel']
2021-01-19 17:36:05,980 DEBUG    root            Loaded Command Group: ['gcloud', 'compute', 'ssl_policies']
2021-01-19 17:36:05,982 DEBUG    root            Loaded Command Group: ['gcloud', 'compute', 'commitments']
2021-01-19 17:36:05,985 DEBUG    root            Loaded Command Group: ['gcloud', 'compute', 'regions']
2021-01-19 17:36:05,987 DEBUG    root            Loaded Command Group: ['gcloud', 'compute', 'vpn_gateways']
2021-01-19 17:36:05,989 DEBUG    root            Loaded Command Group: ['gcloud', 'compute', 'os_config']
2021-01-19 17:36:05,991 DEBUG    root            Loaded Command Group: ['gcloud', 'compute', 'shared_vpc']
2021-01-19 17:36:05,993 DEBUG    root            Loaded Command Group: ['gcloud', 'compute', 'diagnose']
2021-01-19 17:36:05,995 DEBUG    root            Loaded Command Group: ['gcloud', 'compute', 'connect_to_serial_port']
2021-01-19 17:36:05,998 DEBUG    root            Loaded Command Group: ['gcloud', 'compute', 'security_policies']
2021-01-19 17:36:06,000 DEBUG    root            Loaded Command Group: ['gcloud', 'compute', 'instances']
2021-01-19 17:36:06,005 DEBUG    root            Loaded Command Group: ['gcloud', 'compute', 'copy_files']
2021-01-19 17:36:06,008 DEBUG    root            Loaded Command Group: ['gcloud', 'compute', 'zones']
2021-01-19 17:36:06,011 DEBUG    root            Loaded Command Group: ['gcloud', 'alpha', 'compute']
2021-01-19 17:36:06,015 DEBUG    root            Loaded Command Group: ['gcloud', 'beta', 'compute']
2021-01-19 17:36:06,022 ERROR    root            (gcloud.compute) Invalid choice: 'info'.
