2021-01-19 17:30:25,912 DEBUG    root            Loaded Command Group: ['gcloud', 'compute']
2021-01-19 17:30:25,916 DEBUG    root            Loaded Command Group: ['gcloud', 'compute', 'firewall_rules']
2021-01-19 17:30:25,919 DEBUG    root            Loaded Command Group: ['gcloud', 'compute', 'project_info']
2021-01-19 17:30:25,921 DEBUG    root            Loaded Command Group: ['gcloud', 'compute', 'resource_policies']
2021-01-19 17:30:25,951 DEBUG    root            Loaded Command Group: ['gcloud', 'compute', 'start_iap_tunnel']
2021-01-19 17:30:25,953 DEBUG    root            Loaded Command Group: ['gcloud', 'compute', 'routers']
2021-01-19 17:30:25,955 DEBUG    root            Loaded Command Group: ['gcloud', 'compute', 'packet_mirrorings']
2021-01-19 17:30:25,957 DEBUG    root            Loaded Command Group: ['gcloud', 'compute', 'security_policies']
2021-01-19 17:30:25,960 DEBUG    root            Loaded Command Group: ['gcloud', 'compute', 'target_http_proxies']
2021-01-19 17:30:25,962 DEBUG    root            Loaded Command Group: ['gcloud', 'compute', 'connect_to_serial_port']
2021-01-19 17:30:25,965 DEBUG    root            Loaded Command Group: ['gcloud', 'compute', 'backend_services']
2021-01-19 17:30:25,968 DEBUG    root            No implementation for release track [GA] for element: [/usr/lib64/google-cloud-sdk/lib/surface/compute/org_security_policies]
2021-01-19 17:30:25,968 DEBUG    root            Loaded Command Group: ['gcloud', 'compute', 'url_maps']
2021-01-19 17:30:25,971 DEBUG    root            Loaded Command Group: ['gcloud', 'compute', 'http_health_checks']
2021-01-19 17:30:25,973 DEBUG    root            Loaded Command Group: ['gcloud', 'compute', 'shared_vpc']
2021-01-19 17:30:25,975 DEBUG    root            No implementation for release track [GA] for element: [/usr/lib64/google-cloud-sdk/lib/surface/compute/machine_images]
2021-01-19 17:30:25,975 DEBUG    root            Loaded Command Group: ['gcloud', 'compute', 'target_ssl_proxies']
2021-01-19 17:30:25,977 DEBUG    root            No implementation for release track [GA] for element: [/usr/lib64/google-cloud-sdk/lib/surface/compute/public_advertised_prefixes]
2021-01-19 17:30:25,978 DEBUG    root            Loaded Command Group: ['gcloud', 'compute', 'sign_url']
2021-01-19 17:30:25,981 DEBUG    root            Loaded Command Group: ['gcloud', 'compute', 'instances']
2021-01-19 17:30:25,984 DEBUG    root            Loaded Command Group: ['gcloud', 'compute', 'sole_tenancy']
2021-01-19 17:30:25,986 DEBUG    root            Loaded Command Group: ['gcloud', 'compute', 'vpn_gateways']
2021-01-19 17:30:25,990 DEBUG    root            Loaded Command Group: ['gcloud', 'compute', 'reset_windows_password']
2021-01-19 17:30:25,993 DEBUG    root            Loaded Command Group: ['gcloud', 'compute', 'interconnects']
2021-01-19 17:30:25,996 DEBUG    root            Loaded Command Group: ['gcloud', 'compute', 'external_vpn_gateways']
2021-01-19 17:30:25,998 DEBUG    root            Loaded Command Group: ['gcloud', 'compute', 'reservations']
2021-01-19 17:30:26,000 DEBUG    root            Loaded Command Group: ['gcloud', 'compute', 'tpus']
2021-01-19 17:30:26,002 DEBUG    root            No implementation for release track [GA] for element: [/usr/lib64/google-cloud-sdk/lib/surface/compute/service_attachments]
2021-01-19 17:30:26,003 DEBUG    root            Loaded Command Group: ['gcloud', 'compute', 'scp']
2021-01-19 17:30:26,008 DEBUG    root            Loaded Command Group: ['gcloud', 'compute', 'ssl_certificates']
2021-01-19 17:30:26,010 DEBUG    root            Loaded Command Group: ['gcloud', 'compute', 'vpn_tunnels']
2021-01-19 17:30:26,012 DEBUG    root            Loaded Command Group: ['gcloud', 'compute', 'copy_files']
2021-01-19 17:30:26,016 DEBUG    root            Loaded Command Group: ['gcloud', 'compute', 'machine_types']
2021-01-19 17:30:26,018 DEBUG    root            Loaded Command Group: ['gcloud', 'compute', 'accelerator_types']
2021-01-19 17:30:26,020 DEBUG    root            Loaded Command Group: ['gcloud', 'compute', 'ssl_policies']
2021-01-19 17:30:26,022 DEBUG    root            No implementation for release track [GA] for element: [/usr/lib64/google-cloud-sdk/lib/surface/compute/instant_snapshots]
2021-01-19 17:30:26,022 DEBUG    root            Loaded Command Group: ['gcloud', 'compute', 'target_grpc_proxies']
2021-01-19 17:30:26,024 DEBUG    root            Loaded Command Group: ['gcloud', 'compute', 'target_https_proxies']
2021-01-19 17:30:26,026 DEBUG    root            Loaded Command Group: ['gcloud', 'compute', 'snapshots']
2021-01-19 17:30:26,029 DEBUG    root            Loaded Command Group: ['gcloud', 'compute', 'os_config']
2021-01-19 17:30:26,031 DEBUG    root            No implementation for release track [GA] for element: [/usr/lib64/google-cloud-sdk/lib/surface/compute/public_delegated_prefixes]
2021-01-19 17:30:26,032 DEBUG    root            Loaded Command Group: ['gcloud', 'compute', 'regions']
2021-01-19 17:30:26,034 DEBUG    root            Loaded Command Group: ['gcloud', 'compute', 'network_endpoint_groups']
2021-01-19 17:30:26,036 DEBUG    root            Loaded Command Group: ['gcloud', 'compute', 'health_checks']
2021-01-19 17:30:26,038 DEBUG    root            Loaded Command Group: ['gcloud', 'compute', 'instance_templates']
2021-01-19 17:30:26,040 DEBUG    root            Loaded Command Group: ['gcloud', 'compute', 'images']
2021-01-19 17:30:26,044 DEBUG    root            Loaded Command Group: ['gcloud', 'compute', 'target_vpn_gateways']
2021-01-19 17:30:26,046 DEBUG    root            Loaded Command Group: ['gcloud', 'compute', 'routes']
2021-01-19 17:30:26,048 DEBUG    root            Loaded Command Group: ['gcloud', 'compute', 'target_tcp_proxies']
2021-01-19 17:30:26,050 DEBUG    root            Loaded Command Group: ['gcloud', 'compute', 'forwarding_rules']
2021-01-19 17:30:26,052 DEBUG    root            Loaded Command Group: ['gcloud', 'compute', 'disk_types']
2021-01-19 17:30:26,054 DEBUG    root            Loaded Command Group: ['gcloud', 'compute', 'operations']
2021-01-19 17:30:26,056 DEBUG    root            Loaded Command Group: ['gcloud', 'compute', 'os_login']
2021-01-19 17:30:26,059 DEBUG    root            Loaded Command Group: ['gcloud', 'compute', 'ssh']
2021-01-19 17:30:26,062 DEBUG    root            Loaded Command Group: ['gcloud', 'compute', 'diagnose']
2021-01-19 17:30:26,064 DEBUG    root            Loaded Command Group: ['gcloud', 'compute', 'instance_groups']
2021-01-19 17:30:26,066 DEBUG    root            Loaded Command Group: ['gcloud', 'compute', 'zones']
2021-01-19 17:30:26,068 DEBUG    root            Loaded Command Group: ['gcloud', 'compute', 'disks']
2021-01-19 17:30:26,071 DEBUG    root            Loaded Command Group: ['gcloud', 'compute', 'https_health_checks']
2021-01-19 17:30:26,082 DEBUG    root            Loaded Command Group: ['gcloud', 'compute', 'config_ssh']
2021-01-19 17:30:26,085 DEBUG    root            Loaded Command Group: ['gcloud', 'compute', 'networks']
2021-01-19 17:30:26,087 DEBUG    root            Loaded Command Group: ['gcloud', 'compute', 'target_instances']
2021-01-19 17:30:26,089 DEBUG    root            Loaded Command Group: ['gcloud', 'compute', 'commitments']
2021-01-19 17:30:26,091 DEBUG    root            Loaded Command Group: ['gcloud', 'compute', 'addresses']
2021-01-19 17:30:26,093 DEBUG    root            Loaded Command Group: ['gcloud', 'compute', 'target_pools']
2021-01-19 17:30:26,096 DEBUG    root            Loaded Command Group: ['gcloud', 'compute', 'backend_buckets']
2021-01-19 17:30:26,099 DEBUG    root            Loaded Command Group: ['gcloud', 'alpha', 'compute']
2021-01-19 17:30:26,105 DEBUG    root            Loaded Command Group: ['gcloud', 'beta', 'compute']
2021-01-19 17:30:26,112 ERROR    root            (gcloud.compute) Invalid choice: 'Info'.
