2021-01-19 18:31:03,156 DEBUG    root            Loaded Command Group: ['gcloud', 'compute']
2021-01-19 18:31:03,161 DEBUG    root            Loaded Command Group: ['gcloud', 'compute', 'regions']
2021-01-19 18:31:03,175 DEBUG    root            Loaded Command Group: ['gcloud', 'compute', 'regions', 'list']
2021-01-19 18:31:03,181 DEBUG    root            Running [gcloud.compute.regions.list] with arguments: []
2021-01-19 18:31:03,508 DEBUG    google.auth.transport.requests Making request: POST https://oauth2.googleapis.com/token
2021-01-19 18:31:03,511 DEBUG    urllib3.connectionpool Starting new HTTPS connection (1): oauth2.googleapis.com:443
2021-01-19 18:31:04,118 DEBUG    urllib3.connectionpool https://oauth2.googleapis.com:443 "POST /token HTTP/1.1" 200 None
2021-01-19 18:31:04,381 INFO     root            Display format: "        table(
          name,
          quotas.metric.CPUS.quota():label=CPUS,
          quotas.metric.DISKS_TOTAL_GB.quota():label=DISKS_GB,
          quotas.metric.IN_USE_ADDRESSES.quota():label=ADDRESSES,
          quotas.metric.STATIC_ADDRESSES.quota():label=RESERVED_ADDRESSES,
          status():label=STATUS,
          deprecated.deleted:label=TURNDOWN_DATE
        )"
2021-01-19 18:31:04,388 DEBUG    urllib3.connectionpool Starting new HTTPS connection (1): compute.googleapis.com:443
2021-01-19 18:31:05,455 DEBUG    urllib3.connectionpool https://compute.googleapis.com:443 "POST /batch/compute/v1 HTTP/1.1" 200 None
2021-01-19 18:31:20,499 INFO     ___FILE_ONLY___ 

Command killed by keyboard interrupt


