2021-01-26 05:27:53,607 DEBUG    root            Loaded Command Group: ['gcloud', 'compute']
2021-01-26 05:27:53,612 DEBUG    root            Loaded Command Group: ['gcloud', 'compute', 'instances']
2021-01-26 05:27:53,627 DEBUG    root            Loaded Command Group: ['gcloud', 'compute', 'instances', 'describe']
2021-01-26 05:27:53,632 DEBUG    root            Running [gcloud.compute.instances.describe] with arguments: [--format: "json", INSTANCE_NAME: "shakeer-1"]
2021-01-26 05:27:53,937 DEBUG    urllib3.connectionpool Starting new HTTPS connection (1): compute.googleapis.com:443
2021-01-26 05:27:55,094 DEBUG    urllib3.connectionpool https://compute.googleapis.com:443 "POST /batch/compute/v1 HTTP/1.1" 200 None
2021-01-26 05:27:55,151 INFO     ___FILE_ONLY___ No zone specified. Using zone [us-central1-a] for instance: [shakeer-1].

2021-01-26 05:27:55,954 DEBUG    urllib3.connectionpool https://compute.googleapis.com:443 "POST /batch/compute/v1 HTTP/1.1" 200 None
2021-01-26 05:27:55,973 INFO     root            Display format: "default json"
2021-01-26 05:27:56,164 INFO     ___FILE_ONLY___ {
  "canIpForward": false,
  "cpuPlatform": "Intel Haswell",
  "creationTimestamp": "2021-01-26T05:24:24.860-08:00",
  "deletionProtection": false,
  "disks": [
    {
      "autoDelete": true,
      "boot": true,
      "deviceName": "instance-1",
      "diskSizeGb": "20",
      "guestOsFeatures": [
        {
          "type": "UEFI_COMPATIBLE"
        }
      ],
      "index": 0,
      "interface": "SCSI",
      "kind": "compute#attachedDisk",
      "licenses": [
        "https://www.googleapis.com/compute/v1/projects/centos-cloud/global/licenses/centos-7"
      ],
      "mode": "READ_WRITE",
      "source": "https://www.googleapis.com/compute/v1/projects/shakeergcp/zones/us-central1-a/disks/shakeer-1",
      "type": "PERSISTENT"
    }
  ],
  "fingerprint": "h8s4B9PgL00=",
  "id": "4766613149920896743",
  "kind": "compute#instance",
  "labelFingerprint": "42WmSpB8rSM=",
  "lastStartTimestamp": "2021-01-26T05:24:31.952-08:00",
  "machineType": "https://www.googleapis.com/compute/v1/projects/shakeergcp/zones/us-central1-a/machineTypes/e2-micro",
  "metadata": {
    "fingerprint": "hTSAOM6iL7k=",
    "kind": "compute#metadata"
  },
  "name": "shakeer-1",
  "networkInterfaces": [
    {
      "accessConfigs": [
        {
          "kind": "compute#accessConfig",
          "name": "external-nat",
          "natIP": "35.239.123.136",
          "networkTier": "PREMIUM",
          "type": "ONE_TO_ONE_NAT"
        }
      ],
      "fingerprint": "3q1FUO_mkr4=",
      "kind": "compute#networkInterface",
      "name": "nic0",
      "network": "https://www.googleapis.com/compute/v1/projects/shakeergcp/global/networks/default",
      "networkIP": "10.128.0.3",
      "subnetwork": "https://www.googleapis.com/compute/v1/projects/shakeergcp/regions/us-central1/subnetworks/default"
    }
  ],
  "reservationAffinity": {
    "consumeReservationType": "ANY_RESERVATION"
  },
  "scheduling": {
    "automaticRestart": true,
    "onHostMaintenance": "MIGRATE",
    "preemptible": false
  },
  "selfLink": "https://www.googleapis.com/compute/v1/projects/shakeergcp/zones/us-central1-a/instances/shakeer-1",
  "serviceAccounts": [
    {
      "email": "demosvc@shakeergcp.iam.gserviceaccount.com",
      "scopes": [
        "https://www.googleapis.com/auth/cloud-platform"
      ]
    }
  ],
  "shieldedInstanceConfig": {
    "enableIntegrityMonitoring": true,
    "enableSecureBoot": false,
    "enableVtpm": true
  },
  "shieldedInstanceIntegrityPolicy": {
    "updateAutoLearnPolicy": true
  },
  "startRestricted": false,
  "status": "RUNNING",
  "tags": {
    "fingerprint": "42WmSpB8rSM="
  },
  "zone": "https://www.googleapis.com/compute/v1/projects/shakeergcp/zones/us-central1-a"
}
2021-01-26 05:27:56,165 INFO     ___FILE_ONLY___ 

2021-01-26 05:27:56,165 DEBUG    root            SDK update checks are disabled.
