2021-01-26 05:54:49,510 DEBUG    root            No implementation for release track [GA] for element: [/usr/lib64/google-cloud-sdk/lib/surface/recaptcha]
2021-01-26 05:54:49,511 DEBUG    root            Loaded Command Group: ['gcloud', 'components']
2021-01-26 05:54:49,514 DEBUG    root            No implementation for release track [GA] for element: [/usr/lib64/google-cloud-sdk/lib/surface/network_security]
2021-01-26 05:54:49,514 DEBUG    root            Loaded Command Group: ['gcloud', 'active_directory']
2021-01-26 05:54:49,517 DEBUG    root            Loaded Command Group: ['gcloud', 'identity']
2021-01-26 05:54:49,559 DEBUG    root            Loaded Command Group: ['gcloud', 'ai_platform']
2021-01-26 05:54:49,562 DEBUG    root            Loaded Command Group: ['gcloud', 'version']
2021-01-26 05:54:49,564 DEBUG    root            No implementation for release track [GA] for element: [/usr/lib64/google-cloud-sdk/lib/surface/network_connectivity]
2021-01-26 05:54:49,565 DEBUG    root            Loaded Command Group: ['gcloud', 'sql']
2021-01-26 05:54:49,580 DEBUG    root            Loaded Command Group: ['gcloud', 'container']
2021-01-26 05:54:49,584 DEBUG    root            Loaded Command Group: ['gcloud', 'deployment_manager']
2021-01-26 05:54:49,586 DEBUG    root            Loaded Command Group: ['gcloud', 'anthos']
2021-01-26 05:54:49,589 DEBUG    root            Loaded Command Group: ['gcloud', 'app']
2021-01-26 05:54:49,593 DEBUG    root            Loaded Command Group: ['gcloud', 'redis']
2021-01-26 05:54:49,596 DEBUG    root            No implementation for release track [GA] for element: [/usr/lib64/google-cloud-sdk/lib/surface/workflows]
2021-01-26 05:54:49,597 DEBUG    root            Loaded Command Group: ['gcloud', 'kms']
2021-01-26 05:54:49,599 DEBUG    root            Loaded Command Group: ['gcloud', 'iot']
2021-01-26 05:54:49,601 DEBUG    root            Loaded Command Group: ['gcloud', 'resource_manager']
2021-01-26 05:54:49,604 DEBUG    root            No implementation for release track [GA] for element: [/usr/lib64/google-cloud-sdk/lib/surface/bq]
2021-01-26 05:54:49,604 DEBUG    root            Loaded Command Group: ['gcloud', 'ml']
2021-01-26 05:54:49,606 DEBUG    root            Loaded Command Group: ['gcloud', 'datastore']
2021-01-26 05:54:49,608 DEBUG    root            Loaded Command Group: ['gcloud', 'apigee']
2021-01-26 05:54:49,611 DEBUG    root            No implementation for release track [GA] for element: [/usr/lib64/google-cloud-sdk/lib/surface/genomics]
2021-01-26 05:54:49,612 DEBUG    root            Loaded Command Group: ['gcloud', 'asset']
2021-01-26 05:54:49,615 DEBUG    root            Loaded Command Group: ['gcloud', 'bigtable']
2021-01-26 05:54:49,617 DEBUG    root            No implementation for release track [GA] for element: [/usr/lib64/google-cloud-sdk/lib/surface/org_policies]
2021-01-26 05:54:49,618 DEBUG    root            Loaded Command Group: ['gcloud', 'iam']
2021-01-26 05:54:49,621 DEBUG    root            No implementation for release track [GA] for element: [/usr/lib64/google-cloud-sdk/lib/surface/admin_service_cluster]
2021-01-26 05:54:49,622 DEBUG    root            Loaded Command Group: ['gcloud', 'endpoints']
2021-01-26 05:54:49,624 DEBUG    root            No implementation for release track [GA] for element: [/usr/lib64/google-cloud-sdk/lib/surface/error_reporting]
2021-01-26 05:54:49,625 DEBUG    root            No implementation for release track [GA] for element: [/usr/lib64/google-cloud-sdk/lib/surface/resource_settings]
2021-01-26 05:54:49,626 DEBUG    root            No implementation for release track [GA] for element: [/usr/lib64/google-cloud-sdk/lib/surface/network_services]
2021-01-26 05:54:49,626 DEBUG    root            Loaded Command Group: ['gcloud', 'auth']
2021-01-26 05:54:49,629 DEBUG    root            Loaded Command Group: ['gcloud', 'logging']
2021-01-26 05:54:49,631 DEBUG    root            No implementation for release track [GA] for element: [/usr/lib64/google-cloud-sdk/lib/surface/emulators]
2021-01-26 05:54:49,635 DEBUG    root            Loaded Command Group: ['gcloud', 'help']
2021-01-26 05:54:49,639 DEBUG    root            Loaded Command Group: ['gcloud', 'billing']
2021-01-26 05:54:49,646 DEBUG    root            Loaded Command Group: ['gcloud', 'feedback']
2021-01-26 05:54:49,648 DEBUG    root            No implementation for release track [GA] for element: [/usr/lib64/google-cloud-sdk/lib/surface/assured]
2021-01-26 05:54:49,649 DEBUG    root            Loaded Command Group: ['gcloud', 'eventarc']
2021-01-26 05:54:49,651 DEBUG    root            No implementation for release track [GA] for element: [/usr/lib64/google-cloud-sdk/lib/surface/ai]
2021-01-26 05:54:49,652 DEBUG    root            Loaded Command Group: ['gcloud', 'iap']
2021-01-26 05:54:49,654 DEBUG    root            Loaded Command Group: ['gcloud', 'secrets']
2021-01-26 05:54:49,657 DEBUG    root            Loaded Command Group: ['gcloud', 'workspace_add_ons']
2021-01-26 05:54:49,659 DEBUG    root            Loaded Command Group: ['gcloud', 'meta']
2021-01-26 05:54:49,670 DEBUG    root            Loaded Command Group: ['gcloud', 'init']
2021-01-26 05:54:49,672 DEBUG    root            No implementation for release track [GA] for element: [/usr/lib64/google-cloud-sdk/lib/surface/access_approval]
2021-01-26 05:54:49,673 DEBUG    root            Loaded Command Group: ['gcloud', 'dataproc']
2021-01-26 05:54:49,676 DEBUG    root            Loaded Command Group: ['gcloud', 'config']
2021-01-26 05:54:49,684 DEBUG    root            Loaded Command Group: ['gcloud', 'docker']
2021-01-26 05:54:49,687 DEBUG    root            No implementation for release track [GA] for element: [/usr/lib64/google-cloud-sdk/lib/surface/metastore]
2021-01-26 05:54:49,688 DEBUG    root            No implementation for release track [GA] for element: [/usr/lib64/google-cloud-sdk/lib/surface/remote_build_execution]
2021-01-26 05:54:49,688 DEBUG    root            Loaded Command Group: ['gcloud', 'source']
2021-01-26 05:54:49,692 DEBUG    root            Loaded Command Group: ['gcloud', 'builds']
2021-01-26 05:54:49,695 DEBUG    root            No implementation for release track [GA] for element: [/usr/lib64/google-cloud-sdk/lib/surface/database_migration]
2021-01-26 05:54:49,696 DEBUG    root            No implementation for release track [GA] for element: [/usr/lib64/google-cloud-sdk/lib/surface/data_fusion]
2021-01-26 05:54:49,696 DEBUG    root            Loaded Command Group: ['gcloud', 'composer']
2021-01-26 05:54:49,699 DEBUG    root            No implementation for release track [GA] for element: [/usr/lib64/google-cloud-sdk/lib/surface/kuberun]
2021-01-26 05:54:49,699 DEBUG    root            No implementation for release track [GA] for element: [/usr/lib64/google-cloud-sdk/lib/surface/notebooks]
2021-01-26 05:54:49,700 DEBUG    root            No implementation for release track [GA] for element: [/usr/lib64/google-cloud-sdk/lib/surface/dialogflow]
2021-01-26 05:54:49,701 DEBUG    root            Loaded Command Group: ['gcloud', 'healthcare']
2021-01-26 05:54:49,706 DEBUG    root            No implementation for release track [GA] for element: [/usr/lib64/google-cloud-sdk/lib/surface/code]
2021-01-26 05:54:49,707 DEBUG    root            Loaded Command Group: ['gcloud', 'policy_troubleshoot']
2021-01-26 05:54:49,709 DEBUG    root            Loaded Command Group: ['gcloud', 'firestore']
2021-01-26 05:54:49,711 DEBUG    root            No implementation for release track [GA] for element: [/usr/lib64/google-cloud-sdk/lib/surface/transcoder]
2021-01-26 05:54:49,711 DEBUG    root            Loaded Command Group: ['gcloud', 'spanner']
2021-01-26 05:54:49,714 DEBUG    root            Loaded Command Group: ['gcloud', 'pubsub']
2021-01-26 05:54:49,716 DEBUG    root            Loaded Command Group: ['gcloud', 'cheat_sheet']
2021-01-26 05:54:49,719 DEBUG    root            Loaded Command Group: ['gcloud', 'dataflow']
2021-01-26 05:54:49,748 DEBUG    root            Loaded Command Group: ['gcloud', 'compute']
2021-01-26 05:54:49,754 DEBUG    root            No implementation for release track [GA] for element: [/usr/lib64/google-cloud-sdk/lib/surface/runtime_config]
2021-01-26 05:54:49,755 DEBUG    root            Loaded Command Group: ['gcloud', 'debug']
2021-01-26 05:54:49,758 DEBUG    root            Loaded Command Group: ['gcloud', 'recommender']
2021-01-26 05:54:49,760 DEBUG    root            No implementation for release track [GA] for element: [/usr/lib64/google-cloud-sdk/lib/surface/privateca]
2021-01-26 05:54:49,843 DEBUG    root            No implementation for release track [GA] for element: [/usr/lib64/google-cloud-sdk/lib/surface/interactive]
2021-01-26 05:54:49,844 DEBUG    root            Loaded Command Group: ['gcloud', 'scc']
2021-01-26 05:54:49,847 DEBUG    root            Loaded Command Group: ['gcloud', 'filestore']
2021-01-26 05:54:49,849 DEBUG    root            Loaded Command Group: ['gcloud', 'domains']
2021-01-26 05:54:49,851 DEBUG    root            Loaded Command Group: ['gcloud', 'services']
2021-01-26 05:54:49,854 DEBUG    root            Loaded Command Group: ['gcloud', 'firebase']
2021-01-26 05:54:49,856 DEBUG    root            Loaded Command Group: ['gcloud', 'info']
2021-01-26 05:54:49,859 DEBUG    root            No implementation for release track [GA] for element: [/usr/lib64/google-cloud-sdk/lib/surface/certificate_manager]
2021-01-26 05:54:49,859 DEBUG    root            Loaded Command Group: ['gcloud', 'game']
2021-01-26 05:54:49,861 DEBUG    root            Loaded Command Group: ['gcloud', 'monitoring']
2021-01-26 05:54:49,864 DEBUG    root            Loaded Command Group: ['gcloud', 'network_management']
2021-01-26 05:54:49,866 DEBUG    root            Loaded Command Group: ['gcloud', 'functions']
2021-01-26 05:54:49,869 DEBUG    root            Loaded Command Group: ['gcloud', 'projects']
2021-01-26 05:54:49,871 DEBUG    root            No implementation for release track [GA] for element: [/usr/lib64/google-cloud-sdk/lib/surface/lifesciences]
2021-01-26 05:54:49,872 DEBUG    root            Loaded Command Group: ['gcloud', 'scheduler']
2021-01-26 05:54:49,874 DEBUG    root            Loaded Command Group: ['gcloud', 'cloud_shell']
2021-01-26 05:54:49,876 DEBUG    root            Loaded Command Group: ['gcloud', 'tasks']
2021-01-26 05:54:49,880 DEBUG    root            No implementation for release track [GA] for element: [/usr/lib64/google-cloud-sdk/lib/surface/memcache]
2021-01-26 05:54:49,880 DEBUG    root            No implementation for release track [GA] for element: [/usr/lib64/google-cloud-sdk/lib/surface/dlp]
2021-01-26 05:54:49,881 DEBUG    root            Loaded Command Group: ['gcloud', 'service_directory']
2021-01-26 05:54:49,883 DEBUG    root            Loaded Command Group: ['gcloud', 'data_catalog']
2021-01-26 05:54:49,885 DEBUG    root            No implementation for release track [GA] for element: [/usr/lib64/google-cloud-sdk/lib/surface/commerce_procurement]
2021-01-26 05:54:49,886 DEBUG    root            Loaded Command Group: ['gcloud', 'access_context_manager']
2021-01-26 05:54:49,888 DEBUG    root            Loaded Command Group: ['gcloud', 'run']
2021-01-26 05:54:49,890 DEBUG    root            Loaded Command Group: ['gcloud', 'dns']
2021-01-26 05:54:49,892 DEBUG    root            No implementation for release track [GA] for element: [/usr/lib64/google-cloud-sdk/lib/surface/storage]
2021-01-26 05:54:49,916 DEBUG    root            No implementation for release track [GA] for element: [/usr/lib64/google-cloud-sdk/lib/surface/events]
2021-01-26 05:54:49,916 DEBUG    root            No implementation for release track [GA] for element: [/usr/lib64/google-cloud-sdk/lib/surface/api_gateway]
2021-01-26 05:54:49,917 DEBUG    root            Loaded Command Group: ['gcloud', 'topic']
2021-01-26 05:54:49,919 DEBUG    root            No implementation for release track [GA] for element: [/usr/lib64/google-cloud-sdk/lib/surface/web_security_scanner]
2021-01-26 05:54:49,924 DEBUG    root            Loaded Command Group: ['gcloud', 'survey']
2021-01-26 05:54:49,926 DEBUG    root            Loaded Command Group: ['gcloud', 'artifacts']
2021-01-26 05:54:49,928 DEBUG    root            No implementation for release track [GA] for element: [/usr/lib64/google-cloud-sdk/lib/surface/trace]
2021-01-26 05:54:49,929 DEBUG    root            Loaded Command Group: ['gcloud', 'ml_engine']
2021-01-26 05:54:49,931 DEBUG    root            No implementation for release track [GA] for element: [/usr/lib64/google-cloud-sdk/lib/surface/vmware]
2021-01-26 05:54:49,931 DEBUG    root            No implementation for release track [GA] for element: [/usr/lib64/google-cloud-sdk/lib/surface/labelmanager]
2021-01-26 05:54:49,932 DEBUG    root            Loaded Command Group: ['gcloud', 'organizations']
2021-01-26 05:54:49,936 ERROR    root            (gcloud) Invalid choice: 'service'.
