2021-01-26 05:55:33,268 DEBUG    root            Loaded Command Group: ['gcloud', 'compute']
2021-01-26 05:55:33,273 DEBUG    root            Loaded Command Group: ['gcloud', 'compute', 'project_info']
2021-01-26 05:55:33,287 DEBUG    root            Loaded Command Group: ['gcloud', 'compute', 'project-info', 'describe']
2021-01-26 05:55:33,292 DEBUG    root            Running [gcloud.compute.project-info.describe] with arguments: []
2021-01-26 05:55:33,306 DEBUG    google.auth.transport.requests Making request: POST https://oauth2.googleapis.com/token
2021-01-26 05:55:33,311 DEBUG    urllib3.connectionpool Starting new HTTPS connection (1): oauth2.googleapis.com:443
2021-01-26 05:55:35,760 DEBUG    urllib3.connectionpool https://oauth2.googleapis.com:443 "POST /token HTTP/1.1" 200 None
2021-01-26 05:55:36,061 DEBUG    urllib3.connectionpool Starting new HTTPS connection (1): compute.googleapis.com:443
2021-01-26 05:55:38,031 DEBUG    urllib3.connectionpool https://compute.googleapis.com:443 "POST /batch/compute/v1 HTTP/1.1" 200 None
2021-01-26 05:55:38,275 INFO     root            Display format: "default"
2021-01-26 05:55:38,469 INFO     ___FILE_ONLY___ commonInstanceMetadata
2021-01-26 05:55:38,475 INFO     ___FILE_ONLY___ :
2021-01-26 05:55:38,475 INFO     ___FILE_ONLY___ 

2021-01-26 05:55:38,475 INFO     ___FILE_ONLY___   
2021-01-26 05:55:38,476 INFO     ___FILE_ONLY___ fingerprint
2021-01-26 05:55:38,476 INFO     ___FILE_ONLY___ :
2021-01-26 05:55:38,476 INFO     ___FILE_ONLY___  
2021-01-26 05:55:38,476 INFO     ___FILE_ONLY___ 9Hej4AVusGc=
2021-01-26 05:55:38,476 INFO     ___FILE_ONLY___ 

2021-01-26 05:55:38,476 INFO     ___FILE_ONLY___   
2021-01-26 05:55:38,477 INFO     ___FILE_ONLY___ items
2021-01-26 05:55:38,477 INFO     ___FILE_ONLY___ :
2021-01-26 05:55:38,477 INFO     ___FILE_ONLY___ 

2021-01-26 05:55:38,477 INFO     ___FILE_ONLY___   
2021-01-26 05:55:38,477 INFO     ___FILE_ONLY___ -
2021-01-26 05:55:38,477 INFO     ___FILE_ONLY___  
2021-01-26 05:55:38,478 INFO     ___FILE_ONLY___ key
2021-01-26 05:55:38,478 INFO     ___FILE_ONLY___ :
2021-01-26 05:55:38,478 INFO     ___FILE_ONLY___  
2021-01-26 05:55:38,478 INFO     ___FILE_ONLY___ ssh-keys
2021-01-26 05:55:38,478 INFO     ___FILE_ONLY___ 

2021-01-26 05:55:38,478 INFO     ___FILE_ONLY___     
2021-01-26 05:55:38,478 INFO     ___FILE_ONLY___ value
2021-01-26 05:55:38,479 INFO     ___FILE_ONLY___ :
2021-01-26 05:55:38,480 INFO     ___FILE_ONLY___  |
2021-01-26 05:55:38,481 INFO     ___FILE_ONLY___ 

2021-01-26 05:55:38,481 INFO     ___FILE_ONLY___       
2021-01-26 05:55:38,481 INFO     ___FILE_ONLY___ shakeer_uid:ssh-rsa AAAAB3NzaC1yc2EAAAADAQABAAABAQDDsNU2iWjWEK+jI7Rhl/KfjzNtrSGf41ADmzAtDBwdWdt4F4g/XHjNRqBtTTNs1Fu0F+5p3PSk188RglWnCT5YBvKp44NyKwbM/V2Jd7V6O0/rGGh4httPEmQ5ngadKi/Gy163eZEoeAnHx/aytb3YUNSwwq9pWizycbkmXnYML9bS/+CYw4u292MgWmjQ+/egKEI7s4Ph5g5mQ+aKfQOgfwaryJNmkFrBPwDB5VX1+2R1SNzKu2mRIMALISAFct7l32mIHpnvE1B5avnHJB9+nYX2mdw8CFnz+XRpkHGuKi0Q3t8X2x0O4mFpQH+wTYq4EG42kMmM04bkgY2NcvBh google-ssh {"userName":"shakeer.uid@gmail.com","expireOn":"2021-01-26T13:55:30+0000"}
2021-01-26 05:55:38,482 INFO     ___FILE_ONLY___ 

2021-01-26 05:55:38,482 INFO     ___FILE_ONLY___       
2021-01-26 05:55:38,482 INFO     ___FILE_ONLY___ shakeer_uid:ecdsa-sha2-nistp256 AAAAE2VjZHNhLXNoYTItbmlzdHAyNTYAAAAIbmlzdHAyNTYAAABBBMai8n43zlIxye1Pcnno0i64nt/kjNqeGoW1l2vXl995ZoRzpn3A04OWXC0IBQiV6+jJjcNPZzc5ia3Mw9Gf2iQ= google-ssh {"userName":"shakeer.uid@gmail.com","expireOn":"2021-01-26T13:55:28+0000"}
2021-01-26 05:55:38,482 INFO     ___FILE_ONLY___ 

2021-01-26 05:55:38,482 INFO     ___FILE_ONLY___   
2021-01-26 05:55:38,483 INFO     ___FILE_ONLY___ kind
2021-01-26 05:55:38,483 INFO     ___FILE_ONLY___ :
2021-01-26 05:55:38,483 INFO     ___FILE_ONLY___  
2021-01-26 05:55:38,483 INFO     ___FILE_ONLY___ compute#metadata
2021-01-26 05:55:38,483 INFO     ___FILE_ONLY___ 

2021-01-26 05:55:38,484 INFO     ___FILE_ONLY___ creationTimestamp
2021-01-26 05:55:38,484 INFO     ___FILE_ONLY___ :
2021-01-26 05:55:38,484 INFO     ___FILE_ONLY___  '
2021-01-26 05:55:38,484 INFO     ___FILE_ONLY___ 2021-01-25T21:14:08.245-08:00
2021-01-26 05:55:38,484 INFO     ___FILE_ONLY___ '
2021-01-26 05:55:38,485 INFO     ___FILE_ONLY___ 

2021-01-26 05:55:38,485 INFO     ___FILE_ONLY___ defaultNetworkTier
2021-01-26 05:55:38,485 INFO     ___FILE_ONLY___ :
2021-01-26 05:55:38,486 INFO     ___FILE_ONLY___  
2021-01-26 05:55:38,486 INFO     ___FILE_ONLY___ PREMIUM
2021-01-26 05:55:38,486 INFO     ___FILE_ONLY___ 

2021-01-26 05:55:38,486 INFO     ___FILE_ONLY___ defaultServiceAccount
2021-01-26 05:55:38,486 INFO     ___FILE_ONLY___ :
2021-01-26 05:55:38,487 INFO     ___FILE_ONLY___  
2021-01-26 05:55:38,487 INFO     ___FILE_ONLY___ 36045258912-compute@developer.gserviceaccount.com
2021-01-26 05:55:38,487 INFO     ___FILE_ONLY___ 

2021-01-26 05:55:38,487 INFO     ___FILE_ONLY___ id
2021-01-26 05:55:38,487 INFO     ___FILE_ONLY___ :
2021-01-26 05:55:38,487 INFO     ___FILE_ONLY___  '
2021-01-26 05:55:38,488 INFO     ___FILE_ONLY___ 6201491221624527823
2021-01-26 05:55:38,488 INFO     ___FILE_ONLY___ '
2021-01-26 05:55:38,488 INFO     ___FILE_ONLY___ 

2021-01-26 05:55:38,488 INFO     ___FILE_ONLY___ kind
2021-01-26 05:55:38,488 INFO     ___FILE_ONLY___ :
2021-01-26 05:55:38,488 INFO     ___FILE_ONLY___  
2021-01-26 05:55:38,489 INFO     ___FILE_ONLY___ compute#project
2021-01-26 05:55:38,489 INFO     ___FILE_ONLY___ 

2021-01-26 05:55:38,490 INFO     ___FILE_ONLY___ name
2021-01-26 05:55:38,490 INFO     ___FILE_ONLY___ :
2021-01-26 05:55:38,490 INFO     ___FILE_ONLY___  
2021-01-26 05:55:38,490 INFO     ___FILE_ONLY___ shakeergcp
2021-01-26 05:55:38,490 INFO     ___FILE_ONLY___ 

2021-01-26 05:55:38,490 INFO     ___FILE_ONLY___ quotas
2021-01-26 05:55:38,491 INFO     ___FILE_ONLY___ :
2021-01-26 05:55:38,491 INFO     ___FILE_ONLY___ 

2021-01-26 05:55:38,491 INFO     ___FILE_ONLY___ -
2021-01-26 05:55:38,492 INFO     ___FILE_ONLY___  
2021-01-26 05:55:38,492 INFO     ___FILE_ONLY___ limit
2021-01-26 05:55:38,492 INFO     ___FILE_ONLY___ :
2021-01-26 05:55:38,492 INFO     ___FILE_ONLY___  
2021-01-26 05:55:38,492 INFO     ___FILE_ONLY___ 1000.0
2021-01-26 05:55:38,493 INFO     ___FILE_ONLY___ 

2021-01-26 05:55:38,493 INFO     ___FILE_ONLY___   
2021-01-26 05:55:38,493 INFO     ___FILE_ONLY___ metric
2021-01-26 05:55:38,493 INFO     ___FILE_ONLY___ :
2021-01-26 05:55:38,493 INFO     ___FILE_ONLY___  
2021-01-26 05:55:38,493 INFO     ___FILE_ONLY___ SNAPSHOTS
2021-01-26 05:55:38,493 INFO     ___FILE_ONLY___ 

2021-01-26 05:55:38,494 INFO     ___FILE_ONLY___   
2021-01-26 05:55:38,494 INFO     ___FILE_ONLY___ usage
2021-01-26 05:55:38,494 INFO     ___FILE_ONLY___ :
2021-01-26 05:55:38,494 INFO     ___FILE_ONLY___  
2021-01-26 05:55:38,494 INFO     ___FILE_ONLY___ 0.0
2021-01-26 05:55:38,495 INFO     ___FILE_ONLY___ 

2021-01-26 05:55:38,495 INFO     ___FILE_ONLY___ -
2021-01-26 05:55:38,495 INFO     ___FILE_ONLY___  
2021-01-26 05:55:38,495 INFO     ___FILE_ONLY___ limit
2021-01-26 05:55:38,495 INFO     ___FILE_ONLY___ :
2021-01-26 05:55:38,495 INFO     ___FILE_ONLY___  
2021-01-26 05:55:38,495 INFO     ___FILE_ONLY___ 5.0
2021-01-26 05:55:38,495 INFO     ___FILE_ONLY___ 

2021-01-26 05:55:38,496 INFO     ___FILE_ONLY___   
2021-01-26 05:55:38,496 INFO     ___FILE_ONLY___ metric
2021-01-26 05:55:38,496 INFO     ___FILE_ONLY___ :
2021-01-26 05:55:38,496 INFO     ___FILE_ONLY___  
2021-01-26 05:55:38,496 INFO     ___FILE_ONLY___ NETWORKS
2021-01-26 05:55:38,496 INFO     ___FILE_ONLY___ 

2021-01-26 05:55:38,497 INFO     ___FILE_ONLY___   
2021-01-26 05:55:38,497 INFO     ___FILE_ONLY___ usage
2021-01-26 05:55:38,497 INFO     ___FILE_ONLY___ :
2021-01-26 05:55:38,497 INFO     ___FILE_ONLY___  
2021-01-26 05:55:38,497 INFO     ___FILE_ONLY___ 1.0
2021-01-26 05:55:38,498 INFO     ___FILE_ONLY___ 

2021-01-26 05:55:38,498 INFO     ___FILE_ONLY___ -
2021-01-26 05:55:38,498 INFO     ___FILE_ONLY___  
2021-01-26 05:55:38,498 INFO     ___FILE_ONLY___ limit
2021-01-26 05:55:38,498 INFO     ___FILE_ONLY___ :
2021-01-26 05:55:38,498 INFO     ___FILE_ONLY___  
2021-01-26 05:55:38,498 INFO     ___FILE_ONLY___ 100.0
2021-01-26 05:55:38,499 INFO     ___FILE_ONLY___ 

2021-01-26 05:55:38,499 INFO     ___FILE_ONLY___   
2021-01-26 05:55:38,499 INFO     ___FILE_ONLY___ metric
2021-01-26 05:55:38,499 INFO     ___FILE_ONLY___ :
2021-01-26 05:55:38,499 INFO     ___FILE_ONLY___  
2021-01-26 05:55:38,499 INFO     ___FILE_ONLY___ FIREWALLS
2021-01-26 05:55:38,500 INFO     ___FILE_ONLY___ 

2021-01-26 05:55:38,500 INFO     ___FILE_ONLY___   
2021-01-26 05:55:38,500 INFO     ___FILE_ONLY___ usage
2021-01-26 05:55:38,500 INFO     ___FILE_ONLY___ :
2021-01-26 05:55:38,500 INFO     ___FILE_ONLY___  
2021-01-26 05:55:38,500 INFO     ___FILE_ONLY___ 4.0
2021-01-26 05:55:38,501 INFO     ___FILE_ONLY___ 

2021-01-26 05:55:38,501 INFO     ___FILE_ONLY___ -
2021-01-26 05:55:38,501 INFO     ___FILE_ONLY___  
2021-01-26 05:55:38,501 INFO     ___FILE_ONLY___ limit
2021-01-26 05:55:38,501 INFO     ___FILE_ONLY___ :
2021-01-26 05:55:38,501 INFO     ___FILE_ONLY___  
2021-01-26 05:55:38,502 INFO     ___FILE_ONLY___ 100.0
2021-01-26 05:55:38,502 INFO     ___FILE_ONLY___ 

2021-01-26 05:55:38,502 INFO     ___FILE_ONLY___   
2021-01-26 05:55:38,502 INFO     ___FILE_ONLY___ metric
2021-01-26 05:55:38,502 INFO     ___FILE_ONLY___ :
2021-01-26 05:55:38,502 INFO     ___FILE_ONLY___  
2021-01-26 05:55:38,502 INFO     ___FILE_ONLY___ IMAGES
2021-01-26 05:55:38,503 INFO     ___FILE_ONLY___ 

2021-01-26 05:55:38,503 INFO     ___FILE_ONLY___   
2021-01-26 05:55:38,503 INFO     ___FILE_ONLY___ usage
2021-01-26 05:55:38,503 INFO     ___FILE_ONLY___ :
2021-01-26 05:55:38,503 INFO     ___FILE_ONLY___  
2021-01-26 05:55:38,503 INFO     ___FILE_ONLY___ 0.0
2021-01-26 05:55:38,504 INFO     ___FILE_ONLY___ 

2021-01-26 05:55:38,504 INFO     ___FILE_ONLY___ -
2021-01-26 05:55:38,504 INFO     ___FILE_ONLY___  
2021-01-26 05:55:38,505 INFO     ___FILE_ONLY___ limit
2021-01-26 05:55:38,505 INFO     ___FILE_ONLY___ :
2021-01-26 05:55:38,505 INFO     ___FILE_ONLY___  
2021-01-26 05:55:38,505 INFO     ___FILE_ONLY___ 8.0
2021-01-26 05:55:38,505 INFO     ___FILE_ONLY___ 

2021-01-26 05:55:38,506 INFO     ___FILE_ONLY___   
2021-01-26 05:55:38,506 INFO     ___FILE_ONLY___ metric
2021-01-26 05:55:38,506 INFO     ___FILE_ONLY___ :
2021-01-26 05:55:38,506 INFO     ___FILE_ONLY___  
2021-01-26 05:55:38,507 INFO     ___FILE_ONLY___ STATIC_ADDRESSES
2021-01-26 05:55:38,507 INFO     ___FILE_ONLY___ 

2021-01-26 05:55:38,507 INFO     ___FILE_ONLY___   
2021-01-26 05:55:38,508 INFO     ___FILE_ONLY___ usage
2021-01-26 05:55:38,508 INFO     ___FILE_ONLY___ :
2021-01-26 05:55:38,508 INFO     ___FILE_ONLY___  
2021-01-26 05:55:38,508 INFO     ___FILE_ONLY___ 0.0
2021-01-26 05:55:38,509 INFO     ___FILE_ONLY___ 

2021-01-26 05:55:38,509 INFO     ___FILE_ONLY___ -
2021-01-26 05:55:38,509 INFO     ___FILE_ONLY___  
2021-01-26 05:55:38,509 INFO     ___FILE_ONLY___ limit
2021-01-26 05:55:38,509 INFO     ___FILE_ONLY___ :
2021-01-26 05:55:38,509 INFO     ___FILE_ONLY___  
2021-01-26 05:55:38,509 INFO     ___FILE_ONLY___ 200.0
2021-01-26 05:55:38,510 INFO     ___FILE_ONLY___ 

2021-01-26 05:55:38,510 INFO     ___FILE_ONLY___   
2021-01-26 05:55:38,510 INFO     ___FILE_ONLY___ metric
2021-01-26 05:55:38,510 INFO     ___FILE_ONLY___ :
2021-01-26 05:55:38,510 INFO     ___FILE_ONLY___  
2021-01-26 05:55:38,510 INFO     ___FILE_ONLY___ ROUTES
2021-01-26 05:55:38,511 INFO     ___FILE_ONLY___ 

2021-01-26 05:55:38,511 INFO     ___FILE_ONLY___   
2021-01-26 05:55:38,511 INFO     ___FILE_ONLY___ usage
2021-01-26 05:55:38,511 INFO     ___FILE_ONLY___ :
2021-01-26 05:55:38,511 INFO     ___FILE_ONLY___  
2021-01-26 05:55:38,511 INFO     ___FILE_ONLY___ 1.0
2021-01-26 05:55:38,512 INFO     ___FILE_ONLY___ 

2021-01-26 05:55:38,512 INFO     ___FILE_ONLY___ -
2021-01-26 05:55:38,512 INFO     ___FILE_ONLY___  
2021-01-26 05:55:38,512 INFO     ___FILE_ONLY___ limit
2021-01-26 05:55:38,512 INFO     ___FILE_ONLY___ :
2021-01-26 05:55:38,512 INFO     ___FILE_ONLY___  
2021-01-26 05:55:38,512 INFO     ___FILE_ONLY___ 15.0
2021-01-26 05:55:38,513 INFO     ___FILE_ONLY___ 

2021-01-26 05:55:38,513 INFO     ___FILE_ONLY___   
2021-01-26 05:55:38,513 INFO     ___FILE_ONLY___ metric
2021-01-26 05:55:38,513 INFO     ___FILE_ONLY___ :
2021-01-26 05:55:38,513 INFO     ___FILE_ONLY___  
2021-01-26 05:55:38,513 INFO     ___FILE_ONLY___ FORWARDING_RULES
2021-01-26 05:55:38,514 INFO     ___FILE_ONLY___ 

2021-01-26 05:55:38,514 INFO     ___FILE_ONLY___   
2021-01-26 05:55:38,514 INFO     ___FILE_ONLY___ usage
2021-01-26 05:55:38,514 INFO     ___FILE_ONLY___ :
2021-01-26 05:55:38,514 INFO     ___FILE_ONLY___  
2021-01-26 05:55:38,514 INFO     ___FILE_ONLY___ 0.0
2021-01-26 05:55:38,515 INFO     ___FILE_ONLY___ 

2021-01-26 05:55:38,515 INFO     ___FILE_ONLY___ -
2021-01-26 05:55:38,515 INFO     ___FILE_ONLY___  
2021-01-26 05:55:38,515 INFO     ___FILE_ONLY___ limit
2021-01-26 05:55:38,515 INFO     ___FILE_ONLY___ :
2021-01-26 05:55:38,515 INFO     ___FILE_ONLY___  
2021-01-26 05:55:38,515 INFO     ___FILE_ONLY___ 50.0
2021-01-26 05:55:38,515 INFO     ___FILE_ONLY___ 

2021-01-26 05:55:38,516 INFO     ___FILE_ONLY___   
2021-01-26 05:55:38,516 INFO     ___FILE_ONLY___ metric
2021-01-26 05:55:38,516 INFO     ___FILE_ONLY___ :
2021-01-26 05:55:38,516 INFO     ___FILE_ONLY___  
2021-01-26 05:55:38,516 INFO     ___FILE_ONLY___ TARGET_POOLS
2021-01-26 05:55:38,516 INFO     ___FILE_ONLY___ 

2021-01-26 05:55:38,517 INFO     ___FILE_ONLY___   
2021-01-26 05:55:38,517 INFO     ___FILE_ONLY___ usage
2021-01-26 05:55:38,517 INFO     ___FILE_ONLY___ :
2021-01-26 05:55:38,517 INFO     ___FILE_ONLY___  
2021-01-26 05:55:38,517 INFO     ___FILE_ONLY___ 0.0
2021-01-26 05:55:38,518 INFO     ___FILE_ONLY___ 

2021-01-26 05:55:38,518 INFO     ___FILE_ONLY___ -
2021-01-26 05:55:38,518 INFO     ___FILE_ONLY___  
2021-01-26 05:55:38,518 INFO     ___FILE_ONLY___ limit
2021-01-26 05:55:38,518 INFO     ___FILE_ONLY___ :
2021-01-26 05:55:38,518 INFO     ___FILE_ONLY___  
2021-01-26 05:55:38,518 INFO     ___FILE_ONLY___ 50.0
2021-01-26 05:55:38,519 INFO     ___FILE_ONLY___ 

2021-01-26 05:55:38,519 INFO     ___FILE_ONLY___   
2021-01-26 05:55:38,519 INFO     ___FILE_ONLY___ metric
2021-01-26 05:55:38,519 INFO     ___FILE_ONLY___ :
2021-01-26 05:55:38,519 INFO     ___FILE_ONLY___  
2021-01-26 05:55:38,519 INFO     ___FILE_ONLY___ HEALTH_CHECKS
2021-01-26 05:55:38,520 INFO     ___FILE_ONLY___ 

2021-01-26 05:55:38,520 INFO     ___FILE_ONLY___   
2021-01-26 05:55:38,520 INFO     ___FILE_ONLY___ usage
2021-01-26 05:55:38,520 INFO     ___FILE_ONLY___ :
2021-01-26 05:55:38,520 INFO     ___FILE_ONLY___  
2021-01-26 05:55:38,520 INFO     ___FILE_ONLY___ 0.0
2021-01-26 05:55:38,521 INFO     ___FILE_ONLY___ 

2021-01-26 05:55:38,521 INFO     ___FILE_ONLY___ -
2021-01-26 05:55:38,521 INFO     ___FILE_ONLY___  
2021-01-26 05:55:38,521 INFO     ___FILE_ONLY___ limit
2021-01-26 05:55:38,521 INFO     ___FILE_ONLY___ :
2021-01-26 05:55:38,522 INFO     ___FILE_ONLY___  
2021-01-26 05:55:38,522 INFO     ___FILE_ONLY___ 4.0
2021-01-26 05:55:38,522 INFO     ___FILE_ONLY___ 

2021-01-26 05:55:38,522 INFO     ___FILE_ONLY___   
2021-01-26 05:55:38,522 INFO     ___FILE_ONLY___ metric
2021-01-26 05:55:38,523 INFO     ___FILE_ONLY___ :
2021-01-26 05:55:38,523 INFO     ___FILE_ONLY___  
2021-01-26 05:55:38,523 INFO     ___FILE_ONLY___ IN_USE_ADDRESSES
2021-01-26 05:55:38,524 INFO     ___FILE_ONLY___ 

2021-01-26 05:55:38,524 INFO     ___FILE_ONLY___   
2021-01-26 05:55:38,524 INFO     ___FILE_ONLY___ usage
2021-01-26 05:55:38,525 INFO     ___FILE_ONLY___ :
2021-01-26 05:55:38,525 INFO     ___FILE_ONLY___  
2021-01-26 05:55:38,525 INFO     ___FILE_ONLY___ 0.0
2021-01-26 05:55:38,525 INFO     ___FILE_ONLY___ 

2021-01-26 05:55:38,525 INFO     ___FILE_ONLY___ -
2021-01-26 05:55:38,525 INFO     ___FILE_ONLY___  
2021-01-26 05:55:38,526 INFO     ___FILE_ONLY___ limit
2021-01-26 05:55:38,526 INFO     ___FILE_ONLY___ :
2021-01-26 05:55:38,526 INFO     ___FILE_ONLY___  
2021-01-26 05:55:38,526 INFO     ___FILE_ONLY___ 50.0
2021-01-26 05:55:38,526 INFO     ___FILE_ONLY___ 

2021-01-26 05:55:38,526 INFO     ___FILE_ONLY___   
2021-01-26 05:55:38,526 INFO     ___FILE_ONLY___ metric
2021-01-26 05:55:38,527 INFO     ___FILE_ONLY___ :
2021-01-26 05:55:38,527 INFO     ___FILE_ONLY___  
2021-01-26 05:55:38,527 INFO     ___FILE_ONLY___ TARGET_INSTANCES
2021-01-26 05:55:38,527 INFO     ___FILE_ONLY___ 

2021-01-26 05:55:38,527 INFO     ___FILE_ONLY___   
2021-01-26 05:55:38,527 INFO     ___FILE_ONLY___ usage
2021-01-26 05:55:38,528 INFO     ___FILE_ONLY___ :
2021-01-26 05:55:38,528 INFO     ___FILE_ONLY___  
2021-01-26 05:55:38,528 INFO     ___FILE_ONLY___ 0.0
2021-01-26 05:55:38,528 INFO     ___FILE_ONLY___ 

2021-01-26 05:55:38,528 INFO     ___FILE_ONLY___ -
2021-01-26 05:55:38,528 INFO     ___FILE_ONLY___  
2021-01-26 05:55:38,529 INFO     ___FILE_ONLY___ limit
2021-01-26 05:55:38,529 INFO     ___FILE_ONLY___ :
2021-01-26 05:55:38,529 INFO     ___FILE_ONLY___  
2021-01-26 05:55:38,529 INFO     ___FILE_ONLY___ 10.0
2021-01-26 05:55:38,529 INFO     ___FILE_ONLY___ 

2021-01-26 05:55:38,529 INFO     ___FILE_ONLY___   
2021-01-26 05:55:38,529 INFO     ___FILE_ONLY___ metric
2021-01-26 05:55:38,530 INFO     ___FILE_ONLY___ :
2021-01-26 05:55:38,530 INFO     ___FILE_ONLY___  
2021-01-26 05:55:38,530 INFO     ___FILE_ONLY___ TARGET_HTTP_PROXIES
2021-01-26 05:55:38,530 INFO     ___FILE_ONLY___ 

2021-01-26 05:55:38,530 INFO     ___FILE_ONLY___   
2021-01-26 05:55:38,530 INFO     ___FILE_ONLY___ usage
2021-01-26 05:55:38,531 INFO     ___FILE_ONLY___ :
2021-01-26 05:55:38,531 INFO     ___FILE_ONLY___  
2021-01-26 05:55:38,531 INFO     ___FILE_ONLY___ 0.0
2021-01-26 05:55:38,531 INFO     ___FILE_ONLY___ 

2021-01-26 05:55:38,531 INFO     ___FILE_ONLY___ -
2021-01-26 05:55:38,531 INFO     ___FILE_ONLY___  
2021-01-26 05:55:38,532 INFO     ___FILE_ONLY___ limit
2021-01-26 05:55:38,532 INFO     ___FILE_ONLY___ :
2021-01-26 05:55:38,532 INFO     ___FILE_ONLY___  
2021-01-26 05:55:38,532 INFO     ___FILE_ONLY___ 10.0
2021-01-26 05:55:38,532 INFO     ___FILE_ONLY___ 

2021-01-26 05:55:38,532 INFO     ___FILE_ONLY___   
2021-01-26 05:55:38,533 INFO     ___FILE_ONLY___ metric
2021-01-26 05:55:38,533 INFO     ___FILE_ONLY___ :
2021-01-26 05:55:38,533 INFO     ___FILE_ONLY___  
2021-01-26 05:55:38,533 INFO     ___FILE_ONLY___ URL_MAPS
2021-01-26 05:55:38,534 INFO     ___FILE_ONLY___ 

2021-01-26 05:55:38,534 INFO     ___FILE_ONLY___   
2021-01-26 05:55:38,534 INFO     ___FILE_ONLY___ usage
2021-01-26 05:55:38,534 INFO     ___FILE_ONLY___ :
2021-01-26 05:55:38,534 INFO     ___FILE_ONLY___  
2021-01-26 05:55:38,534 INFO     ___FILE_ONLY___ 0.0
2021-01-26 05:55:38,535 INFO     ___FILE_ONLY___ 

2021-01-26 05:55:38,535 INFO     ___FILE_ONLY___ -
2021-01-26 05:55:38,535 INFO     ___FILE_ONLY___  
2021-01-26 05:55:38,535 INFO     ___FILE_ONLY___ limit
2021-01-26 05:55:38,535 INFO     ___FILE_ONLY___ :
2021-01-26 05:55:38,536 INFO     ___FILE_ONLY___  
2021-01-26 05:55:38,536 INFO     ___FILE_ONLY___ 5.0
2021-01-26 05:55:38,536 INFO     ___FILE_ONLY___ 

2021-01-26 05:55:38,536 INFO     ___FILE_ONLY___   
2021-01-26 05:55:38,536 INFO     ___FILE_ONLY___ metric
2021-01-26 05:55:38,536 INFO     ___FILE_ONLY___ :
2021-01-26 05:55:38,537 INFO     ___FILE_ONLY___  
2021-01-26 05:55:38,537 INFO     ___FILE_ONLY___ BACKEND_SERVICES
2021-01-26 05:55:38,537 INFO     ___FILE_ONLY___ 

2021-01-26 05:55:38,537 INFO     ___FILE_ONLY___   
2021-01-26 05:55:38,537 INFO     ___FILE_ONLY___ usage
2021-01-26 05:55:38,537 INFO     ___FILE_ONLY___ :
2021-01-26 05:55:38,538 INFO     ___FILE_ONLY___  
2021-01-26 05:55:38,538 INFO     ___FILE_ONLY___ 0.0
2021-01-26 05:55:38,538 INFO     ___FILE_ONLY___ 

2021-01-26 05:55:38,538 INFO     ___FILE_ONLY___ -
2021-01-26 05:55:38,538 INFO     ___FILE_ONLY___  
2021-01-26 05:55:38,539 INFO     ___FILE_ONLY___ limit
2021-01-26 05:55:38,539 INFO     ___FILE_ONLY___ :
2021-01-26 05:55:38,539 INFO     ___FILE_ONLY___  
2021-01-26 05:55:38,539 INFO     ___FILE_ONLY___ 100.0
2021-01-26 05:55:38,540 INFO     ___FILE_ONLY___ 

2021-01-26 05:55:38,540 INFO     ___FILE_ONLY___   
2021-01-26 05:55:38,540 INFO     ___FILE_ONLY___ metric
2021-01-26 05:55:38,540 INFO     ___FILE_ONLY___ :
2021-01-26 05:55:38,540 INFO     ___FILE_ONLY___  
2021-01-26 05:55:38,541 INFO     ___FILE_ONLY___ INSTANCE_TEMPLATES
2021-01-26 05:55:38,541 INFO     ___FILE_ONLY___ 

2021-01-26 05:55:38,542 INFO     ___FILE_ONLY___   
2021-01-26 05:55:38,542 INFO     ___FILE_ONLY___ usage
2021-01-26 05:55:38,542 INFO     ___FILE_ONLY___ :
2021-01-26 05:55:38,543 INFO     ___FILE_ONLY___  
2021-01-26 05:55:38,543 INFO     ___FILE_ONLY___ 0.0
2021-01-26 05:55:38,543 INFO     ___FILE_ONLY___ 

2021-01-26 05:55:38,543 INFO     ___FILE_ONLY___ -
2021-01-26 05:55:38,544 INFO     ___FILE_ONLY___  
2021-01-26 05:55:38,544 INFO     ___FILE_ONLY___ limit
2021-01-26 05:55:38,544 INFO     ___FILE_ONLY___ :
2021-01-26 05:55:38,544 INFO     ___FILE_ONLY___  
2021-01-26 05:55:38,544 INFO     ___FILE_ONLY___ 5.0
2021-01-26 05:55:38,544 INFO     ___FILE_ONLY___ 

2021-01-26 05:55:38,544 INFO     ___FILE_ONLY___   
2021-01-26 05:55:38,544 INFO     ___FILE_ONLY___ metric
2021-01-26 05:55:38,545 INFO     ___FILE_ONLY___ :
2021-01-26 05:55:38,545 INFO     ___FILE_ONLY___  
2021-01-26 05:55:38,545 INFO     ___FILE_ONLY___ TARGET_VPN_GATEWAYS
2021-01-26 05:55:38,545 INFO     ___FILE_ONLY___ 

2021-01-26 05:55:38,545 INFO     ___FILE_ONLY___   
2021-01-26 05:55:38,545 INFO     ___FILE_ONLY___ usage
2021-01-26 05:55:38,546 INFO     ___FILE_ONLY___ :
2021-01-26 05:55:38,546 INFO     ___FILE_ONLY___  
2021-01-26 05:55:38,546 INFO     ___FILE_ONLY___ 0.0
2021-01-26 05:55:38,546 INFO     ___FILE_ONLY___ 

2021-01-26 05:55:38,546 INFO     ___FILE_ONLY___ -
2021-01-26 05:55:38,546 INFO     ___FILE_ONLY___  
2021-01-26 05:55:38,547 INFO     ___FILE_ONLY___ limit
2021-01-26 05:55:38,547 INFO     ___FILE_ONLY___ :
2021-01-26 05:55:38,547 INFO     ___FILE_ONLY___  
2021-01-26 05:55:38,547 INFO     ___FILE_ONLY___ 10.0
2021-01-26 05:55:38,547 INFO     ___FILE_ONLY___ 

2021-01-26 05:55:38,547 INFO     ___FILE_ONLY___   
2021-01-26 05:55:38,547 INFO     ___FILE_ONLY___ metric
2021-01-26 05:55:38,548 INFO     ___FILE_ONLY___ :
2021-01-26 05:55:38,548 INFO     ___FILE_ONLY___  
2021-01-26 05:55:38,548 INFO     ___FILE_ONLY___ VPN_TUNNELS
2021-01-26 05:55:38,548 INFO     ___FILE_ONLY___ 

2021-01-26 05:55:38,548 INFO     ___FILE_ONLY___   
2021-01-26 05:55:38,548 INFO     ___FILE_ONLY___ usage
2021-01-26 05:55:38,548 INFO     ___FILE_ONLY___ :
2021-01-26 05:55:38,549 INFO     ___FILE_ONLY___  
2021-01-26 05:55:38,549 INFO     ___FILE_ONLY___ 0.0
2021-01-26 05:55:38,549 INFO     ___FILE_ONLY___ 

2021-01-26 05:55:38,549 INFO     ___FILE_ONLY___ -
2021-01-26 05:55:38,549 INFO     ___FILE_ONLY___  
2021-01-26 05:55:38,550 INFO     ___FILE_ONLY___ limit
2021-01-26 05:55:38,550 INFO     ___FILE_ONLY___ :
2021-01-26 05:55:38,550 INFO     ___FILE_ONLY___  
2021-01-26 05:55:38,550 INFO     ___FILE_ONLY___ 3.0
2021-01-26 05:55:38,550 INFO     ___FILE_ONLY___ 

2021-01-26 05:55:38,550 INFO     ___FILE_ONLY___   
2021-01-26 05:55:38,550 INFO     ___FILE_ONLY___ metric
2021-01-26 05:55:38,551 INFO     ___FILE_ONLY___ :
2021-01-26 05:55:38,551 INFO     ___FILE_ONLY___  
2021-01-26 05:55:38,551 INFO     ___FILE_ONLY___ BACKEND_BUCKETS
2021-01-26 05:55:38,551 INFO     ___FILE_ONLY___ 

2021-01-26 05:55:38,551 INFO     ___FILE_ONLY___   
2021-01-26 05:55:38,551 INFO     ___FILE_ONLY___ usage
2021-01-26 05:55:38,552 INFO     ___FILE_ONLY___ :
2021-01-26 05:55:38,552 INFO     ___FILE_ONLY___  
2021-01-26 05:55:38,552 INFO     ___FILE_ONLY___ 0.0
2021-01-26 05:55:38,552 INFO     ___FILE_ONLY___ 

2021-01-26 05:55:38,552 INFO     ___FILE_ONLY___ -
2021-01-26 05:55:38,552 INFO     ___FILE_ONLY___  
2021-01-26 05:55:38,553 INFO     ___FILE_ONLY___ limit
2021-01-26 05:55:38,553 INFO     ___FILE_ONLY___ :
2021-01-26 05:55:38,553 INFO     ___FILE_ONLY___  
2021-01-26 05:55:38,553 INFO     ___FILE_ONLY___ 10.0
2021-01-26 05:55:38,553 INFO     ___FILE_ONLY___ 

2021-01-26 05:55:38,553 INFO     ___FILE_ONLY___   
2021-01-26 05:55:38,553 INFO     ___FILE_ONLY___ metric
2021-01-26 05:55:38,554 INFO     ___FILE_ONLY___ :
2021-01-26 05:55:38,554 INFO     ___FILE_ONLY___  
2021-01-26 05:55:38,554 INFO     ___FILE_ONLY___ ROUTERS
2021-01-26 05:55:38,554 INFO     ___FILE_ONLY___ 

2021-01-26 05:55:38,554 INFO     ___FILE_ONLY___   
2021-01-26 05:55:38,554 INFO     ___FILE_ONLY___ usage
2021-01-26 05:55:38,554 INFO     ___FILE_ONLY___ :
2021-01-26 05:55:38,555 INFO     ___FILE_ONLY___  
2021-01-26 05:55:38,555 INFO     ___FILE_ONLY___ 0.0
2021-01-26 05:55:38,556 INFO     ___FILE_ONLY___ 

2021-01-26 05:55:38,557 INFO     ___FILE_ONLY___ -
2021-01-26 05:55:38,557 INFO     ___FILE_ONLY___  
2021-01-26 05:55:38,558 INFO     ___FILE_ONLY___ limit
2021-01-26 05:55:38,558 INFO     ___FILE_ONLY___ :
2021-01-26 05:55:38,558 INFO     ___FILE_ONLY___  
2021-01-26 05:55:38,558 INFO     ___FILE_ONLY___ 10.0
2021-01-26 05:55:38,558 INFO     ___FILE_ONLY___ 

2021-01-26 05:55:38,558 INFO     ___FILE_ONLY___   
2021-01-26 05:55:38,559 INFO     ___FILE_ONLY___ metric
2021-01-26 05:55:38,559 INFO     ___FILE_ONLY___ :
2021-01-26 05:55:38,559 INFO     ___FILE_ONLY___  
2021-01-26 05:55:38,559 INFO     ___FILE_ONLY___ TARGET_SSL_PROXIES
2021-01-26 05:55:38,559 INFO     ___FILE_ONLY___ 

2021-01-26 05:55:38,559 INFO     ___FILE_ONLY___   
2021-01-26 05:55:38,560 INFO     ___FILE_ONLY___ usage
2021-01-26 05:55:38,560 INFO     ___FILE_ONLY___ :
2021-01-26 05:55:38,560 INFO     ___FILE_ONLY___  
2021-01-26 05:55:38,560 INFO     ___FILE_ONLY___ 0.0
2021-01-26 05:55:38,560 INFO     ___FILE_ONLY___ 

2021-01-26 05:55:38,560 INFO     ___FILE_ONLY___ -
2021-01-26 05:55:38,561 INFO     ___FILE_ONLY___  
2021-01-26 05:55:38,561 INFO     ___FILE_ONLY___ limit
2021-01-26 05:55:38,561 INFO     ___FILE_ONLY___ :
2021-01-26 05:55:38,561 INFO     ___FILE_ONLY___  
2021-01-26 05:55:38,561 INFO     ___FILE_ONLY___ 10.0
2021-01-26 05:55:38,561 INFO     ___FILE_ONLY___ 

2021-01-26 05:55:38,561 INFO     ___FILE_ONLY___   
2021-01-26 05:55:38,562 INFO     ___FILE_ONLY___ metric
2021-01-26 05:55:38,562 INFO     ___FILE_ONLY___ :
2021-01-26 05:55:38,562 INFO     ___FILE_ONLY___  
2021-01-26 05:55:38,562 INFO     ___FILE_ONLY___ TARGET_HTTPS_PROXIES
2021-01-26 05:55:38,562 INFO     ___FILE_ONLY___ 

2021-01-26 05:55:38,562 INFO     ___FILE_ONLY___   
2021-01-26 05:55:38,563 INFO     ___FILE_ONLY___ usage
2021-01-26 05:55:38,563 INFO     ___FILE_ONLY___ :
2021-01-26 05:55:38,563 INFO     ___FILE_ONLY___  
2021-01-26 05:55:38,563 INFO     ___FILE_ONLY___ 0.0
2021-01-26 05:55:38,563 INFO     ___FILE_ONLY___ 

2021-01-26 05:55:38,564 INFO     ___FILE_ONLY___ -
2021-01-26 05:55:38,564 INFO     ___FILE_ONLY___  
2021-01-26 05:55:38,564 INFO     ___FILE_ONLY___ limit
2021-01-26 05:55:38,564 INFO     ___FILE_ONLY___ :
2021-01-26 05:55:38,564 INFO     ___FILE_ONLY___  
2021-01-26 05:55:38,564 INFO     ___FILE_ONLY___ 10.0
2021-01-26 05:55:38,565 INFO     ___FILE_ONLY___ 

2021-01-26 05:55:38,565 INFO     ___FILE_ONLY___   
2021-01-26 05:55:38,565 INFO     ___FILE_ONLY___ metric
2021-01-26 05:55:38,565 INFO     ___FILE_ONLY___ :
2021-01-26 05:55:38,565 INFO     ___FILE_ONLY___  
2021-01-26 05:55:38,565 INFO     ___FILE_ONLY___ SSL_CERTIFICATES
2021-01-26 05:55:38,566 INFO     ___FILE_ONLY___ 

2021-01-26 05:55:38,566 INFO     ___FILE_ONLY___   
2021-01-26 05:55:38,566 INFO     ___FILE_ONLY___ usage
2021-01-26 05:55:38,566 INFO     ___FILE_ONLY___ :
2021-01-26 05:55:38,566 INFO     ___FILE_ONLY___  
2021-01-26 05:55:38,566 INFO     ___FILE_ONLY___ 0.0
2021-01-26 05:55:38,567 INFO     ___FILE_ONLY___ 

2021-01-26 05:55:38,567 INFO     ___FILE_ONLY___ -
2021-01-26 05:55:38,567 INFO     ___FILE_ONLY___  
2021-01-26 05:55:38,567 INFO     ___FILE_ONLY___ limit
2021-01-26 05:55:38,567 INFO     ___FILE_ONLY___ :
2021-01-26 05:55:38,567 INFO     ___FILE_ONLY___  
2021-01-26 05:55:38,568 INFO     ___FILE_ONLY___ 100.0
2021-01-26 05:55:38,568 INFO     ___FILE_ONLY___ 

2021-01-26 05:55:38,568 INFO     ___FILE_ONLY___   
2021-01-26 05:55:38,568 INFO     ___FILE_ONLY___ metric
2021-01-26 05:55:38,568 INFO     ___FILE_ONLY___ :
2021-01-26 05:55:38,569 INFO     ___FILE_ONLY___  
2021-01-26 05:55:38,569 INFO     ___FILE_ONLY___ SUBNETWORKS
2021-01-26 05:55:38,569 INFO     ___FILE_ONLY___ 

2021-01-26 05:55:38,569 INFO     ___FILE_ONLY___   
2021-01-26 05:55:38,569 INFO     ___FILE_ONLY___ usage
2021-01-26 05:55:38,569 INFO     ___FILE_ONLY___ :
2021-01-26 05:55:38,569 INFO     ___FILE_ONLY___  
2021-01-26 05:55:38,569 INFO     ___FILE_ONLY___ 24.0
2021-01-26 05:55:38,570 INFO     ___FILE_ONLY___ 

2021-01-26 05:55:38,570 INFO     ___FILE_ONLY___ -
2021-01-26 05:55:38,570 INFO     ___FILE_ONLY___  
2021-01-26 05:55:38,570 INFO     ___FILE_ONLY___ limit
2021-01-26 05:55:38,570 INFO     ___FILE_ONLY___ :
2021-01-26 05:55:38,571 INFO     ___FILE_ONLY___  
2021-01-26 05:55:38,571 INFO     ___FILE_ONLY___ 10.0
2021-01-26 05:55:38,571 INFO     ___FILE_ONLY___ 

2021-01-26 05:55:38,571 INFO     ___FILE_ONLY___   
2021-01-26 05:55:38,571 INFO     ___FILE_ONLY___ metric
2021-01-26 05:55:38,571 INFO     ___FILE_ONLY___ :
2021-01-26 05:55:38,572 INFO     ___FILE_ONLY___  
2021-01-26 05:55:38,572 INFO     ___FILE_ONLY___ TARGET_TCP_PROXIES
2021-01-26 05:55:38,572 INFO     ___FILE_ONLY___ 

2021-01-26 05:55:38,572 INFO     ___FILE_ONLY___   
2021-01-26 05:55:38,572 INFO     ___FILE_ONLY___ usage
2021-01-26 05:55:38,572 INFO     ___FILE_ONLY___ :
2021-01-26 05:55:38,573 INFO     ___FILE_ONLY___  
2021-01-26 05:55:38,573 INFO     ___FILE_ONLY___ 0.0
2021-01-26 05:55:38,573 INFO     ___FILE_ONLY___ 

2021-01-26 05:55:38,573 INFO     ___FILE_ONLY___ -
2021-01-26 05:55:38,574 INFO     ___FILE_ONLY___  
2021-01-26 05:55:38,574 INFO     ___FILE_ONLY___ limit
2021-01-26 05:55:38,574 INFO     ___FILE_ONLY___ :
2021-01-26 05:55:38,574 INFO     ___FILE_ONLY___  
2021-01-26 05:55:38,574 INFO     ___FILE_ONLY___ 12.0
2021-01-26 05:55:38,575 INFO     ___FILE_ONLY___ 

2021-01-26 05:55:38,575 INFO     ___FILE_ONLY___   
2021-01-26 05:55:38,575 INFO     ___FILE_ONLY___ metric
2021-01-26 05:55:38,575 INFO     ___FILE_ONLY___ :
2021-01-26 05:55:38,575 INFO     ___FILE_ONLY___  
2021-01-26 05:55:38,575 INFO     ___FILE_ONLY___ CPUS_ALL_REGIONS
2021-01-26 05:55:38,576 INFO     ___FILE_ONLY___ 

2021-01-26 05:55:38,576 INFO     ___FILE_ONLY___   
2021-01-26 05:55:38,576 INFO     ___FILE_ONLY___ usage
2021-01-26 05:55:38,576 INFO     ___FILE_ONLY___ :
2021-01-26 05:55:38,576 INFO     ___FILE_ONLY___  
2021-01-26 05:55:38,576 INFO     ___FILE_ONLY___ 1.0
2021-01-26 05:55:38,577 INFO     ___FILE_ONLY___ 

2021-01-26 05:55:38,577 INFO     ___FILE_ONLY___ -
2021-01-26 05:55:38,577 INFO     ___FILE_ONLY___  
2021-01-26 05:55:38,577 INFO     ___FILE_ONLY___ limit
2021-01-26 05:55:38,577 INFO     ___FILE_ONLY___ :
2021-01-26 05:55:38,577 INFO     ___FILE_ONLY___  
2021-01-26 05:55:38,578 INFO     ___FILE_ONLY___ 0.0
2021-01-26 05:55:38,578 INFO     ___FILE_ONLY___ 

2021-01-26 05:55:38,578 INFO     ___FILE_ONLY___   
2021-01-26 05:55:38,578 INFO     ___FILE_ONLY___ metric
2021-01-26 05:55:38,578 INFO     ___FILE_ONLY___ :
2021-01-26 05:55:38,578 INFO     ___FILE_ONLY___  
2021-01-26 05:55:38,578 INFO     ___FILE_ONLY___ SECURITY_POLICIES
2021-01-26 05:55:38,579 INFO     ___FILE_ONLY___ 

2021-01-26 05:55:38,579 INFO     ___FILE_ONLY___   
2021-01-26 05:55:38,579 INFO     ___FILE_ONLY___ usage
2021-01-26 05:55:38,579 INFO     ___FILE_ONLY___ :
2021-01-26 05:55:38,579 INFO     ___FILE_ONLY___  
2021-01-26 05:55:38,579 INFO     ___FILE_ONLY___ 0.0
2021-01-26 05:55:38,580 INFO     ___FILE_ONLY___ 

2021-01-26 05:55:38,580 INFO     ___FILE_ONLY___ -
2021-01-26 05:55:38,580 INFO     ___FILE_ONLY___  
2021-01-26 05:55:38,580 INFO     ___FILE_ONLY___ limit
2021-01-26 05:55:38,580 INFO     ___FILE_ONLY___ :
2021-01-26 05:55:38,581 INFO     ___FILE_ONLY___  
2021-01-26 05:55:38,581 INFO     ___FILE_ONLY___ 0.0
2021-01-26 05:55:38,581 INFO     ___FILE_ONLY___ 

2021-01-26 05:55:38,581 INFO     ___FILE_ONLY___   
2021-01-26 05:55:38,581 INFO     ___FILE_ONLY___ metric
2021-01-26 05:55:38,581 INFO     ___FILE_ONLY___ :
2021-01-26 05:55:38,582 INFO     ___FILE_ONLY___  
2021-01-26 05:55:38,582 INFO     ___FILE_ONLY___ SECURITY_POLICY_RULES
2021-01-26 05:55:38,582 INFO     ___FILE_ONLY___ 

2021-01-26 05:55:38,582 INFO     ___FILE_ONLY___   
2021-01-26 05:55:38,582 INFO     ___FILE_ONLY___ usage
2021-01-26 05:55:38,582 INFO     ___FILE_ONLY___ :
2021-01-26 05:55:38,582 INFO     ___FILE_ONLY___  
2021-01-26 05:55:38,583 INFO     ___FILE_ONLY___ 0.0
2021-01-26 05:55:38,583 INFO     ___FILE_ONLY___ 

2021-01-26 05:55:38,583 INFO     ___FILE_ONLY___ -
2021-01-26 05:55:38,583 INFO     ___FILE_ONLY___  
2021-01-26 05:55:38,583 INFO     ___FILE_ONLY___ limit
2021-01-26 05:55:38,583 INFO     ___FILE_ONLY___ :
2021-01-26 05:55:38,584 INFO     ___FILE_ONLY___  
2021-01-26 05:55:38,584 INFO     ___FILE_ONLY___ 20.0
2021-01-26 05:55:38,584 INFO     ___FILE_ONLY___ 

2021-01-26 05:55:38,584 INFO     ___FILE_ONLY___   
2021-01-26 05:55:38,584 INFO     ___FILE_ONLY___ metric
2021-01-26 05:55:38,584 INFO     ___FILE_ONLY___ :
2021-01-26 05:55:38,585 INFO     ___FILE_ONLY___  
2021-01-26 05:55:38,585 INFO     ___FILE_ONLY___ PACKET_MIRRORINGS
2021-01-26 05:55:38,585 INFO     ___FILE_ONLY___ 

2021-01-26 05:55:38,585 INFO     ___FILE_ONLY___   
2021-01-26 05:55:38,585 INFO     ___FILE_ONLY___ usage
2021-01-26 05:55:38,585 INFO     ___FILE_ONLY___ :
2021-01-26 05:55:38,586 INFO     ___FILE_ONLY___  
2021-01-26 05:55:38,586 INFO     ___FILE_ONLY___ 0.0
2021-01-26 05:55:38,586 INFO     ___FILE_ONLY___ 

2021-01-26 05:55:38,586 INFO     ___FILE_ONLY___ -
2021-01-26 05:55:38,586 INFO     ___FILE_ONLY___  
2021-01-26 05:55:38,587 INFO     ___FILE_ONLY___ limit
2021-01-26 05:55:38,587 INFO     ___FILE_ONLY___ :
2021-01-26 05:55:38,587 INFO     ___FILE_ONLY___  
2021-01-26 05:55:38,587 INFO     ___FILE_ONLY___ 100.0
2021-01-26 05:55:38,587 INFO     ___FILE_ONLY___ 

2021-01-26 05:55:38,587 INFO     ___FILE_ONLY___   
2021-01-26 05:55:38,587 INFO     ___FILE_ONLY___ metric
2021-01-26 05:55:38,588 INFO     ___FILE_ONLY___ :
2021-01-26 05:55:38,588 INFO     ___FILE_ONLY___  
2021-01-26 05:55:38,588 INFO     ___FILE_ONLY___ NETWORK_ENDPOINT_GROUPS
2021-01-26 05:55:38,588 INFO     ___FILE_ONLY___ 

2021-01-26 05:55:38,589 INFO     ___FILE_ONLY___   
2021-01-26 05:55:38,590 INFO     ___FILE_ONLY___ usage
2021-01-26 05:55:38,590 INFO     ___FILE_ONLY___ :
2021-01-26 05:55:38,590 INFO     ___FILE_ONLY___  
2021-01-26 05:55:38,590 INFO     ___FILE_ONLY___ 0.0
2021-01-26 05:55:38,591 INFO     ___FILE_ONLY___ 

2021-01-26 05:55:38,591 INFO     ___FILE_ONLY___ -
2021-01-26 05:55:38,591 INFO     ___FILE_ONLY___  
2021-01-26 05:55:38,591 INFO     ___FILE_ONLY___ limit
2021-01-26 05:55:38,591 INFO     ___FILE_ONLY___ :
2021-01-26 05:55:38,592 INFO     ___FILE_ONLY___  
2021-01-26 05:55:38,592 INFO     ___FILE_ONLY___ 6.0
2021-01-26 05:55:38,592 INFO     ___FILE_ONLY___ 

2021-01-26 05:55:38,592 INFO     ___FILE_ONLY___   
2021-01-26 05:55:38,592 INFO     ___FILE_ONLY___ metric
2021-01-26 05:55:38,592 INFO     ___FILE_ONLY___ :
2021-01-26 05:55:38,592 INFO     ___FILE_ONLY___  
2021-01-26 05:55:38,593 INFO     ___FILE_ONLY___ INTERCONNECTS
2021-01-26 05:55:38,593 INFO     ___FILE_ONLY___ 

2021-01-26 05:55:38,593 INFO     ___FILE_ONLY___   
2021-01-26 05:55:38,593 INFO     ___FILE_ONLY___ usage
2021-01-26 05:55:38,593 INFO     ___FILE_ONLY___ :
2021-01-26 05:55:38,593 INFO     ___FILE_ONLY___  
2021-01-26 05:55:38,594 INFO     ___FILE_ONLY___ 0.0
2021-01-26 05:55:38,594 INFO     ___FILE_ONLY___ 

2021-01-26 05:55:38,594 INFO     ___FILE_ONLY___ -
2021-01-26 05:55:38,594 INFO     ___FILE_ONLY___  
2021-01-26 05:55:38,594 INFO     ___FILE_ONLY___ limit
2021-01-26 05:55:38,595 INFO     ___FILE_ONLY___ :
2021-01-26 05:55:38,595 INFO     ___FILE_ONLY___  
2021-01-26 05:55:38,595 INFO     ___FILE_ONLY___ 5000.0
2021-01-26 05:55:38,595 INFO     ___FILE_ONLY___ 

2021-01-26 05:55:38,595 INFO     ___FILE_ONLY___   
2021-01-26 05:55:38,595 INFO     ___FILE_ONLY___ metric
2021-01-26 05:55:38,596 INFO     ___FILE_ONLY___ :
2021-01-26 05:55:38,596 INFO     ___FILE_ONLY___  
2021-01-26 05:55:38,596 INFO     ___FILE_ONLY___ GLOBAL_INTERNAL_ADDRESSES
2021-01-26 05:55:38,596 INFO     ___FILE_ONLY___ 

2021-01-26 05:55:38,596 INFO     ___FILE_ONLY___   
2021-01-26 05:55:38,596 INFO     ___FILE_ONLY___ usage
2021-01-26 05:55:38,597 INFO     ___FILE_ONLY___ :
2021-01-26 05:55:38,597 INFO     ___FILE_ONLY___  
2021-01-26 05:55:38,597 INFO     ___FILE_ONLY___ 0.0
2021-01-26 05:55:38,597 INFO     ___FILE_ONLY___ 

2021-01-26 05:55:38,597 INFO     ___FILE_ONLY___ -
2021-01-26 05:55:38,598 INFO     ___FILE_ONLY___  
2021-01-26 05:55:38,598 INFO     ___FILE_ONLY___ limit
2021-01-26 05:55:38,598 INFO     ___FILE_ONLY___ :
2021-01-26 05:55:38,598 INFO     ___FILE_ONLY___  
2021-01-26 05:55:38,598 INFO     ___FILE_ONLY___ 5.0
2021-01-26 05:55:38,599 INFO     ___FILE_ONLY___ 

2021-01-26 05:55:38,599 INFO     ___FILE_ONLY___   
2021-01-26 05:55:38,599 INFO     ___FILE_ONLY___ metric
2021-01-26 05:55:38,599 INFO     ___FILE_ONLY___ :
2021-01-26 05:55:38,599 INFO     ___FILE_ONLY___  
2021-01-26 05:55:38,599 INFO     ___FILE_ONLY___ VPN_GATEWAYS
2021-01-26 05:55:38,599 INFO     ___FILE_ONLY___ 

2021-01-26 05:55:38,600 INFO     ___FILE_ONLY___   
2021-01-26 05:55:38,600 INFO     ___FILE_ONLY___ usage
2021-01-26 05:55:38,600 INFO     ___FILE_ONLY___ :
2021-01-26 05:55:38,600 INFO     ___FILE_ONLY___  
2021-01-26 05:55:38,600 INFO     ___FILE_ONLY___ 0.0
2021-01-26 05:55:38,601 INFO     ___FILE_ONLY___ 

2021-01-26 05:55:38,601 INFO     ___FILE_ONLY___ -
2021-01-26 05:55:38,601 INFO     ___FILE_ONLY___  
2021-01-26 05:55:38,601 INFO     ___FILE_ONLY___ limit
2021-01-26 05:55:38,601 INFO     ___FILE_ONLY___ :
2021-01-26 05:55:38,601 INFO     ___FILE_ONLY___  
2021-01-26 05:55:38,601 INFO     ___FILE_ONLY___ 100.0
2021-01-26 05:55:38,602 INFO     ___FILE_ONLY___ 

2021-01-26 05:55:38,602 INFO     ___FILE_ONLY___   
2021-01-26 05:55:38,602 INFO     ___FILE_ONLY___ metric
2021-01-26 05:55:38,602 INFO     ___FILE_ONLY___ :
2021-01-26 05:55:38,602 INFO     ___FILE_ONLY___  
2021-01-26 05:55:38,602 INFO     ___FILE_ONLY___ MACHINE_IMAGES
2021-01-26 05:55:38,603 INFO     ___FILE_ONLY___ 

2021-01-26 05:55:38,603 INFO     ___FILE_ONLY___   
2021-01-26 05:55:38,603 INFO     ___FILE_ONLY___ usage
2021-01-26 05:55:38,603 INFO     ___FILE_ONLY___ :
2021-01-26 05:55:38,603 INFO     ___FILE_ONLY___  
2021-01-26 05:55:38,603 INFO     ___FILE_ONLY___ 0.0
2021-01-26 05:55:38,604 INFO     ___FILE_ONLY___ 

2021-01-26 05:55:38,604 INFO     ___FILE_ONLY___ -
2021-01-26 05:55:38,604 INFO     ___FILE_ONLY___  
2021-01-26 05:55:38,604 INFO     ___FILE_ONLY___ limit
2021-01-26 05:55:38,604 INFO     ___FILE_ONLY___ :
2021-01-26 05:55:38,604 INFO     ___FILE_ONLY___  
2021-01-26 05:55:38,604 INFO     ___FILE_ONLY___ 0.0
2021-01-26 05:55:38,605 INFO     ___FILE_ONLY___ 

2021-01-26 05:55:38,605 INFO     ___FILE_ONLY___   
2021-01-26 05:55:38,605 INFO     ___FILE_ONLY___ metric
2021-01-26 05:55:38,605 INFO     ___FILE_ONLY___ :
2021-01-26 05:55:38,605 INFO     ___FILE_ONLY___  
2021-01-26 05:55:38,606 INFO     ___FILE_ONLY___ SECURITY_POLICY_CEVAL_RULES
2021-01-26 05:55:38,606 INFO     ___FILE_ONLY___ 

2021-01-26 05:55:38,606 INFO     ___FILE_ONLY___   
2021-01-26 05:55:38,606 INFO     ___FILE_ONLY___ usage
2021-01-26 05:55:38,606 INFO     ___FILE_ONLY___ :
2021-01-26 05:55:38,606 INFO     ___FILE_ONLY___  
2021-01-26 05:55:38,607 INFO     ___FILE_ONLY___ 0.0
2021-01-26 05:55:38,607 INFO     ___FILE_ONLY___ 

2021-01-26 05:55:38,607 INFO     ___FILE_ONLY___ -
2021-01-26 05:55:38,608 INFO     ___FILE_ONLY___  
2021-01-26 05:55:38,608 INFO     ___FILE_ONLY___ limit
2021-01-26 05:55:38,608 INFO     ___FILE_ONLY___ :
2021-01-26 05:55:38,609 INFO     ___FILE_ONLY___  
2021-01-26 05:55:38,609 INFO     ___FILE_ONLY___ 0.0
2021-01-26 05:55:38,609 INFO     ___FILE_ONLY___ 

2021-01-26 05:55:38,609 INFO     ___FILE_ONLY___   
2021-01-26 05:55:38,609 INFO     ___FILE_ONLY___ metric
2021-01-26 05:55:38,609 INFO     ___FILE_ONLY___ :
2021-01-26 05:55:38,609 INFO     ___FILE_ONLY___  
2021-01-26 05:55:38,610 INFO     ___FILE_ONLY___ GPUS_ALL_REGIONS
2021-01-26 05:55:38,610 INFO     ___FILE_ONLY___ 

2021-01-26 05:55:38,610 INFO     ___FILE_ONLY___   
2021-01-26 05:55:38,610 INFO     ___FILE_ONLY___ usage
2021-01-26 05:55:38,610 INFO     ___FILE_ONLY___ :
2021-01-26 05:55:38,610 INFO     ___FILE_ONLY___  
2021-01-26 05:55:38,610 INFO     ___FILE_ONLY___ 0.0
2021-01-26 05:55:38,611 INFO     ___FILE_ONLY___ 

2021-01-26 05:55:38,611 INFO     ___FILE_ONLY___ -
2021-01-26 05:55:38,611 INFO     ___FILE_ONLY___  
2021-01-26 05:55:38,611 INFO     ___FILE_ONLY___ limit
2021-01-26 05:55:38,611 INFO     ___FILE_ONLY___ :
2021-01-26 05:55:38,611 INFO     ___FILE_ONLY___  
2021-01-26 05:55:38,612 INFO     ___FILE_ONLY___ 5.0
2021-01-26 05:55:38,612 INFO     ___FILE_ONLY___ 

2021-01-26 05:55:38,612 INFO     ___FILE_ONLY___   
2021-01-26 05:55:38,612 INFO     ___FILE_ONLY___ metric
2021-01-26 05:55:38,612 INFO     ___FILE_ONLY___ :
2021-01-26 05:55:38,612 INFO     ___FILE_ONLY___  
2021-01-26 05:55:38,612 INFO     ___FILE_ONLY___ EXTERNAL_VPN_GATEWAYS
2021-01-26 05:55:38,613 INFO     ___FILE_ONLY___ 

2021-01-26 05:55:38,613 INFO     ___FILE_ONLY___   
2021-01-26 05:55:38,613 INFO     ___FILE_ONLY___ usage
2021-01-26 05:55:38,613 INFO     ___FILE_ONLY___ :
2021-01-26 05:55:38,613 INFO     ___FILE_ONLY___  
2021-01-26 05:55:38,613 INFO     ___FILE_ONLY___ 0.0
2021-01-26 05:55:38,614 INFO     ___FILE_ONLY___ 

2021-01-26 05:55:38,614 INFO     ___FILE_ONLY___ -
2021-01-26 05:55:38,614 INFO     ___FILE_ONLY___  
2021-01-26 05:55:38,614 INFO     ___FILE_ONLY___ limit
2021-01-26 05:55:38,614 INFO     ___FILE_ONLY___ :
2021-01-26 05:55:38,614 INFO     ___FILE_ONLY___  
2021-01-26 05:55:38,615 INFO     ___FILE_ONLY___ 1.0
2021-01-26 05:55:38,615 INFO     ___FILE_ONLY___ 

2021-01-26 05:55:38,615 INFO     ___FILE_ONLY___   
2021-01-26 05:55:38,615 INFO     ___FILE_ONLY___ metric
2021-01-26 05:55:38,615 INFO     ___FILE_ONLY___ :
2021-01-26 05:55:38,616 INFO     ___FILE_ONLY___  
2021-01-26 05:55:38,616 INFO     ___FILE_ONLY___ PUBLIC_ADVERTISED_PREFIXES
2021-01-26 05:55:38,616 INFO     ___FILE_ONLY___ 

2021-01-26 05:55:38,616 INFO     ___FILE_ONLY___   
2021-01-26 05:55:38,616 INFO     ___FILE_ONLY___ usage
2021-01-26 05:55:38,617 INFO     ___FILE_ONLY___ :
2021-01-26 05:55:38,617 INFO     ___FILE_ONLY___  
2021-01-26 05:55:38,617 INFO     ___FILE_ONLY___ 0.0
2021-01-26 05:55:38,617 INFO     ___FILE_ONLY___ 

2021-01-26 05:55:38,617 INFO     ___FILE_ONLY___ -
2021-01-26 05:55:38,617 INFO     ___FILE_ONLY___  
2021-01-26 05:55:38,618 INFO     ___FILE_ONLY___ limit
2021-01-26 05:55:38,618 INFO     ___FILE_ONLY___ :
2021-01-26 05:55:38,618 INFO     ___FILE_ONLY___  
2021-01-26 05:55:38,618 INFO     ___FILE_ONLY___ 10.0
2021-01-26 05:55:38,618 INFO     ___FILE_ONLY___ 

2021-01-26 05:55:38,618 INFO     ___FILE_ONLY___   
2021-01-26 05:55:38,618 INFO     ___FILE_ONLY___ metric
2021-01-26 05:55:38,619 INFO     ___FILE_ONLY___ :
2021-01-26 05:55:38,619 INFO     ___FILE_ONLY___  
2021-01-26 05:55:38,619 INFO     ___FILE_ONLY___ PUBLIC_DELEGATED_PREFIXES
2021-01-26 05:55:38,619 INFO     ___FILE_ONLY___ 

2021-01-26 05:55:38,619 INFO     ___FILE_ONLY___   
2021-01-26 05:55:38,619 INFO     ___FILE_ONLY___ usage
2021-01-26 05:55:38,620 INFO     ___FILE_ONLY___ :
2021-01-26 05:55:38,620 INFO     ___FILE_ONLY___  
2021-01-26 05:55:38,620 INFO     ___FILE_ONLY___ 0.0
2021-01-26 05:55:38,620 INFO     ___FILE_ONLY___ 

2021-01-26 05:55:38,620 INFO     ___FILE_ONLY___ -
2021-01-26 05:55:38,620 INFO     ___FILE_ONLY___  
2021-01-26 05:55:38,621 INFO     ___FILE_ONLY___ limit
2021-01-26 05:55:38,621 INFO     ___FILE_ONLY___ :
2021-01-26 05:55:38,621 INFO     ___FILE_ONLY___  
2021-01-26 05:55:38,622 INFO     ___FILE_ONLY___ 128.0
2021-01-26 05:55:38,622 INFO     ___FILE_ONLY___ 

2021-01-26 05:55:38,622 INFO     ___FILE_ONLY___   
2021-01-26 05:55:38,623 INFO     ___FILE_ONLY___ metric
2021-01-26 05:55:38,623 INFO     ___FILE_ONLY___ :
2021-01-26 05:55:38,624 INFO     ___FILE_ONLY___  
2021-01-26 05:55:38,624 INFO     ___FILE_ONLY___ STATIC_BYOIP_ADDRESSES
2021-01-26 05:55:38,624 INFO     ___FILE_ONLY___ 

2021-01-26 05:55:38,624 INFO     ___FILE_ONLY___   
2021-01-26 05:55:38,624 INFO     ___FILE_ONLY___ usage
2021-01-26 05:55:38,625 INFO     ___FILE_ONLY___ :
2021-01-26 05:55:38,625 INFO     ___FILE_ONLY___  
2021-01-26 05:55:38,625 INFO     ___FILE_ONLY___ 0.0
2021-01-26 05:55:38,625 INFO     ___FILE_ONLY___ 

2021-01-26 05:55:38,625 INFO     ___FILE_ONLY___ selfLink
2021-01-26 05:55:38,626 INFO     ___FILE_ONLY___ :
2021-01-26 05:55:38,626 INFO     ___FILE_ONLY___  
2021-01-26 05:55:38,626 INFO     ___FILE_ONLY___ https://www.googleapis.com/compute/v1/projects/shakeergcp
2021-01-26 05:55:38,626 INFO     ___FILE_ONLY___ 

2021-01-26 05:55:38,627 INFO     ___FILE_ONLY___ xpnProjectStatus
2021-01-26 05:55:38,627 INFO     ___FILE_ONLY___ :
2021-01-26 05:55:38,627 INFO     ___FILE_ONLY___  
2021-01-26 05:55:38,627 INFO     ___FILE_ONLY___ UNSPECIFIED_XPN_PROJECT_STATUS
2021-01-26 05:55:38,627 INFO     ___FILE_ONLY___ 

2021-01-26 05:55:38,628 DEBUG    root            SDK update checks are disabled.
