2021-01-16 23:31:53,947 DEBUG    root            Loaded Command Group: ['gcloud', 'config']
2021-01-16 23:31:53,949 DEBUG    root            Loaded Command Group: ['gcloud', 'config', 'configurations']
2021-01-16 23:31:53,952 DEBUG    root            Loaded Command Group: ['gcloud', 'config', 'configurations', 'list']
2021-01-16 23:31:53,957 DEBUG    root            Running [gcloud.config.configurations.list] with arguments: []
2021-01-16 23:31:53,960 INFO     root            Display format: "table(
        name,
        is_active,
        properties.core.account,
        properties.core.project,
        properties.compute.zone:label=COMPUTE_DEFAULT_ZONE,
        properties.compute.region:label=COMPUTE_DEFAULT_REGION)
    "
2021-01-16 23:31:54,117 INFO     ___FILE_ONLY___ NAME
2021-01-16 23:31:54,118 INFO     ___FILE_ONLY___      
2021-01-16 23:31:54,118 INFO     ___FILE_ONLY___ IS_ACTIVE
2021-01-16 23:31:54,118 INFO     ___FILE_ONLY___   
2021-01-16 23:31:54,118 INFO     ___FILE_ONLY___ ACCOUNT
2021-01-16 23:31:54,118 INFO     ___FILE_ONLY___   
2021-01-16 23:31:54,118 INFO     ___FILE_ONLY___ PROJECT
2021-01-16 23:31:54,118 INFO     ___FILE_ONLY___   
2021-01-16 23:31:54,118 INFO     ___FILE_ONLY___ COMPUTE_DEFAULT_ZONE
2021-01-16 23:31:54,119 INFO     ___FILE_ONLY___   
2021-01-16 23:31:54,119 INFO     ___FILE_ONLY___ COMPUTE_DEFAULT_REGION
2021-01-16 23:31:54,119 INFO     ___FILE_ONLY___ 

2021-01-16 23:31:54,119 INFO     ___FILE_ONLY___ default
2021-01-16 23:31:54,119 INFO     ___FILE_ONLY___   
2021-01-16 23:31:54,119 INFO     ___FILE_ONLY___ True
2021-01-16 23:31:54,120 INFO     ___FILE_ONLY___ 

2021-01-16 23:31:54,121 DEBUG    root            SDK update checks are disabled.
