2021-01-17 04:01:58,881 ERROR    root            (gcloud) Command name argument expected.
2021-01-17 04:01:58,883 DEBUG    root            No implementation for release track [GA] for element: [/usr/lib64/google-cloud-sdk/lib/surface/assured]
2021-01-17 04:01:58,887 DEBUG    root            Loaded Command Group: ['gcloud', 'config']
2021-01-17 04:01:58,911 DEBUG    root            Loaded Command Group: ['gcloud', 'container']
2021-01-17 04:01:58,919 DEBUG    root            No implementation for release track [GA] for element: [/usr/lib64/google-cloud-sdk/lib/surface/admin_service_cluster]
2021-01-17 04:01:58,921 DEBUG    root            Loaded Command Group: ['gcloud', 'access_context_manager']
2021-01-17 04:01:58,928 DEBUG    root            No implementation for release track [GA] for element: [/usr/lib64/google-cloud-sdk/lib/surface/commerce_procurement]
2021-01-17 04:01:58,930 DEBUG    root            Loaded Command Group: ['gcloud', 'organizations']
2021-01-17 04:01:58,938 DEBUG    root            No implementation for release track [GA] for element: [/usr/lib64/google-cloud-sdk/lib/surface/transcoder]
2021-01-17 04:01:58,940 DEBUG    root            Loaded Command Group: ['gcloud', 'apigee']
2021-01-17 04:01:58,950 DEBUG    root            Loaded Command Group: ['gcloud', 'dns']
2021-01-17 04:01:58,965 DEBUG    root            No implementation for release track [GA] for element: [/usr/lib64/google-cloud-sdk/lib/surface/recaptcha]
2021-01-17 04:01:58,967 DEBUG    root            Loaded Command Group: ['gcloud', 'recommender']
2021-01-17 04:01:58,988 DEBUG    root            Loaded Command Group: ['gcloud', 'projects']
2021-01-17 04:01:58,998 DEBUG    root            Loaded Command Group: ['gcloud', 'scheduler']
2021-01-17 04:01:59,005 DEBUG    root            No implementation for release track [GA] for element: [/usr/lib64/google-cloud-sdk/lib/surface/memcache]
2021-01-17 04:01:59,007 DEBUG    root            Loaded Command Group: ['gcloud', 'game']
2021-01-17 04:01:59,017 DEBUG    root            No implementation for release track [GA] for element: [/usr/lib64/google-cloud-sdk/lib/surface/runtime_config]
2021-01-17 04:01:59,019 DEBUG    root            Loaded Command Group: ['gcloud', 'auth']
2021-01-17 04:01:59,029 DEBUG    root            Loaded Command Group: ['gcloud', 'filestore']
2021-01-17 04:01:59,036 DEBUG    root            Loaded Command Group: ['gcloud', 'source']
2021-01-17 04:01:59,041 DEBUG    root            No implementation for release track [GA] for element: [/usr/lib64/google-cloud-sdk/lib/surface/metastore]
2021-01-17 04:01:59,043 DEBUG    root            No implementation for release track [GA] for element: [/usr/lib64/google-cloud-sdk/lib/surface/error_reporting]
2021-01-17 04:01:59,044 DEBUG    root            No implementation for release track [GA] for element: [/usr/lib64/google-cloud-sdk/lib/surface/data_fusion]
2021-01-17 04:01:59,045 DEBUG    root            Loaded Command Group: ['gcloud', 'endpoints']
2021-01-17 04:01:59,051 DEBUG    root            No implementation for release track [GA] for element: [/usr/lib64/google-cloud-sdk/lib/surface/org_policies]
2021-01-17 04:01:59,053 DEBUG    root            No implementation for release track [GA] for element: [/usr/lib64/google-cloud-sdk/lib/surface/labelmanager]
2021-01-17 04:01:59,054 DEBUG    root            No implementation for release track [GA] for element: [/usr/lib64/google-cloud-sdk/lib/surface/network_services]
2021-01-17 04:01:59,056 DEBUG    root            No implementation for release track [GA] for element: [/usr/lib64/google-cloud-sdk/lib/surface/remote_build_execution]
2021-01-17 04:01:59,255 DEBUG    root            No implementation for release track [GA] for element: [/usr/lib64/google-cloud-sdk/lib/surface/interactive]
2021-01-17 04:01:59,256 DEBUG    root            Loaded Command Group: ['gcloud', 'artifacts']
2021-01-17 04:01:59,264 DEBUG    root            Loaded Command Group: ['gcloud', 'composer']
2021-01-17 04:01:59,278 DEBUG    root            Loaded Command Group: ['gcloud', 'feedback']
2021-01-17 04:01:59,374 DEBUG    root            No implementation for release track [GA] for element: [/usr/lib64/google-cloud-sdk/lib/surface/api_gateway]
2021-01-17 04:01:59,376 DEBUG    root            Loaded Command Group: ['gcloud', 'asset']
2021-01-17 04:01:59,392 DEBUG    root            Loaded Command Group: ['gcloud', 'survey']
2021-01-17 04:01:59,397 DEBUG    root            Loaded Command Group: ['gcloud', 'healthcare']
2021-01-17 04:01:59,404 DEBUG    root            No implementation for release track [GA] for element: [/usr/lib64/google-cloud-sdk/lib/surface/database_migration]
2021-01-17 04:01:59,406 DEBUG    root            Loaded Command Group: ['gcloud', 'cheat_sheet']
2021-01-17 04:01:59,413 DEBUG    root            Loaded Command Group: ['gcloud', 'resource_manager']
2021-01-17 04:01:59,419 DEBUG    root            Loaded Command Group: ['gcloud', 'components']
2021-01-17 04:01:59,427 DEBUG    root            Loaded Command Group: ['gcloud', 'topic']
2021-01-17 04:01:59,434 DEBUG    root            Loaded Command Group: ['gcloud', 'app']
2021-01-17 04:01:59,443 DEBUG    root            No implementation for release track [GA] for element: [/usr/lib64/google-cloud-sdk/lib/surface/network_security]
2021-01-17 04:01:59,445 DEBUG    root            Loaded Command Group: ['gcloud', 'services']
2021-01-17 04:01:59,465 DEBUG    root            Loaded Command Group: ['gcloud', 'init']
2021-01-17 04:01:59,472 DEBUG    root            No implementation for release track [GA] for element: [/usr/lib64/google-cloud-sdk/lib/surface/trace]
2021-01-17 04:01:59,477 DEBUG    root            Loaded Command Group: ['gcloud', 'debug']
2021-01-17 04:01:59,485 DEBUG    root            Loaded Command Group: ['gcloud', 'datastore']
2021-01-17 04:01:59,490 DEBUG    root            No implementation for release track [GA] for element: [/usr/lib64/google-cloud-sdk/lib/surface/web_security_scanner]
2021-01-17 04:01:59,492 DEBUG    root            No implementation for release track [GA] for element: [/usr/lib64/google-cloud-sdk/lib/surface/kuberun]
2021-01-17 04:01:59,493 DEBUG    root            No implementation for release track [GA] for element: [/usr/lib64/google-cloud-sdk/lib/surface/dlp]
2021-01-17 04:01:59,494 DEBUG    root            No implementation for release track [GA] for element: [/usr/lib64/google-cloud-sdk/lib/surface/workflows]
2021-01-17 04:01:59,495 DEBUG    root            Loaded Command Group: ['gcloud', 'iam']
2021-01-17 04:01:59,506 DEBUG    root            No implementation for release track [GA] for element: [/usr/lib64/google-cloud-sdk/lib/surface/code]
2021-01-17 04:01:59,508 DEBUG    root            Loaded Command Group: ['gcloud', 'ml_engine']
2021-01-17 04:01:59,517 DEBUG    root            Loaded Command Group: ['gcloud', 'info']
2021-01-17 04:01:59,523 DEBUG    root            No implementation for release track [GA] for element: [/usr/lib64/google-cloud-sdk/lib/surface/privateca]
2021-01-17 04:01:59,525 DEBUG    root            Loaded Command Group: ['gcloud', 'eventarc']
2021-01-17 04:01:59,531 DEBUG    root            No implementation for release track [GA] for element: [/usr/lib64/google-cloud-sdk/lib/surface/resource_settings]
2021-01-17 04:01:59,532 DEBUG    root            Loaded Command Group: ['gcloud', 'service_directory']
2021-01-17 04:01:59,538 DEBUG    root            Loaded Command Group: ['gcloud', 'domains']
2021-01-17 04:01:59,543 DEBUG    root            No implementation for release track [GA] for element: [/usr/lib64/google-cloud-sdk/lib/surface/notebooks]
2021-01-17 04:01:59,545 DEBUG    root            No implementation for release track [GA] for element: [/usr/lib64/google-cloud-sdk/lib/surface/access_approval]
2021-01-17 04:01:59,546 DEBUG    root            Loaded Command Group: ['gcloud', 'sql']
2021-01-17 04:01:59,554 DEBUG    root            Loaded Command Group: ['gcloud', 'meta']
2021-01-17 04:01:59,561 DEBUG    root            Loaded Command Group: ['gcloud', 'tasks']
2021-01-17 04:01:59,568 DEBUG    root            No implementation for release track [GA] for element: [/usr/lib64/google-cloud-sdk/lib/surface/certificate_manager]
2021-01-17 04:01:59,570 DEBUG    root            Loaded Command Group: ['gcloud', 'kms']
2021-01-17 04:01:59,577 DEBUG    root            No implementation for release track [GA] for element: [/usr/lib64/google-cloud-sdk/lib/surface/dialogflow]
2021-01-17 04:01:59,579 DEBUG    root            Loaded Command Group: ['gcloud', 'policy_troubleshoot']
2021-01-17 04:01:59,583 DEBUG    root            Loaded Command Group: ['gcloud', 'scc']
2021-01-17 04:01:59,591 DEBUG    root            Loaded Command Group: ['gcloud', 'version']
2021-01-17 04:01:59,595 DEBUG    root            No implementation for release track [GA] for element: [/usr/lib64/google-cloud-sdk/lib/surface/ai]
2021-01-17 04:01:59,606 DEBUG    root            Loaded Command Group: ['gcloud', 'docker']
2021-01-17 04:01:59,613 DEBUG    root            Loaded Command Group: ['gcloud', 'data_catalog']
2021-01-17 04:01:59,619 DEBUG    root            No implementation for release track [GA] for element: [/usr/lib64/google-cloud-sdk/lib/surface/storage]
2021-01-17 04:01:59,620 DEBUG    root            No implementation for release track [GA] for element: [/usr/lib64/google-cloud-sdk/lib/surface/lifesciences]
2021-01-17 04:01:59,621 DEBUG    root            Loaded Command Group: ['gcloud', 'ai_platform']
2021-01-17 04:01:59,628 DEBUG    root            No implementation for release track [GA] for element: [/usr/lib64/google-cloud-sdk/lib/surface/bq]
2021-01-17 04:01:59,629 DEBUG    root            No implementation for release track [GA] for element: [/usr/lib64/google-cloud-sdk/lib/surface/network_connectivity]
2021-01-17 04:01:59,631 DEBUG    root            Loaded Command Group: ['gcloud', 'firebase']
2021-01-17 04:01:59,640 DEBUG    root            Loaded Command Group: ['gcloud', 'pubsub']
2021-01-17 04:01:59,649 DEBUG    root            Loaded Command Group: ['gcloud', 'functions']
2021-01-17 04:01:59,716 DEBUG    root            No implementation for release track [GA] for element: [/usr/lib64/google-cloud-sdk/lib/surface/events]
2021-01-17 04:01:59,719 DEBUG    root            Loaded Command Group: ['gcloud', 'builds']
2021-01-17 04:01:59,725 DEBUG    root            Loaded Command Group: ['gcloud', 'spanner']
2021-01-17 04:01:59,732 DEBUG    root            Loaded Command Group: ['gcloud', 'anthos']
2021-01-17 04:01:59,739 DEBUG    root            Loaded Command Group: ['gcloud', 'dataflow']
2021-01-17 04:01:59,745 DEBUG    root            Loaded Command Group: ['gcloud', 'identity']
2021-01-17 04:01:59,751 DEBUG    root            Loaded Command Group: ['gcloud', 'redis']
2021-01-17 04:01:59,757 DEBUG    root            Loaded Command Group: ['gcloud', 'run']
2021-01-17 04:01:59,763 DEBUG    root            Loaded Command Group: ['gcloud', 'secrets']
2021-01-17 04:01:59,770 DEBUG    root            No implementation for release track [GA] for element: [/usr/lib64/google-cloud-sdk/lib/surface/genomics]
2021-01-17 04:01:59,772 DEBUG    root            Loaded Command Group: ['gcloud', 'firestore']
2021-01-17 04:01:59,779 DEBUG    root            Loaded Command Group: ['gcloud', 'monitoring']
2021-01-17 04:01:59,784 DEBUG    root            No implementation for release track [GA] for element: [/usr/lib64/google-cloud-sdk/lib/surface/vmware]
2021-01-17 04:01:59,785 DEBUG    root            Loaded Command Group: ['gcloud', 'iot']
2021-01-17 04:01:59,792 DEBUG    root            Loaded Command Group: ['gcloud', 'billing']
2021-01-17 04:01:59,891 DEBUG    root            Loaded Command Group: ['gcloud', 'compute']
2021-01-17 04:01:59,904 DEBUG    root            Loaded Command Group: ['gcloud', 'network_management']
2021-01-17 04:01:59,910 DEBUG    root            Loaded Command Group: ['gcloud', 'active_directory']
2021-01-17 04:01:59,916 DEBUG    root            Loaded Command Group: ['gcloud', 'deployment_manager']
2021-01-17 04:01:59,921 DEBUG    root            Loaded Command Group: ['gcloud', 'logging']
2021-01-17 04:01:59,929 DEBUG    root            Loaded Command Group: ['gcloud', 'ml']
2021-01-17 04:01:59,935 DEBUG    root            Loaded Command Group: ['gcloud', 'dataproc']
2021-01-17 04:01:59,942 DEBUG    root            Loaded Command Group: ['gcloud', 'bigtable']
2021-01-17 04:01:59,949 DEBUG    root            No implementation for release track [GA] for element: [/usr/lib64/google-cloud-sdk/lib/surface/emulators]
2021-01-17 04:01:59,956 DEBUG    root            Loaded Command Group: ['gcloud', 'help']
2021-01-17 04:01:59,965 DEBUG    root            Loaded Command Group: ['gcloud', 'iap']
2021-01-17 04:01:59,973 DEBUG    root            Loaded Command Group: ['gcloud', 'cloud_shell']
2021-01-17 04:01:59,979 DEBUG    root            Loaded Command Group: ['gcloud', 'workspace_add_ons']
