2021-01-17 04:02:53,629 DEBUG    root            Loaded Command Group: ['gcloud', 'config']
2021-01-17 04:02:53,635 DEBUG    root            Loaded Command Group: ['gcloud', 'config', 'configurations']
2021-01-17 04:02:53,641 DEBUG    root            Loaded Command Group: ['gcloud', 'config', 'configurations', 'list']
2021-01-17 04:02:53,652 DEBUG    root            Running [gcloud.config.configurations.list] with arguments: []
2021-01-17 04:02:53,660 INFO     root            Display format: "table(
        name,
        is_active,
        properties.core.account,
        properties.core.project,
        properties.compute.zone:label=COMPUTE_DEFAULT_ZONE,
        properties.compute.region:label=COMPUTE_DEFAULT_REGION)
    "
2021-01-17 04:02:54,130 INFO     ___FILE_ONLY___ NAME
2021-01-17 04:02:54,130 INFO     ___FILE_ONLY___      
2021-01-17 04:02:54,131 INFO     ___FILE_ONLY___ IS_ACTIVE
2021-01-17 04:02:54,131 INFO     ___FILE_ONLY___   
2021-01-17 04:02:54,131 INFO     ___FILE_ONLY___ ACCOUNT
2021-01-17 04:02:54,132 INFO     ___FILE_ONLY___   
2021-01-17 04:02:54,132 INFO     ___FILE_ONLY___ PROJECT
2021-01-17 04:02:54,132 INFO     ___FILE_ONLY___   
2021-01-17 04:02:54,132 INFO     ___FILE_ONLY___ COMPUTE_DEFAULT_ZONE
2021-01-17 04:02:54,133 INFO     ___FILE_ONLY___   
2021-01-17 04:02:54,133 INFO     ___FILE_ONLY___ COMPUTE_DEFAULT_REGION
2021-01-17 04:02:54,133 INFO     ___FILE_ONLY___ 

2021-01-17 04:02:54,134 INFO     ___FILE_ONLY___ default
2021-01-17 04:02:54,134 INFO     ___FILE_ONLY___   
2021-01-17 04:02:54,135 INFO     ___FILE_ONLY___ True
2021-01-17 04:02:54,136 INFO     ___FILE_ONLY___ 

2021-01-17 04:02:54,138 DEBUG    root            SDK update checks are disabled.
