2021-01-17 04:05:18,220 DEBUG    root            Loaded Command Group: ['gcloud', 'init']
2021-01-17 04:05:18,231 DEBUG    root            Running [gcloud.init] with arguments: []
2021-01-17 04:05:18,231 INFO     ___FILE_ONLY___ Welcome! This command will take you through the configuration of gcloud.


2021-01-17 04:05:18,239 INFO     ___FILE_ONLY___ Your current configuration has been set to: [default]


2021-01-17 04:05:18,239 INFO     ___FILE_ONLY___ You can skip diagnostics next time by using the following flag:

2021-01-17 04:05:18,239 INFO     ___FILE_ONLY___   gcloud init --skip-diagnostics


2021-01-17 04:05:18,240 INFO     ___FILE_ONLY___ Network diagnostic detects and fixes local network connection issues.

2021-01-17 04:05:18,244 INFO     ___FILE_ONLY___ Checking network connection...
2021-01-17 04:05:27,919 DEBUG    urllib3.connectionpool Starting new HTTPS connection (1): accounts.google.com:443
2021-01-17 04:05:28,404 DEBUG    urllib3.connectionpool https://accounts.google.com:443 "GET / HTTP/1.1" 302 338
2021-01-17 04:05:28,630 DEBUG    urllib3.connectionpool https://accounts.google.com:443 "GET /ServiceLogin?passive=1209600&continue=https%3A%2F%2Faccounts.google.com%2F&followup=https%3A%2F%2Faccounts.google.com%2F HTTP/1.1" 200 None
2021-01-17 04:05:28,905 DEBUG    urllib3.connectionpool Starting new HTTPS connection (1): cloudresourcemanager.googleapis.com:443
2021-01-17 04:05:30,417 DEBUG    urllib3.connectionpool https://cloudresourcemanager.googleapis.com:443 "GET /v1beta1/projects HTTP/1.1" 401 None
2021-01-17 04:05:30,435 DEBUG    urllib3.connectionpool Starting new HTTPS connection (1): www.googleapis.com:443
2021-01-17 04:05:30,909 DEBUG    urllib3.connectionpool https://www.googleapis.com:443 "GET /auth/cloud-platform HTTP/1.1" 200 None
2021-01-17 04:05:30,927 DEBUG    urllib3.connectionpool Starting new HTTPS connection (1): dl.google.com:443
2021-01-17 04:05:31,637 DEBUG    urllib3.connectionpool https://dl.google.com:443 "GET /dl/cloudsdk/channels/rapid/components-2.json HTTP/1.1" 200 143616
2021-01-17 04:05:31,930 INFO     ___FILE_ONLY___ Reachability Check passed.

2021-01-17 04:05:31,931 INFO     ___FILE_ONLY___ Network diagnostic passed (1/1 checks passed).


2021-01-17 04:05:38,818 DEBUG    root            Loaded Command Group: ['gcloud', 'auth']
2021-01-17 04:05:39,018 DEBUG    root            Loaded Command Group: ['gcloud', 'auth', 'login']
2021-01-17 04:05:39,027 INFO     root            Executing: [gcloud auth login --force --brief]
2021-01-17 04:05:39,039 DEBUG    root            Running [gcloud.auth.login] with arguments: [--brief: "True", --force: "True"]
2021-01-17 04:05:39,049 DEBUG    requests_oauthlib.oauth2_session Generated new state 0hrAIRxMJ91MBmF71F35KyA1CmQmKc.
2021-01-17 04:05:39,051 INFO     ___FILE_ONLY___ Go to the following link in your browser:

    https://accounts.google.com/o/oauth2/auth?response_type=code&client_id=32555940559.apps.googleusercontent.com&redirect_uri=urn%3Aietf%3Awg%3Aoauth%3A2.0%3Aoob&scope=openid+https%3A%2F%2Fwww.googleapis.com%2Fauth%2Fuserinfo.email+https%3A%2F%2Fwww.googleapis.com%2Fauth%2Fcloud-platform+https%3A%2F%2Fwww.googleapis.com%2Fauth%2Fappengine.admin+https%3A%2F%2Fwww.googleapis.com%2Fauth%2Fcompute+https%3A%2F%2Fwww.googleapis.com%2Fauth%2Faccounts.reauth&state=0hrAIRxMJ91MBmF71F35KyA1CmQmKc&prompt=consent&access_type=offline&code_challenge=-w69zG4dp6841FievlUzn204MdAIjFo9U7r63TSN29M&code_challenge_method=S256


2021-01-17 04:06:16,043 DEBUG    requests_oauthlib.oauth2_session Requesting url https://oauth2.googleapis.com/token using method POST.
2021-01-17 04:06:16,043 DEBUG    requests_oauthlib.oauth2_session Supplying headers {b'Accept': b'application/json', b'Content-Type': b'application/x-www-form-urlencoded;charset=UTF-8', b'user-agent': b'google-cloud-sdk gcloud/323.0.0 command/gcloud.auth.login invocation-id/ece7f328473e43d68bcb8426e20470eb environment/None environment-version/None interactive/True from-script/False python/3.6.8 term/xterm (Linux 3.10.0-1062.18.1.el7.x86_64)'} and data {'grant_type': 'authorization_code', 'client_id': '32555940559.apps.googleusercontent.com', 'client_secret': 'ZmssLNjJy2998hD4CTg2ejr2', 'code': '4/1AY0e-g4HwgXI5gAbW4ox3fQ9670n9YductxM0oX0tIn7ZXoOwpLzvGmpO6g', 'redirect_uri': 'urn:ietf:wg:oauth:2.0:oob', 'code_verifier': 'aBBIjQIQ7tugoat-LpBihtgflZzOdidilb-hgR16y_B0cnp4Gef9GBbhG-5gOw92oA4Bg5BtV1SP1Z1huBDo3RTAU8dGE6bzBNejeH65yoQssJDyJ7PBio47QJiS5jiB'}
2021-01-17 04:06:16,044 DEBUG    requests_oauthlib.oauth2_session Passing through key word arguments {'json': None, 'timeout': None, 'auth': None, 'verify': True, 'proxies': None}.
2021-01-17 04:06:16,048 DEBUG    urllib3.connectionpool Starting new HTTPS connection (1): oauth2.googleapis.com:443
2021-01-17 04:06:16,710 DEBUG    urllib3.connectionpool https://oauth2.googleapis.com:443 "POST /token HTTP/1.1" 200 None
2021-01-17 04:06:16,715 DEBUG    requests_oauthlib.oauth2_session Prepared fetch token request body grant_type=authorization_code&client_id=32555940559.apps.googleusercontent.com&client_secret=ZmssLNjJy2998hD4CTg2ejr2&code=4%2F1AY0e-g4HwgXI5gAbW4ox3fQ9670n9YductxM0oX0tIn7ZXoOwpLzvGmpO6g&redirect_uri=urn%3Aietf%3Awg%3Aoauth%3A2.0%3Aoob&code_verifier=aBBIjQIQ7tugoat-LpBihtgflZzOdidilb-hgR16y_B0cnp4Gef9GBbhG-5gOw92oA4Bg5BtV1SP1Z1huBDo3RTAU8dGE6bzBNejeH65yoQssJDyJ7PBio47QJiS5jiB
2021-01-17 04:06:16,716 DEBUG    requests_oauthlib.oauth2_session Request to fetch token completed with status 200.
2021-01-17 04:06:16,719 DEBUG    requests_oauthlib.oauth2_session Request headers were {'user-agent': b'google-cloud-sdk gcloud/323.0.0 command/gcloud.auth.login invocation-id/ece7f328473e43d68bcb8426e20470eb environment/None environment-version/None interactive/True from-script/False python/3.6.8 term/xterm (Linux 3.10.0-1062.18.1.el7.x86_64)', 'Accept-Encoding': 'gzip, deflate', 'Accept': b'application/json', 'Connection': 'keep-alive', 'Content-Type': b'application/x-www-form-urlencoded;charset=UTF-8', 'Content-Length': '379'}
2021-01-17 04:06:16,719 DEBUG    requests_oauthlib.oauth2_session Request body was grant_type=authorization_code&client_id=32555940559.apps.googleusercontent.com&client_secret=ZmssLNjJy2998hD4CTg2ejr2&code=4%2F1AY0e-g4HwgXI5gAbW4ox3fQ9670n9YductxM0oX0tIn7ZXoOwpLzvGmpO6g&redirect_uri=urn%3Aietf%3Awg%3Aoauth%3A2.0%3Aoob&code_verifier=aBBIjQIQ7tugoat-LpBihtgflZzOdidilb-hgR16y_B0cnp4Gef9GBbhG-5gOw92oA4Bg5BtV1SP1Z1huBDo3RTAU8dGE6bzBNejeH65yoQssJDyJ7PBio47QJiS5jiB
2021-01-17 04:06:16,720 DEBUG    requests_oauthlib.oauth2_session Response headers were {'Pragma': 'no-cache', 'Expires': 'Mon, 01 Jan 1990 00:00:00 GMT', 'Date': 'Sun, 17 Jan 2021 12:06:16 GMT', 'Cache-Control': 'no-cache, no-store, max-age=0, must-revalidate', 'Content-Type': 'application/json; charset=utf-8', 'Vary': 'Origin, X-Origin, Referer', 'Content-Encoding': 'gzip', 'Server': 'scaffolding on HTTPServer2', 'X-XSS-Protection': '0', 'X-Frame-Options': 'SAMEORIGIN', 'X-Content-Type-Options': 'nosniff', 'Alt-Svc': 'h3-29=":443"; ma=2592000,h3-T051=":443"; ma=2592000,h3-Q050=":443"; ma=2592000,h3-Q046=":443"; ma=2592000,h3-Q043=":443"; ma=2592000,quic=":443"; ma=2592000; v="46,43"', 'Transfer-Encoding': 'chunked'} and content {
  "access_token": "ya29.a0AfH6SMCYI-VhfQr6S28f1pbRj9FNcynp2rAivmKMzp0bwXgTgug43fxxu8r0RcnxZEq1Gmp42EzTDBKYwGyb-NmFdPOiFeDOY0cjI_SA_W-aKxiEB4oVn1zXf5Fmxywr3ylmrKucmuvglQ_zyrc9tfrf4BzLNNjOOBgi0mrgPkLQaY5xM90",
  "expires_in": 3599,
  "refresh_token": "1//0gDiLIMkMct6sCgYIARAAGBASNwF-L9IrgU48midnGKUbn0MP_AjGcva0GxvTlBMBL_09S7xK58COn7HjnXWIXPtXIYdgxUgiM4Y",
  "scope": "https://www.googleapis.com/auth/userinfo.email https://www.googleapis.com/auth/appengine.admin openid https://www.googleapis.com/auth/cloud-platform https://www.googleapis.com/auth/compute https://www.googleapis.com/auth/accounts.reauth",
  "token_type": "Bearer",
  "id_token": "eyJhbGciOiJSUzI1NiIsImtpZCI6Ijc4M2VjMDMxYzU5ZTExZjI1N2QwZWMxNTcxNGVmNjA3Y2U2YTJhNmYiLCJ0eXAiOiJKV1QifQ.eyJpc3MiOiJodHRwczovL2FjY291bnRzLmdvb2dsZS5jb20iLCJhenAiOiIzMjU1NTk0MDU1OS5hcHBzLmdvb2dsZXVzZXJjb250ZW50LmNvbSIsImF1ZCI6IjMyNTU1OTQwNTU5LmFwcHMuZ29vZ2xldXNlcmNvbnRlbnQuY29tIiwic3ViIjoiMTE2MDMwNjY1NTYzMTI0NzUyOTY4IiwiZW1haWwiOiJzaGFrZWVyLnVpZEBnbWFpbC5jb20iLCJlbWFpbF92ZXJpZmllZCI6dHJ1ZSwiYXRfaGFzaCI6ImEzeFJsUnJWb19QZHdEbkt3bmhMd0EiLCJpYXQiOjE2MTA4ODUxNzYsImV4cCI6MTYxMDg4ODc3Nn0.ejq7fhOXCyqzifzeAuORR5z9H1fNIxsSfNMzlRQdEEUwVoTQk46t_rp6uNt2wofFbGefwwi8yrAb5Hl2Db9FvjHudqb1jY8r_cKSeppXsaMgmobCPb_WRs83sY1NmmAq4KRZhBWYL54yUBzkClZOVjZJbRo2MWiXQH7RLO3ZVlgb8lSbriT4GMv1rAgUXcCeX4tBiI16aESWD_7oZHzZm3MEekbjghR_0mUNWNwWaYFhV4cPU6awbXdew_9grgXkEBIHmOhEIUTRaLXHHwE_VW_tM-wUJGT3eogQk0pTdet0upd67Zq0SjdnlsVi9q_3i7uaraJhxW69o2vS8GyA0Q"
}.
2021-01-17 04:06:16,721 DEBUG    requests_oauthlib.oauth2_session Invoking 0 token response hooks.
2021-01-17 04:06:16,722 DEBUG    requests_oauthlib.oauth2_session Obtained token {'access_token': 'ya29.a0AfH6SMCYI-VhfQr6S28f1pbRj9FNcynp2rAivmKMzp0bwXgTgug43fxxu8r0RcnxZEq1Gmp42EzTDBKYwGyb-NmFdPOiFeDOY0cjI_SA_W-aKxiEB4oVn1zXf5Fmxywr3ylmrKucmuvglQ_zyrc9tfrf4BzLNNjOOBgi0mrgPkLQaY5xM90', 'expires_in': 3599, 'refresh_token': '1//0gDiLIMkMct6sCgYIARAAGBASNwF-L9IrgU48midnGKUbn0MP_AjGcva0GxvTlBMBL_09S7xK58COn7HjnXWIXPtXIYdgxUgiM4Y', 'scope': ['https://www.googleapis.com/auth/userinfo.email', 'https://www.googleapis.com/auth/appengine.admin', 'openid', 'https://www.googleapis.com/auth/cloud-platform', 'https://www.googleapis.com/auth/compute', 'https://www.googleapis.com/auth/accounts.reauth'], 'token_type': 'Bearer', 'id_token': 'eyJhbGciOiJSUzI1NiIsImtpZCI6Ijc4M2VjMDMxYzU5ZTExZjI1N2QwZWMxNTcxNGVmNjA3Y2U2YTJhNmYiLCJ0eXAiOiJKV1QifQ.eyJpc3MiOiJodHRwczovL2FjY291bnRzLmdvb2dsZS5jb20iLCJhenAiOiIzMjU1NTk0MDU1OS5hcHBzLmdvb2dsZXVzZXJjb250ZW50LmNvbSIsImF1ZCI6IjMyNTU1OTQwNTU5LmFwcHMuZ29vZ2xldXNlcmNvbnRlbnQuY29tIiwic3ViIjoiMTE2MDMwNjY1NTYzMTI0NzUyOTY4IiwiZW1haWwiOiJzaGFrZWVyLnVpZEBnbWFpbC5jb20iLCJlbWFpbF92ZXJpZmllZCI6dHJ1ZSwiYXRfaGFzaCI6ImEzeFJsUnJWb19QZHdEbkt3bmhMd0EiLCJpYXQiOjE2MTA4ODUxNzYsImV4cCI6MTYxMDg4ODc3Nn0.ejq7fhOXCyqzifzeAuORR5z9H1fNIxsSfNMzlRQdEEUwVoTQk46t_rp6uNt2wofFbGefwwi8yrAb5Hl2Db9FvjHudqb1jY8r_cKSeppXsaMgmobCPb_WRs83sY1NmmAq4KRZhBWYL54yUBzkClZOVjZJbRo2MWiXQH7RLO3ZVlgb8lSbriT4GMv1rAgUXcCeX4tBiI16aESWD_7oZHzZm3MEekbjghR_0mUNWNwWaYFhV4cPU6awbXdew_9grgXkEBIHmOhEIUTRaLXHHwE_VW_tM-wUJGT3eogQk0pTdet0upd67Zq0SjdnlsVi9q_3i7uaraJhxW69o2vS8GyA0Q', 'expires_at': 1610888775.7222357}.
2021-01-17 04:06:16,773 INFO     root            Display format: "none"
2021-01-17 04:06:17,266 DEBUG    root            SDK update checks are disabled.
2021-01-17 04:06:17,284 INFO     ___FILE_ONLY___ You are logged in as: [shakeer.uid@gmail.com].


2021-01-17 04:06:17,355 DEBUG    urllib3.connectionpool Starting new HTTPS connection (1): cloudresourcemanager.googleapis.com:443
2021-01-17 04:06:19,528 DEBUG    urllib3.connectionpool https://cloudresourcemanager.googleapis.com:443 "GET /v1/projects?alt=json&filter=lifecycleState%3AACTIVE&pageSize=201 HTTP/1.1" 200 None
2021-01-17 04:06:30,353 INFO     ___FILE_ONLY___ Your current project has been set to: [opportune-epoch-301314].


2021-01-17 04:06:30,436 DEBUG    root            Loaded Command Group: ['gcloud', 'compute']
2021-01-17 04:06:30,449 DEBUG    root            Loaded Command Group: ['gcloud', 'compute', 'project_info']
2021-01-17 04:06:30,479 DEBUG    root            Loaded Command Group: ['gcloud', 'compute', 'project-info', 'describe']
2021-01-17 04:06:30,483 INFO     root            Executing: [gcloud compute project-info describe --quiet]
2021-01-17 04:06:30,497 DEBUG    root            Running [gcloud.compute.project-info.describe] with arguments: [--no-user-output-enabled: "false", --quiet: "True", --verbosity: "none"]
2021-01-17 04:06:31,295 DEBUG    urllib3.connectionpool Starting new HTTPS connection (1): compute.googleapis.com:443
2021-01-17 04:06:32,940 DEBUG    urllib3.connectionpool https://compute.googleapis.com:443 "POST /batch/compute/v1 HTTP/1.1" 200 None
2021-01-17 04:06:32,997 INFO     root            Display disabled.
2021-01-17 04:06:32,998 DEBUG    root            SDK update checks are disabled.
2021-01-17 04:06:38,456 DEBUG    root            Loaded Command Group: ['gcloud', 'compute', 'zones']
2021-01-17 04:06:38,462 DEBUG    root            Loaded Command Group: ['gcloud', 'compute', 'zones', 'list']
2021-01-17 04:06:38,468 INFO     root            Executing: [gcloud compute zones list]
2021-01-17 04:06:38,477 DEBUG    root            Running [gcloud.compute.zones.list] with arguments: [--no-user-output-enabled: "false", --verbosity: "none"]
2021-01-17 04:06:38,529 INFO     root            Display disabled.
2021-01-17 04:06:38,543 DEBUG    urllib3.connectionpool Starting new HTTPS connection (1): compute.googleapis.com:443
2021-01-17 04:06:39,795 DEBUG    urllib3.connectionpool https://compute.googleapis.com:443 "POST /batch/compute/v1 HTTP/1.1" 200 None
2021-01-17 04:06:39,827 DEBUG    root            SDK update checks are disabled.
2021-01-17 04:07:32,825 INFO     ___FILE_ONLY___ Your project default Compute Engine zone has been set to [us-central1-a].
You can change it by running [gcloud config set compute/zone NAME].


2021-01-17 04:07:32,827 DEBUG    root            Loaded Command Group: ['gcloud', 'compute', 'regions']
2021-01-17 04:07:32,839 DEBUG    root            Loaded Command Group: ['gcloud', 'compute', 'regions', 'describe']
2021-01-17 04:07:32,843 INFO     root            Executing: [gcloud compute regions describe https://www.googleapis.com/compute/v1/projects/opportune-epoch-301314/regions/us-central1]
2021-01-17 04:07:32,856 DEBUG    root            Running [gcloud.compute.regions.describe] with arguments: [--no-user-output-enabled: "false", --verbosity: "none", NAME: "https://www.googleapis.com/compute/v1/projects/opportune-epoch-301314/regions/us-central1"]
2021-01-17 04:07:32,924 DEBUG    urllib3.connectionpool Starting new HTTPS connection (1): compute.googleapis.com:443
2021-01-17 04:07:33,866 DEBUG    urllib3.connectionpool https://compute.googleapis.com:443 "POST /batch/compute/v1 HTTP/1.1" 200 None
2021-01-17 04:07:33,940 INFO     root            Display disabled.
2021-01-17 04:07:33,941 DEBUG    root            SDK update checks are disabled.
2021-01-17 04:07:33,983 INFO     ___FILE_ONLY___ Your project default Compute Engine region has been set to [us-central1].
You can change it by running [gcloud config set compute/region NAME].


2021-01-17 04:07:33,984 DEBUG    root            Executing command: ['/usr/lib64/google-cloud-sdk/bin/gsutil', 'config', '-n', '-o', '/home/shakeer/.boto']
2021-01-17 04:07:43,861 DEBUG    ___FILE_ONLY___ 
2021-01-17 04:07:43,862 DEBUG    ___FILE_ONLY___ This command will create a boto config file at /home/shakeer/.boto
containing your credentials, based on your responses to the following
questions.

Boto config file "/home/shakeer/.boto" created. If you need to use a
proxy to access the Internet please see the instructions in that file.

2021-01-17 04:07:43,863 INFO     ___FILE_ONLY___ Created a default .boto configuration file at [/home/shakeer/.boto]. See this file and
[https://cloud.google.com/storage/docs/gsutil/commands/config] for more
information about configuring Google Cloud Storage.

2021-01-17 04:07:43,863 INFO     ___FILE_ONLY___ Your Google Cloud SDK is configured and ready to use!


2021-01-17 04:07:43,864 INFO     ___FILE_ONLY___ * Commands that require authentication will use shakeer.uid@gmail.com by default

2021-01-17 04:07:43,864 INFO     ___FILE_ONLY___ * Commands will reference project `opportune-epoch-301314` by default

2021-01-17 04:07:43,865 INFO     ___FILE_ONLY___ * Compute Engine commands will use region `us-central1` by default

2021-01-17 04:07:43,865 INFO     ___FILE_ONLY___ * Compute Engine commands will use zone `us-central1-a` by default


2021-01-17 04:07:43,865 INFO     ___FILE_ONLY___ Run `gcloud help config` to learn how to change individual settings


2021-01-17 04:07:43,866 INFO     ___FILE_ONLY___ This gcloud configuration is called [default]. You can create additional configurations if you work with multiple accounts and/or projects.

2021-01-17 04:07:43,866 INFO     ___FILE_ONLY___ Run `gcloud topic configurations` to learn more.


2021-01-17 04:07:43,866 INFO     ___FILE_ONLY___ Some things to try next:


2021-01-17 04:07:43,867 INFO     ___FILE_ONLY___ * Run `gcloud --help` to see the Cloud Platform services you can interact with. And run `gcloud help COMMAND` to get help on any gcloud command.

2021-01-17 04:07:43,867 INFO     ___FILE_ONLY___ * Run `gcloud topic --help` to learn about advanced features of the SDK like arg files and output formatting

2021-01-17 04:07:43,872 INFO     root            Display format: "default"
2021-01-17 04:07:43,873 DEBUG    root            SDK update checks are disabled.
