2021-01-17 04:04:01,961 ERROR    root            (gcloud) Command name argument expected.
2021-01-17 04:04:01,976 DEBUG    root            Loaded Command Group: ['gcloud', 'info']
2021-01-17 04:04:01,979 DEBUG    root            No implementation for release track [GA] for element: [/usr/lib64/google-cloud-sdk/lib/surface/dlp]
2021-01-17 04:04:01,995 DEBUG    root            Loaded Command Group: ['gcloud', 'container']
2021-01-17 04:04:02,002 DEBUG    root            Loaded Command Group: ['gcloud', 'run']
2021-01-17 04:04:02,009 DEBUG    root            Loaded Command Group: ['gcloud', 'service_directory']
2021-01-17 04:04:02,075 DEBUG    root            No implementation for release track [GA] for element: [/usr/lib64/google-cloud-sdk/lib/surface/api_gateway]
2021-01-17 04:04:02,078 DEBUG    root            Loaded Command Group: ['gcloud', 'filestore']
2021-01-17 04:04:02,086 DEBUG    root            No implementation for release track [GA] for element: [/usr/lib64/google-cloud-sdk/lib/surface/emulators]
2021-01-17 04:04:02,088 DEBUG    root            Loaded Command Group: ['gcloud', 'endpoints']
2021-01-17 04:04:02,095 DEBUG    root            No implementation for release track [GA] for element: [/usr/lib64/google-cloud-sdk/lib/surface/dialogflow]
2021-01-17 04:04:02,096 DEBUG    root            Loaded Command Group: ['gcloud', 'recommender']
2021-01-17 04:04:02,100 DEBUG    root            Loaded Command Group: ['gcloud', 'version']
2021-01-17 04:04:02,103 DEBUG    root            Loaded Command Group: ['gcloud', 'domains']
2021-01-17 04:04:02,106 DEBUG    root            Loaded Command Group: ['gcloud', 'resource_manager']
2021-01-17 04:04:02,111 DEBUG    root            No implementation for release track [GA] for element: [/usr/lib64/google-cloud-sdk/lib/surface/genomics]
2021-01-17 04:04:02,114 DEBUG    root            Loaded Command Group: ['gcloud', 'functions']
2021-01-17 04:04:02,118 DEBUG    root            Loaded Command Group: ['gcloud', 'source']
2021-01-17 04:04:02,122 DEBUG    root            No implementation for release track [GA] for element: [/usr/lib64/google-cloud-sdk/lib/surface/lifesciences]
2021-01-17 04:04:02,123 DEBUG    root            Loaded Command Group: ['gcloud', 'cloud_shell']
2021-01-17 04:04:02,127 DEBUG    root            Loaded Command Group: ['gcloud', 'organizations']
2021-01-17 04:04:02,180 DEBUG    root            No implementation for release track [GA] for element: [/usr/lib64/google-cloud-sdk/lib/surface/events]
2021-01-17 04:04:02,187 DEBUG    root            Loaded Command Group: ['gcloud', 'survey']
2021-01-17 04:04:02,191 DEBUG    root            No implementation for release track [GA] for element: [/usr/lib64/google-cloud-sdk/lib/surface/remote_build_execution]
2021-01-17 04:04:02,192 DEBUG    root            No implementation for release track [GA] for element: [/usr/lib64/google-cloud-sdk/lib/surface/storage]
2021-01-17 04:04:02,194 DEBUG    root            No implementation for release track [GA] for element: [/usr/lib64/google-cloud-sdk/lib/surface/bq]
2021-01-17 04:04:02,196 DEBUG    root            No implementation for release track [GA] for element: [/usr/lib64/google-cloud-sdk/lib/surface/network_services]
2021-01-17 04:04:02,199 DEBUG    root            Loaded Command Group: ['gcloud', 'feedback']
2021-01-17 04:04:02,202 DEBUG    root            Loaded Command Group: ['gcloud', 'scheduler']
2021-01-17 04:04:02,213 DEBUG    root            Loaded Command Group: ['gcloud', 'projects']
2021-01-17 04:04:02,218 DEBUG    root            Loaded Command Group: ['gcloud', 'debug']
2021-01-17 04:04:02,224 DEBUG    root            No implementation for release track [GA] for element: [/usr/lib64/google-cloud-sdk/lib/surface/admin_service_cluster]
2021-01-17 04:04:02,226 DEBUG    root            Loaded Command Group: ['gcloud', 'eventarc']
2021-01-17 04:04:02,231 DEBUG    root            Loaded Command Group: ['gcloud', 'datastore']
2021-01-17 04:04:02,235 DEBUG    root            No implementation for release track [GA] for element: [/usr/lib64/google-cloud-sdk/lib/surface/trace]
2021-01-17 04:04:02,236 DEBUG    root            Loaded Command Group: ['gcloud', 'billing']
2021-01-17 04:04:02,241 DEBUG    root            No implementation for release track [GA] for element: [/usr/lib64/google-cloud-sdk/lib/surface/network_connectivity]
2021-01-17 04:04:02,243 DEBUG    root            No implementation for release track [GA] for element: [/usr/lib64/google-cloud-sdk/lib/surface/commerce_procurement]
2021-01-17 04:04:02,245 DEBUG    root            Loaded Command Group: ['gcloud', 'ai_platform']
2021-01-17 04:04:02,260 DEBUG    root            Loaded Command Group: ['gcloud', 'help']
2021-01-17 04:04:02,265 DEBUG    root            Loaded Command Group: ['gcloud', 'iam']
2021-01-17 04:04:02,272 DEBUG    root            Loaded Command Group: ['gcloud', 'dns']
2021-01-17 04:04:02,277 DEBUG    root            No implementation for release track [GA] for element: [/usr/lib64/google-cloud-sdk/lib/surface/kuberun]
2021-01-17 04:04:02,278 DEBUG    root            Loaded Command Group: ['gcloud', 'iot']
2021-01-17 04:04:02,282 DEBUG    root            No implementation for release track [GA] for element: [/usr/lib64/google-cloud-sdk/lib/surface/recaptcha]
2021-01-17 04:04:02,283 DEBUG    root            Loaded Command Group: ['gcloud', 'scc']
2021-01-17 04:04:02,287 DEBUG    root            Loaded Command Group: ['gcloud', 'asset']
2021-01-17 04:04:02,293 DEBUG    root            Loaded Command Group: ['gcloud', 'workspace_add_ons']
2021-01-17 04:04:02,297 DEBUG    root            No implementation for release track [GA] for element: [/usr/lib64/google-cloud-sdk/lib/surface/assured]
2021-01-17 04:04:02,298 DEBUG    root            Loaded Command Group: ['gcloud', 'iap']
2021-01-17 04:04:02,302 DEBUG    root            No implementation for release track [GA] for element: [/usr/lib64/google-cloud-sdk/lib/surface/workflows]
2021-01-17 04:04:02,303 DEBUG    root            No implementation for release track [GA] for element: [/usr/lib64/google-cloud-sdk/lib/surface/web_security_scanner]
2021-01-17 04:04:02,304 DEBUG    root            Loaded Command Group: ['gcloud', 'healthcare']
2021-01-17 04:04:02,307 DEBUG    root            No implementation for release track [GA] for element: [/usr/lib64/google-cloud-sdk/lib/surface/notebooks]
2021-01-17 04:04:02,308 DEBUG    root            Loaded Command Group: ['gcloud', 'anthos']
2021-01-17 04:04:02,314 DEBUG    root            Loaded Command Group: ['gcloud', 'topic']
2021-01-17 04:04:02,319 DEBUG    root            No implementation for release track [GA] for element: [/usr/lib64/google-cloud-sdk/lib/surface/memcache]
2021-01-17 04:04:02,321 DEBUG    root            Loaded Command Group: ['gcloud', 'builds']
2021-01-17 04:04:02,326 DEBUG    root            Loaded Command Group: ['gcloud', 'components']
2021-01-17 04:04:02,330 DEBUG    root            Loaded Command Group: ['gcloud', 'dataflow']
2021-01-17 04:04:02,338 DEBUG    root            Loaded Command Group: ['gcloud', 'init']
2021-01-17 04:04:02,349 DEBUG    root            No implementation for release track [GA] for element: [/usr/lib64/google-cloud-sdk/lib/surface/code]
2021-01-17 04:04:02,351 DEBUG    root            Loaded Command Group: ['gcloud', 'secrets']
2021-01-17 04:04:02,360 DEBUG    root            Loaded Command Group: ['gcloud', 'services']
2021-01-17 04:04:02,501 DEBUG    root            No implementation for release track [GA] for element: [/usr/lib64/google-cloud-sdk/lib/surface/interactive]
2021-01-17 04:04:02,503 DEBUG    root            No implementation for release track [GA] for element: [/usr/lib64/google-cloud-sdk/lib/surface/certificate_manager]
2021-01-17 04:04:02,505 DEBUG    root            Loaded Command Group: ['gcloud', 'auth']
2021-01-17 04:04:02,518 DEBUG    root            Loaded Command Group: ['gcloud', 'pubsub']
2021-01-17 04:04:02,527 DEBUG    root            Loaded Command Group: ['gcloud', 'composer']
2021-01-17 04:04:02,535 DEBUG    root            Loaded Command Group: ['gcloud', 'active_directory']
2021-01-17 04:04:02,543 DEBUG    root            Loaded Command Group: ['gcloud', 'ml']
2021-01-17 04:04:02,550 DEBUG    root            No implementation for release track [GA] for element: [/usr/lib64/google-cloud-sdk/lib/surface/database_migration]
2021-01-17 04:04:02,551 DEBUG    root            No implementation for release track [GA] for element: [/usr/lib64/google-cloud-sdk/lib/surface/privateca]
2021-01-17 04:04:02,553 DEBUG    root            Loaded Command Group: ['gcloud', 'deployment_manager']
2021-01-17 04:04:02,560 DEBUG    root            Loaded Command Group: ['gcloud', 'ml_engine']
2021-01-17 04:04:02,566 DEBUG    root            Loaded Command Group: ['gcloud', 'bigtable']
2021-01-17 04:04:02,638 DEBUG    root            Loaded Command Group: ['gcloud', 'compute']
2021-01-17 04:04:02,649 DEBUG    root            No implementation for release track [GA] for element: [/usr/lib64/google-cloud-sdk/lib/surface/data_fusion]
2021-01-17 04:04:02,650 DEBUG    root            Loaded Command Group: ['gcloud', 'access_context_manager']
2021-01-17 04:04:02,655 DEBUG    root            Loaded Command Group: ['gcloud', 'firestore']
2021-01-17 04:04:02,660 DEBUG    root            Loaded Command Group: ['gcloud', 'apigee']
2021-01-17 04:04:02,665 DEBUG    root            No implementation for release track [GA] for element: [/usr/lib64/google-cloud-sdk/lib/surface/access_approval]
2021-01-17 04:04:02,666 DEBUG    root            No implementation for release track [GA] for element: [/usr/lib64/google-cloud-sdk/lib/surface/resource_settings]
2021-01-17 04:04:02,668 DEBUG    root            Loaded Command Group: ['gcloud', 'cheat_sheet']
2021-01-17 04:04:02,674 DEBUG    root            Loaded Command Group: ['gcloud', 'redis']
2021-01-17 04:04:02,679 DEBUG    root            Loaded Command Group: ['gcloud', 'firebase']
2021-01-17 04:04:02,684 DEBUG    root            Loaded Command Group: ['gcloud', 'app']
2021-01-17 04:04:02,690 DEBUG    root            No implementation for release track [GA] for element: [/usr/lib64/google-cloud-sdk/lib/surface/network_security]
2021-01-17 04:04:02,692 DEBUG    root            Loaded Command Group: ['gcloud', 'identity']
2021-01-17 04:04:02,696 DEBUG    root            No implementation for release track [GA] for element: [/usr/lib64/google-cloud-sdk/lib/surface/metastore]
2021-01-17 04:04:02,698 DEBUG    root            Loaded Command Group: ['gcloud', 'dataproc']
2021-01-17 04:04:02,705 DEBUG    root            Loaded Command Group: ['gcloud', 'config']
2021-01-17 04:04:02,711 DEBUG    root            No implementation for release track [GA] for element: [/usr/lib64/google-cloud-sdk/lib/surface/runtime_config]
2021-01-17 04:04:02,712 DEBUG    root            Loaded Command Group: ['gcloud', 'network_management']
2021-01-17 04:04:02,717 DEBUG    root            No implementation for release track [GA] for element: [/usr/lib64/google-cloud-sdk/lib/surface/vmware]
2021-01-17 04:04:02,718 DEBUG    root            Loaded Command Group: ['gcloud', 'data_catalog']
2021-01-17 04:04:02,723 DEBUG    root            No implementation for release track [GA] for element: [/usr/lib64/google-cloud-sdk/lib/surface/labelmanager]
2021-01-17 04:04:02,724 DEBUG    root            Loaded Command Group: ['gcloud', 'spanner']
2021-01-17 04:04:02,730 DEBUG    root            Loaded Command Group: ['gcloud', 'monitoring']
2021-01-17 04:04:02,743 DEBUG    root            Loaded Command Group: ['gcloud', 'docker']
2021-01-17 04:04:02,749 DEBUG    root            Loaded Command Group: ['gcloud', 'tasks']
2021-01-17 04:04:02,754 DEBUG    root            No implementation for release track [GA] for element: [/usr/lib64/google-cloud-sdk/lib/surface/ai]
2021-01-17 04:04:02,756 DEBUG    root            Loaded Command Group: ['gcloud', 'logging']
2021-01-17 04:04:02,762 DEBUG    root            No implementation for release track [GA] for element: [/usr/lib64/google-cloud-sdk/lib/surface/error_reporting]
2021-01-17 04:04:02,764 DEBUG    root            Loaded Command Group: ['gcloud', 'game']
2021-01-17 04:04:02,769 DEBUG    root            No implementation for release track [GA] for element: [/usr/lib64/google-cloud-sdk/lib/surface/transcoder]
2021-01-17 04:04:02,770 DEBUG    root            Loaded Command Group: ['gcloud', 'sql']
2021-01-17 04:04:02,776 DEBUG    root            Loaded Command Group: ['gcloud', 'artifacts']
2021-01-17 04:04:02,782 DEBUG    root            Loaded Command Group: ['gcloud', 'kms']
2021-01-17 04:04:02,787 DEBUG    root            No implementation for release track [GA] for element: [/usr/lib64/google-cloud-sdk/lib/surface/org_policies]
2021-01-17 04:04:02,788 DEBUG    root            Loaded Command Group: ['gcloud', 'policy_troubleshoot']
2021-01-17 04:04:02,793 DEBUG    root            Loaded Command Group: ['gcloud', 'meta']
