2021-01-30 16:54:10,561 DEBUG    root            Loaded Command Group: ['gcloud', 'compute']
2021-01-30 16:54:10,567 DEBUG    root            Loaded Command Group: ['gcloud', 'compute', 'external_vpn_gateways']
2021-01-30 16:54:10,570 DEBUG    root            Loaded Command Group: ['gcloud', 'compute', 'vpn_tunnels']
2021-01-30 16:54:10,573 DEBUG    root            Loaded Command Group: ['gcloud', 'compute', 'instance_groups']
2021-01-30 16:54:10,577 DEBUG    root            Loaded Command Group: ['gcloud', 'compute', 'instances']
2021-01-30 16:54:10,583 DEBUG    root            Loaded Command Group: ['gcloud', 'compute', 'shared_vpc']
2021-01-30 16:54:10,587 DEBUG    root            Loaded Command Group: ['gcloud', 'compute', 'addresses']
2021-01-30 16:54:10,590 DEBUG    root            Loaded Command Group: ['gcloud', 'compute', 'target_grpc_proxies']
2021-01-30 16:54:10,636 DEBUG    root            Loaded Command Group: ['gcloud', 'compute', 'copy_files']
2021-01-30 16:54:10,650 DEBUG    root            Loaded Command Group: ['gcloud', 'compute', 'config_ssh']
2021-01-30 16:54:10,653 DEBUG    root            Loaded Command Group: ['gcloud', 'compute', 'accelerator_types']
2021-01-30 16:54:10,656 DEBUG    root            Loaded Command Group: ['gcloud', 'compute', 'snapshots']
2021-01-30 16:54:10,659 DEBUG    root            Loaded Command Group: ['gcloud', 'compute', 'disk_types']
2021-01-30 16:54:10,662 DEBUG    root            Loaded Command Group: ['gcloud', 'compute', 'routers']
2021-01-30 16:54:10,665 DEBUG    root            Loaded Command Group: ['gcloud', 'compute', 'vpn_gateways']
2021-01-30 16:54:10,668 DEBUG    root            Loaded Command Group: ['gcloud', 'compute', 'url_maps']
2021-01-30 16:54:10,672 DEBUG    root            Loaded Command Group: ['gcloud', 'compute', 'disks']
2021-01-30 16:54:10,676 DEBUG    root            Loaded Command Group: ['gcloud', 'compute', 'start_iap_tunnel']
2021-01-30 16:54:10,680 DEBUG    root            Loaded Command Group: ['gcloud', 'compute', 'target_tcp_proxies']
2021-01-30 16:54:10,684 DEBUG    root            No implementation for release track [GA] for element: [/usr/lib64/google-cloud-sdk/lib/surface/compute/public_advertised_prefixes]
2021-01-30 16:54:10,685 DEBUG    root            Loaded Command Group: ['gcloud', 'compute', 'http_health_checks']
2021-01-30 16:54:10,688 DEBUG    root            Loaded Command Group: ['gcloud', 'compute', 'target_ssl_proxies']
2021-01-30 16:54:10,691 DEBUG    root            Loaded Command Group: ['gcloud', 'compute', 'forwarding_rules']
2021-01-30 16:54:10,694 DEBUG    root            Loaded Command Group: ['gcloud', 'compute', 'https_health_checks']
2021-01-30 16:54:10,697 DEBUG    root            Loaded Command Group: ['gcloud', 'compute', 'network_endpoint_groups']
2021-01-30 16:54:10,700 DEBUG    root            Loaded Command Group: ['gcloud', 'compute', 'routes']
2021-01-30 16:54:10,702 DEBUG    root            Loaded Command Group: ['gcloud', 'compute', 'project_info']
2021-01-30 16:54:10,705 DEBUG    root            Loaded Command Group: ['gcloud', 'compute', 'ssl_policies']
2021-01-30 16:54:10,708 DEBUG    root            Loaded Command Group: ['gcloud', 'compute', 'security_policies']
2021-01-30 16:54:10,710 DEBUG    root            Loaded Command Group: ['gcloud', 'compute', 'networks']
2021-01-30 16:54:10,714 DEBUG    root            Loaded Command Group: ['gcloud', 'compute', 'connect_to_serial_port']
2021-01-30 16:54:10,719 DEBUG    root            Loaded Command Group: ['gcloud', 'compute', 'scp']
2021-01-30 16:54:10,725 DEBUG    root            Loaded Command Group: ['gcloud', 'compute', 'machine_types']
2021-01-30 16:54:10,729 DEBUG    root            Loaded Command Group: ['gcloud', 'compute', 'packet_mirrorings']
2021-01-30 16:54:10,731 DEBUG    root            No implementation for release track [GA] for element: [/usr/lib64/google-cloud-sdk/lib/surface/compute/public_delegated_prefixes]
2021-01-30 16:54:10,734 DEBUG    root            Loaded Command Group: ['gcloud', 'compute', 'ssh']
2021-01-30 16:54:10,739 DEBUG    root            Loaded Command Group: ['gcloud', 'compute', 'commitments']
2021-01-30 16:54:10,741 DEBUG    root            Loaded Command Group: ['gcloud', 'compute', 'sole_tenancy']
2021-01-30 16:54:10,744 DEBUG    root            Loaded Command Group: ['gcloud', 'compute', 'target_https_proxies']
2021-01-30 16:54:10,749 DEBUG    root            Loaded Command Group: ['gcloud', 'compute', 'tpus']
2021-01-30 16:54:10,752 DEBUG    root            No implementation for release track [GA] for element: [/usr/lib64/google-cloud-sdk/lib/surface/compute/machine_images]
2021-01-30 16:54:10,753 DEBUG    root            Loaded Command Group: ['gcloud', 'compute', 'diagnose']
2021-01-30 16:54:10,756 DEBUG    root            No implementation for release track [GA] for element: [/usr/lib64/google-cloud-sdk/lib/surface/compute/service_attachments]
2021-01-30 16:54:10,756 DEBUG    root            Loaded Command Group: ['gcloud', 'compute', 'zones']
2021-01-30 16:54:10,759 DEBUG    root            Loaded Command Group: ['gcloud', 'compute', 'target_pools']
2021-01-30 16:54:10,761 DEBUG    root            Loaded Command Group: ['gcloud', 'compute', 'target_instances']
2021-01-30 16:54:10,764 DEBUG    root            No implementation for release track [GA] for element: [/usr/lib64/google-cloud-sdk/lib/surface/compute/instant_snapshots]
2021-01-30 16:54:10,765 DEBUG    root            Loaded Command Group: ['gcloud', 'compute', 'resource_policies']
2021-01-30 16:54:10,769 DEBUG    root            Loaded Command Group: ['gcloud', 'compute', 'os_login']
2021-01-30 16:54:10,771 DEBUG    root            Loaded Command Group: ['gcloud', 'compute', 'interconnects']
2021-01-30 16:54:10,774 DEBUG    root            Loaded Command Group: ['gcloud', 'compute', 'health_checks']
2021-01-30 16:54:10,777 DEBUG    root            Loaded Command Group: ['gcloud', 'compute', 'instance_templates']
2021-01-30 16:54:10,782 DEBUG    root            Loaded Command Group: ['gcloud', 'compute', 'sign_url']
2021-01-30 16:54:10,785 DEBUG    root            Loaded Command Group: ['gcloud', 'compute', 'target_http_proxies']
2021-01-30 16:54:10,791 DEBUG    root            Loaded Command Group: ['gcloud', 'compute', 'reset_windows_password']
2021-01-30 16:54:10,793 DEBUG    root            Loaded Command Group: ['gcloud', 'compute', 'ssl_certificates']
2021-01-30 16:54:10,796 DEBUG    root            Loaded Command Group: ['gcloud', 'compute', 'images']
2021-01-30 16:54:10,799 DEBUG    root            Loaded Command Group: ['gcloud', 'compute', 'regions']
2021-01-30 16:54:10,801 DEBUG    root            Loaded Command Group: ['gcloud', 'compute', 'backend_services']
2021-01-30 16:54:10,804 DEBUG    root            Loaded Command Group: ['gcloud', 'compute', 'operations']
2021-01-30 16:54:10,806 DEBUG    root            Loaded Command Group: ['gcloud', 'compute', 'reservations']
2021-01-30 16:54:10,809 DEBUG    root            Loaded Command Group: ['gcloud', 'compute', 'target_vpn_gateways']
2021-01-30 16:54:10,812 DEBUG    root            Loaded Command Group: ['gcloud', 'compute', 'firewall_rules']
2021-01-30 16:54:10,815 DEBUG    root            Loaded Command Group: ['gcloud', 'compute', 'os_config']
2021-01-30 16:54:10,817 DEBUG    root            Loaded Command Group: ['gcloud', 'compute', 'backend_buckets']
2021-01-30 16:54:10,820 DEBUG    root            No implementation for release track [GA] for element: [/usr/lib64/google-cloud-sdk/lib/surface/compute/org_security_policies]
2021-01-30 16:54:10,821 DEBUG    root            Loaded Command Group: ['gcloud', 'alpha', 'compute']
2021-01-30 16:54:10,825 DEBUG    root            Loaded Command Group: ['gcloud', 'beta', 'compute']
2021-01-30 16:54:10,830 ERROR    root            (gcloud.compute) Invalid choice: 'subnets'.
