2021-01-30 16:53:54,766 DEBUG    root            Loaded Command Group: ['gcloud', 'compute']
2021-01-30 16:53:54,772 DEBUG    root            Loaded Command Group: ['gcloud', 'compute', 'networks']
2021-01-30 16:53:54,791 DEBUG    root            Loaded Command Group: ['gcloud', 'compute', 'networks', 'list']
2021-01-30 16:53:54,797 DEBUG    root            Running [gcloud.compute.networks.list] with arguments: []
2021-01-30 16:53:55,329 DEBUG    google.auth.transport.requests Making request: POST https://oauth2.googleapis.com/token
2021-01-30 16:53:55,333 DEBUG    urllib3.connectionpool Starting new HTTPS connection (1): oauth2.googleapis.com:443
2021-01-30 16:53:58,377 DEBUG    urllib3.connectionpool https://oauth2.googleapis.com:443 "POST /token HTTP/1.1" 200 None
2021-01-30 16:53:58,646 INFO     root            Display format: "    table(
      name,
      x_gcloud_subnet_mode:label=SUBNET_MODE,
      x_gcloud_bgp_routing_mode:label=BGP_ROUTING_MODE,
      IPv4Range:label=IPV4_RANGE,
      gatewayIPv4
    )"
2021-01-30 16:53:58,653 DEBUG    urllib3.connectionpool Starting new HTTPS connection (1): compute.googleapis.com:443
2021-01-30 16:53:59,758 DEBUG    urllib3.connectionpool https://compute.googleapis.com:443 "POST /batch/compute/v1 HTTP/1.1" 200 None
2021-01-30 16:53:59,899 INFO     root            cache collection=compute.networks api_version=v1 params=['project', 'network']
2021-01-30 16:53:59,938 INFO     ___FILE_ONLY___ NAME
2021-01-30 16:53:59,940 INFO     ___FILE_ONLY___      
2021-01-30 16:53:59,940 INFO     ___FILE_ONLY___ SUBNET_MODE
2021-01-30 16:53:59,940 INFO     ___FILE_ONLY___   
2021-01-30 16:53:59,940 INFO     ___FILE_ONLY___ BGP_ROUTING_MODE
2021-01-30 16:53:59,940 INFO     ___FILE_ONLY___   
2021-01-30 16:53:59,940 INFO     ___FILE_ONLY___ IPV4_RANGE
2021-01-30 16:53:59,940 INFO     ___FILE_ONLY___   
2021-01-30 16:53:59,940 INFO     ___FILE_ONLY___ GATEWAY_IPV4
2021-01-30 16:53:59,940 INFO     ___FILE_ONLY___ 

2021-01-30 16:53:59,941 INFO     ___FILE_ONLY___ default
2021-01-30 16:53:59,941 INFO     ___FILE_ONLY___   
2021-01-30 16:53:59,941 INFO     ___FILE_ONLY___ AUTO
2021-01-30 16:53:59,941 INFO     ___FILE_ONLY___          
2021-01-30 16:53:59,941 INFO     ___FILE_ONLY___ REGIONAL
2021-01-30 16:53:59,942 INFO     ___FILE_ONLY___ 

2021-01-30 16:53:59,942 DEBUG    root            SDK update checks are disabled.
