2021-01-30 17:09:08,686 DEBUG    root            Loaded Command Group: ['gcloud', 'compute']
2021-01-30 17:09:08,691 DEBUG    root            Loaded Command Group: ['gcloud', 'compute', 'regions']
2021-01-30 17:09:08,703 DEBUG    root            Loaded Command Group: ['gcloud', 'compute', 'regions', 'list']
2021-01-30 17:09:08,708 DEBUG    root            Running [gcloud.compute.regions.list] with arguments: []
2021-01-30 17:09:08,985 INFO     root            Display format: "        table(
          name,
          quotas.metric.CPUS.quota():label=CPUS,
          quotas.metric.DISKS_TOTAL_GB.quota():label=DISKS_GB,
          quotas.metric.IN_USE_ADDRESSES.quota():label=ADDRESSES,
          quotas.metric.STATIC_ADDRESSES.quota():label=RESERVED_ADDRESSES,
          status():label=STATUS,
          deprecated.deleted:label=TURNDOWN_DATE
        )"
2021-01-30 17:09:08,993 DEBUG    urllib3.connectionpool Starting new HTTPS connection (1): compute.googleapis.com:443
2021-01-30 17:09:13,551 DEBUG    urllib3.connectionpool https://compute.googleapis.com:443 "POST /batch/compute/v1 HTTP/1.1" 200 None
2021-01-30 17:09:13,841 INFO     root            cache collection=compute.regions api_version=v1 params=['project', 'region']
2021-01-30 17:09:13,881 INFO     ___FILE_ONLY___ NAME
2021-01-30 17:09:13,882 INFO     ___FILE_ONLY___                      
2021-01-30 17:09:13,882 INFO     ___FILE_ONLY___ CPUS
2021-01-30 17:09:13,882 INFO     ___FILE_ONLY___   
2021-01-30 17:09:13,882 INFO     ___FILE_ONLY___ DISKS_GB
2021-01-30 17:09:13,882 INFO     ___FILE_ONLY___   
2021-01-30 17:09:13,882 INFO     ___FILE_ONLY___ ADDRESSES
2021-01-30 17:09:13,882 INFO     ___FILE_ONLY___   
2021-01-30 17:09:13,883 INFO     ___FILE_ONLY___ RESERVED_ADDRESSES
2021-01-30 17:09:13,883 INFO     ___FILE_ONLY___   
2021-01-30 17:09:13,883 INFO     ___FILE_ONLY___ STATUS
2021-01-30 17:09:13,883 INFO     ___FILE_ONLY___   
2021-01-30 17:09:13,883 INFO     ___FILE_ONLY___ TURNDOWN_DATE
2021-01-30 17:09:13,883 INFO     ___FILE_ONLY___ 

2021-01-30 17:09:13,883 INFO     ___FILE_ONLY___ asia-east1
2021-01-30 17:09:13,884 INFO     ___FILE_ONLY___                
2021-01-30 17:09:13,884 INFO     ___FILE_ONLY___ 0/8
2021-01-30 17:09:13,884 INFO     ___FILE_ONLY___    
2021-01-30 17:09:13,884 INFO     ___FILE_ONLY___ 0/2048
2021-01-30 17:09:13,884 INFO     ___FILE_ONLY___     
2021-01-30 17:09:13,884 INFO     ___FILE_ONLY___ 0/4
2021-01-30 17:09:13,884 INFO     ___FILE_ONLY___         
2021-01-30 17:09:13,885 INFO     ___FILE_ONLY___ 0/8
2021-01-30 17:09:13,885 INFO     ___FILE_ONLY___                  
2021-01-30 17:09:13,885 INFO     ___FILE_ONLY___ UP
2021-01-30 17:09:13,885 INFO     ___FILE_ONLY___ 

2021-01-30 17:09:13,885 INFO     ___FILE_ONLY___ asia-east2
2021-01-30 17:09:13,885 INFO     ___FILE_ONLY___                
2021-01-30 17:09:13,886 INFO     ___FILE_ONLY___ 0/8
2021-01-30 17:09:13,886 INFO     ___FILE_ONLY___    
2021-01-30 17:09:13,886 INFO     ___FILE_ONLY___ 0/2048
2021-01-30 17:09:13,886 INFO     ___FILE_ONLY___     
2021-01-30 17:09:13,886 INFO     ___FILE_ONLY___ 0/4
2021-01-30 17:09:13,886 INFO     ___FILE_ONLY___         
2021-01-30 17:09:13,886 INFO     ___FILE_ONLY___ 0/8
2021-01-30 17:09:13,886 INFO     ___FILE_ONLY___                  
2021-01-30 17:09:13,886 INFO     ___FILE_ONLY___ UP
2021-01-30 17:09:13,886 INFO     ___FILE_ONLY___ 

2021-01-30 17:09:13,887 INFO     ___FILE_ONLY___ asia-northeast1
2021-01-30 17:09:13,887 INFO     ___FILE_ONLY___           
2021-01-30 17:09:13,887 INFO     ___FILE_ONLY___ 0/8
2021-01-30 17:09:13,887 INFO     ___FILE_ONLY___    
2021-01-30 17:09:13,887 INFO     ___FILE_ONLY___ 0/2048
2021-01-30 17:09:13,887 INFO     ___FILE_ONLY___     
2021-01-30 17:09:13,887 INFO     ___FILE_ONLY___ 0/4
2021-01-30 17:09:13,888 INFO     ___FILE_ONLY___         
2021-01-30 17:09:13,888 INFO     ___FILE_ONLY___ 0/8
2021-01-30 17:09:13,888 INFO     ___FILE_ONLY___                  
2021-01-30 17:09:13,888 INFO     ___FILE_ONLY___ UP
2021-01-30 17:09:13,888 INFO     ___FILE_ONLY___ 

2021-01-30 17:09:13,888 INFO     ___FILE_ONLY___ asia-northeast2
2021-01-30 17:09:13,888 INFO     ___FILE_ONLY___           
2021-01-30 17:09:13,888 INFO     ___FILE_ONLY___ 0/8
2021-01-30 17:09:13,889 INFO     ___FILE_ONLY___    
2021-01-30 17:09:13,889 INFO     ___FILE_ONLY___ 0/2048
2021-01-30 17:09:13,889 INFO     ___FILE_ONLY___     
2021-01-30 17:09:13,889 INFO     ___FILE_ONLY___ 0/4
2021-01-30 17:09:13,889 INFO     ___FILE_ONLY___         
2021-01-30 17:09:13,889 INFO     ___FILE_ONLY___ 0/8
2021-01-30 17:09:13,889 INFO     ___FILE_ONLY___                  
2021-01-30 17:09:13,889 INFO     ___FILE_ONLY___ UP
2021-01-30 17:09:13,889 INFO     ___FILE_ONLY___ 

2021-01-30 17:09:13,889 INFO     ___FILE_ONLY___ asia-northeast3
2021-01-30 17:09:13,890 INFO     ___FILE_ONLY___           
2021-01-30 17:09:13,890 INFO     ___FILE_ONLY___ 0/8
2021-01-30 17:09:13,890 INFO     ___FILE_ONLY___    
2021-01-30 17:09:13,890 INFO     ___FILE_ONLY___ 0/2048
2021-01-30 17:09:13,890 INFO     ___FILE_ONLY___     
2021-01-30 17:09:13,891 INFO     ___FILE_ONLY___ 0/4
2021-01-30 17:09:13,891 INFO     ___FILE_ONLY___         
2021-01-30 17:09:13,891 INFO     ___FILE_ONLY___ 0/8
2021-01-30 17:09:13,891 INFO     ___FILE_ONLY___                  
2021-01-30 17:09:13,891 INFO     ___FILE_ONLY___ UP
2021-01-30 17:09:13,891 INFO     ___FILE_ONLY___ 

2021-01-30 17:09:13,891 INFO     ___FILE_ONLY___ asia-south1
2021-01-30 17:09:13,891 INFO     ___FILE_ONLY___               
2021-01-30 17:09:13,891 INFO     ___FILE_ONLY___ 0/0
2021-01-30 17:09:13,892 INFO     ___FILE_ONLY___    
2021-01-30 17:09:13,892 INFO     ___FILE_ONLY___ 0/2048
2021-01-30 17:09:13,892 INFO     ___FILE_ONLY___     
2021-01-30 17:09:13,892 INFO     ___FILE_ONLY___ 0/4
2021-01-30 17:09:13,892 INFO     ___FILE_ONLY___         
2021-01-30 17:09:13,892 INFO     ___FILE_ONLY___ 0/8
2021-01-30 17:09:13,892 INFO     ___FILE_ONLY___                  
2021-01-30 17:09:13,892 INFO     ___FILE_ONLY___ UP
2021-01-30 17:09:13,893 INFO     ___FILE_ONLY___ 

2021-01-30 17:09:13,893 INFO     ___FILE_ONLY___ asia-southeast1
2021-01-30 17:09:13,893 INFO     ___FILE_ONLY___           
2021-01-30 17:09:13,893 INFO     ___FILE_ONLY___ 0/8
2021-01-30 17:09:13,893 INFO     ___FILE_ONLY___    
2021-01-30 17:09:13,893 INFO     ___FILE_ONLY___ 0/2048
2021-01-30 17:09:13,893 INFO     ___FILE_ONLY___     
2021-01-30 17:09:13,893 INFO     ___FILE_ONLY___ 0/4
2021-01-30 17:09:13,894 INFO     ___FILE_ONLY___         
2021-01-30 17:09:13,894 INFO     ___FILE_ONLY___ 0/8
2021-01-30 17:09:13,894 INFO     ___FILE_ONLY___                  
2021-01-30 17:09:13,894 INFO     ___FILE_ONLY___ UP
2021-01-30 17:09:13,894 INFO     ___FILE_ONLY___ 

2021-01-30 17:09:13,894 INFO     ___FILE_ONLY___ asia-southeast2
2021-01-30 17:09:13,894 INFO     ___FILE_ONLY___           
2021-01-30 17:09:13,894 INFO     ___FILE_ONLY___ 0/8
2021-01-30 17:09:13,894 INFO     ___FILE_ONLY___    
2021-01-30 17:09:13,895 INFO     ___FILE_ONLY___ 0/2048
2021-01-30 17:09:13,895 INFO     ___FILE_ONLY___     
2021-01-30 17:09:13,895 INFO     ___FILE_ONLY___ 0/4
2021-01-30 17:09:13,895 INFO     ___FILE_ONLY___         
2021-01-30 17:09:13,895 INFO     ___FILE_ONLY___ 0/8
2021-01-30 17:09:13,895 INFO     ___FILE_ONLY___                  
2021-01-30 17:09:13,895 INFO     ___FILE_ONLY___ UP
2021-01-30 17:09:13,895 INFO     ___FILE_ONLY___ 

2021-01-30 17:09:13,896 INFO     ___FILE_ONLY___ australia-southeast1
2021-01-30 17:09:13,896 INFO     ___FILE_ONLY___      
2021-01-30 17:09:13,896 INFO     ___FILE_ONLY___ 0/8
2021-01-30 17:09:13,896 INFO     ___FILE_ONLY___    
2021-01-30 17:09:13,896 INFO     ___FILE_ONLY___ 0/2048
2021-01-30 17:09:13,896 INFO     ___FILE_ONLY___     
2021-01-30 17:09:13,896 INFO     ___FILE_ONLY___ 0/4
2021-01-30 17:09:13,896 INFO     ___FILE_ONLY___         
2021-01-30 17:09:13,897 INFO     ___FILE_ONLY___ 0/8
2021-01-30 17:09:13,897 INFO     ___FILE_ONLY___                  
2021-01-30 17:09:13,897 INFO     ___FILE_ONLY___ UP
2021-01-30 17:09:13,897 INFO     ___FILE_ONLY___ 

2021-01-30 17:09:13,897 INFO     ___FILE_ONLY___ europe-north1
2021-01-30 17:09:13,897 INFO     ___FILE_ONLY___             
2021-01-30 17:09:13,897 INFO     ___FILE_ONLY___ 0/8
2021-01-30 17:09:13,898 INFO     ___FILE_ONLY___    
2021-01-30 17:09:13,898 INFO     ___FILE_ONLY___ 0/2048
2021-01-30 17:09:13,898 INFO     ___FILE_ONLY___     
2021-01-30 17:09:13,898 INFO     ___FILE_ONLY___ 0/4
2021-01-30 17:09:13,898 INFO     ___FILE_ONLY___         
2021-01-30 17:09:13,898 INFO     ___FILE_ONLY___ 0/8
2021-01-30 17:09:13,898 INFO     ___FILE_ONLY___                  
2021-01-30 17:09:13,898 INFO     ___FILE_ONLY___ UP
2021-01-30 17:09:13,899 INFO     ___FILE_ONLY___ 

2021-01-30 17:09:13,899 INFO     ___FILE_ONLY___ europe-west1
2021-01-30 17:09:13,899 INFO     ___FILE_ONLY___              
2021-01-30 17:09:13,899 INFO     ___FILE_ONLY___ 0/8
2021-01-30 17:09:13,899 INFO     ___FILE_ONLY___    
2021-01-30 17:09:13,899 INFO     ___FILE_ONLY___ 0/2048
2021-01-30 17:09:13,899 INFO     ___FILE_ONLY___     
2021-01-30 17:09:13,899 INFO     ___FILE_ONLY___ 0/4
2021-01-30 17:09:13,899 INFO     ___FILE_ONLY___         
2021-01-30 17:09:13,900 INFO     ___FILE_ONLY___ 0/8
2021-01-30 17:09:13,900 INFO     ___FILE_ONLY___                  
2021-01-30 17:09:13,900 INFO     ___FILE_ONLY___ UP
2021-01-30 17:09:13,900 INFO     ___FILE_ONLY___ 

2021-01-30 17:09:13,900 INFO     ___FILE_ONLY___ europe-west2
2021-01-30 17:09:13,900 INFO     ___FILE_ONLY___              
2021-01-30 17:09:13,900 INFO     ___FILE_ONLY___ 0/8
2021-01-30 17:09:13,900 INFO     ___FILE_ONLY___    
2021-01-30 17:09:13,901 INFO     ___FILE_ONLY___ 0/2048
2021-01-30 17:09:13,901 INFO     ___FILE_ONLY___     
2021-01-30 17:09:13,901 INFO     ___FILE_ONLY___ 0/4
2021-01-30 17:09:13,901 INFO     ___FILE_ONLY___         
2021-01-30 17:09:13,901 INFO     ___FILE_ONLY___ 0/8
2021-01-30 17:09:13,901 INFO     ___FILE_ONLY___                  
2021-01-30 17:09:13,901 INFO     ___FILE_ONLY___ UP
2021-01-30 17:09:13,901 INFO     ___FILE_ONLY___ 

2021-01-30 17:09:13,902 INFO     ___FILE_ONLY___ europe-west3
2021-01-30 17:09:13,902 INFO     ___FILE_ONLY___              
2021-01-30 17:09:13,902 INFO     ___FILE_ONLY___ 0/8
2021-01-30 17:09:13,902 INFO     ___FILE_ONLY___    
2021-01-30 17:09:13,902 INFO     ___FILE_ONLY___ 0/2048
2021-01-30 17:09:13,902 INFO     ___FILE_ONLY___     
2021-01-30 17:09:13,902 INFO     ___FILE_ONLY___ 0/4
2021-01-30 17:09:13,902 INFO     ___FILE_ONLY___         
2021-01-30 17:09:13,902 INFO     ___FILE_ONLY___ 0/8
2021-01-30 17:09:13,903 INFO     ___FILE_ONLY___                  
2021-01-30 17:09:13,903 INFO     ___FILE_ONLY___ UP
2021-01-30 17:09:13,903 INFO     ___FILE_ONLY___ 

2021-01-30 17:09:13,903 INFO     ___FILE_ONLY___ europe-west4
2021-01-30 17:09:13,903 INFO     ___FILE_ONLY___              
2021-01-30 17:09:13,903 INFO     ___FILE_ONLY___ 0/8
2021-01-30 17:09:13,903 INFO     ___FILE_ONLY___    
2021-01-30 17:09:13,904 INFO     ___FILE_ONLY___ 0/2048
2021-01-30 17:09:13,904 INFO     ___FILE_ONLY___     
2021-01-30 17:09:13,904 INFO     ___FILE_ONLY___ 0/4
2021-01-30 17:09:13,904 INFO     ___FILE_ONLY___         
2021-01-30 17:09:13,904 INFO     ___FILE_ONLY___ 0/8
2021-01-30 17:09:13,904 INFO     ___FILE_ONLY___                  
2021-01-30 17:09:13,904 INFO     ___FILE_ONLY___ UP
2021-01-30 17:09:13,904 INFO     ___FILE_ONLY___ 

2021-01-30 17:09:13,904 INFO     ___FILE_ONLY___ europe-west6
2021-01-30 17:09:13,905 INFO     ___FILE_ONLY___              
2021-01-30 17:09:13,905 INFO     ___FILE_ONLY___ 0/8
2021-01-30 17:09:13,905 INFO     ___FILE_ONLY___    
2021-01-30 17:09:13,905 INFO     ___FILE_ONLY___ 0/2048
2021-01-30 17:09:13,905 INFO     ___FILE_ONLY___     
2021-01-30 17:09:13,905 INFO     ___FILE_ONLY___ 0/4
2021-01-30 17:09:13,905 INFO     ___FILE_ONLY___         
2021-01-30 17:09:13,905 INFO     ___FILE_ONLY___ 0/8
2021-01-30 17:09:13,906 INFO     ___FILE_ONLY___                  
2021-01-30 17:09:13,906 INFO     ___FILE_ONLY___ UP
2021-01-30 17:09:13,906 INFO     ___FILE_ONLY___ 

2021-01-30 17:09:13,906 INFO     ___FILE_ONLY___ northamerica-northeast1
2021-01-30 17:09:13,906 INFO     ___FILE_ONLY___   
2021-01-30 17:09:13,906 INFO     ___FILE_ONLY___ 0/8
2021-01-30 17:09:13,906 INFO     ___FILE_ONLY___    
2021-01-30 17:09:13,906 INFO     ___FILE_ONLY___ 0/2048
2021-01-30 17:09:13,907 INFO     ___FILE_ONLY___     
2021-01-30 17:09:13,907 INFO     ___FILE_ONLY___ 0/4
2021-01-30 17:09:13,907 INFO     ___FILE_ONLY___         
2021-01-30 17:09:13,907 INFO     ___FILE_ONLY___ 0/8
2021-01-30 17:09:13,907 INFO     ___FILE_ONLY___                  
2021-01-30 17:09:13,907 INFO     ___FILE_ONLY___ UP
2021-01-30 17:09:13,907 INFO     ___FILE_ONLY___ 

2021-01-30 17:09:13,907 INFO     ___FILE_ONLY___ southamerica-east1
2021-01-30 17:09:13,907 INFO     ___FILE_ONLY___        
2021-01-30 17:09:13,908 INFO     ___FILE_ONLY___ 0/8
2021-01-30 17:09:13,908 INFO     ___FILE_ONLY___    
2021-01-30 17:09:13,908 INFO     ___FILE_ONLY___ 0/2048
2021-01-30 17:09:13,908 INFO     ___FILE_ONLY___     
2021-01-30 17:09:13,908 INFO     ___FILE_ONLY___ 0/4
2021-01-30 17:09:13,908 INFO     ___FILE_ONLY___         
2021-01-30 17:09:13,908 INFO     ___FILE_ONLY___ 0/8
2021-01-30 17:09:13,908 INFO     ___FILE_ONLY___                  
2021-01-30 17:09:13,908 INFO     ___FILE_ONLY___ UP
2021-01-30 17:09:13,909 INFO     ___FILE_ONLY___ 

2021-01-30 17:09:13,909 INFO     ___FILE_ONLY___ us-central1
2021-01-30 17:09:13,909 INFO     ___FILE_ONLY___               
2021-01-30 17:09:13,909 INFO     ___FILE_ONLY___ 0/8
2021-01-30 17:09:13,909 INFO     ___FILE_ONLY___    
2021-01-30 17:09:13,909 INFO     ___FILE_ONLY___ 0/2048
2021-01-30 17:09:13,909 INFO     ___FILE_ONLY___     
2021-01-30 17:09:13,909 INFO     ___FILE_ONLY___ 0/4
2021-01-30 17:09:13,909 INFO     ___FILE_ONLY___         
2021-01-30 17:09:13,910 INFO     ___FILE_ONLY___ 0/8
2021-01-30 17:09:13,910 INFO     ___FILE_ONLY___                  
2021-01-30 17:09:13,910 INFO     ___FILE_ONLY___ UP
2021-01-30 17:09:13,910 INFO     ___FILE_ONLY___ 

2021-01-30 17:09:13,910 INFO     ___FILE_ONLY___ us-east1
2021-01-30 17:09:13,910 INFO     ___FILE_ONLY___                  
2021-01-30 17:09:13,911 INFO     ___FILE_ONLY___ 0/8
2021-01-30 17:09:13,911 INFO     ___FILE_ONLY___    
2021-01-30 17:09:13,911 INFO     ___FILE_ONLY___ 0/2048
2021-01-30 17:09:13,911 INFO     ___FILE_ONLY___     
2021-01-30 17:09:13,911 INFO     ___FILE_ONLY___ 0/4
2021-01-30 17:09:13,911 INFO     ___FILE_ONLY___         
2021-01-30 17:09:13,911 INFO     ___FILE_ONLY___ 0/8
2021-01-30 17:09:13,911 INFO     ___FILE_ONLY___                  
2021-01-30 17:09:13,911 INFO     ___FILE_ONLY___ UP
2021-01-30 17:09:13,912 INFO     ___FILE_ONLY___ 

2021-01-30 17:09:13,912 INFO     ___FILE_ONLY___ us-east4
2021-01-30 17:09:13,912 INFO     ___FILE_ONLY___                  
2021-01-30 17:09:13,912 INFO     ___FILE_ONLY___ 0/8
2021-01-30 17:09:13,912 INFO     ___FILE_ONLY___    
2021-01-30 17:09:13,912 INFO     ___FILE_ONLY___ 0/2048
2021-01-30 17:09:13,912 INFO     ___FILE_ONLY___     
2021-01-30 17:09:13,912 INFO     ___FILE_ONLY___ 0/4
2021-01-30 17:09:13,913 INFO     ___FILE_ONLY___         
2021-01-30 17:09:13,913 INFO     ___FILE_ONLY___ 0/8
2021-01-30 17:09:13,913 INFO     ___FILE_ONLY___                  
2021-01-30 17:09:13,913 INFO     ___FILE_ONLY___ UP
2021-01-30 17:09:13,913 INFO     ___FILE_ONLY___ 

2021-01-30 17:09:13,913 INFO     ___FILE_ONLY___ us-west1
2021-01-30 17:09:13,913 INFO     ___FILE_ONLY___                  
2021-01-30 17:09:13,913 INFO     ___FILE_ONLY___ 0/8
2021-01-30 17:09:13,914 INFO     ___FILE_ONLY___    
2021-01-30 17:09:13,914 INFO     ___FILE_ONLY___ 0/2048
2021-01-30 17:09:13,914 INFO     ___FILE_ONLY___     
2021-01-30 17:09:13,914 INFO     ___FILE_ONLY___ 0/4
2021-01-30 17:09:13,914 INFO     ___FILE_ONLY___         
2021-01-30 17:09:13,914 INFO     ___FILE_ONLY___ 0/8
2021-01-30 17:09:13,914 INFO     ___FILE_ONLY___                  
2021-01-30 17:09:13,914 INFO     ___FILE_ONLY___ UP
2021-01-30 17:09:13,914 INFO     ___FILE_ONLY___ 

2021-01-30 17:09:13,914 INFO     ___FILE_ONLY___ us-west2
2021-01-30 17:09:13,915 INFO     ___FILE_ONLY___                  
2021-01-30 17:09:13,915 INFO     ___FILE_ONLY___ 0/8
2021-01-30 17:09:13,915 INFO     ___FILE_ONLY___    
2021-01-30 17:09:13,915 INFO     ___FILE_ONLY___ 0/2048
2021-01-30 17:09:13,915 INFO     ___FILE_ONLY___     
2021-01-30 17:09:13,915 INFO     ___FILE_ONLY___ 0/4
2021-01-30 17:09:13,915 INFO     ___FILE_ONLY___         
2021-01-30 17:09:13,915 INFO     ___FILE_ONLY___ 0/8
2021-01-30 17:09:13,916 INFO     ___FILE_ONLY___                  
2021-01-30 17:09:13,916 INFO     ___FILE_ONLY___ UP
2021-01-30 17:09:13,916 INFO     ___FILE_ONLY___ 

2021-01-30 17:09:13,916 INFO     ___FILE_ONLY___ us-west3
2021-01-30 17:09:13,916 INFO     ___FILE_ONLY___                  
2021-01-30 17:09:13,916 INFO     ___FILE_ONLY___ 0/8
2021-01-30 17:09:13,917 INFO     ___FILE_ONLY___    
2021-01-30 17:09:13,917 INFO     ___FILE_ONLY___ 0/2048
2021-01-30 17:09:13,917 INFO     ___FILE_ONLY___     
2021-01-30 17:09:13,917 INFO     ___FILE_ONLY___ 0/4
2021-01-30 17:09:13,917 INFO     ___FILE_ONLY___         
2021-01-30 17:09:13,917 INFO     ___FILE_ONLY___ 0/8
2021-01-30 17:09:13,917 INFO     ___FILE_ONLY___                  
2021-01-30 17:09:13,917 INFO     ___FILE_ONLY___ UP
2021-01-30 17:09:13,917 INFO     ___FILE_ONLY___ 

2021-01-30 17:09:13,917 INFO     ___FILE_ONLY___ us-west4
2021-01-30 17:09:13,918 INFO     ___FILE_ONLY___                  
2021-01-30 17:09:13,918 INFO     ___FILE_ONLY___ 0/8
2021-01-30 17:09:13,918 INFO     ___FILE_ONLY___    
2021-01-30 17:09:13,918 INFO     ___FILE_ONLY___ 0/2048
2021-01-30 17:09:13,918 INFO     ___FILE_ONLY___     
2021-01-30 17:09:13,918 INFO     ___FILE_ONLY___ 0/4
2021-01-30 17:09:13,918 INFO     ___FILE_ONLY___         
2021-01-30 17:09:13,919 INFO     ___FILE_ONLY___ 0/8
2021-01-30 17:09:13,919 INFO     ___FILE_ONLY___                  
2021-01-30 17:09:13,919 INFO     ___FILE_ONLY___ UP
2021-01-30 17:09:13,919 INFO     ___FILE_ONLY___ 

2021-01-30 17:09:13,920 DEBUG    root            SDK update checks are disabled.
