2021-01-30 17:48:15,433 DEBUG    root            Loaded Command Group: ['gcloud', 'compute']
2021-01-30 17:48:15,437 DEBUG    root            Loaded Command Group: ['gcloud', 'compute', 'instances']
2021-01-30 17:48:15,451 DEBUG    root            Loaded Command Group: ['gcloud', 'compute', 'instances', 'list']
2021-01-30 17:48:15,457 DEBUG    root            Running [gcloud.compute.instances.list] with arguments: []
2021-01-30 17:48:15,953 DEBUG    urllib3.connectionpool Starting new HTTPS connection (1): compute.googleapis.com:443
2021-01-30 17:48:17,707 DEBUG    urllib3.connectionpool https://compute.googleapis.com:443 "POST /batch/compute/v1 HTTP/1.1" 200 None
2021-01-30 17:48:17,876 INFO     root            Display format: "    table(
      name,
      zone.basename(),
      machineType.machine_type().basename(),
      scheduling.preemptible.yesno(yes=true, no=''),
      networkInterfaces[].networkIP.notnull().list():label=INTERNAL_IP,
      networkInterfaces[].accessConfigs[0].natIP.notnull().list()      :label=EXTERNAL_IP,
      status
    )"
2021-01-30 17:48:35,532 DEBUG    urllib3.connectionpool https://compute.googleapis.com:443 "POST /batch/compute/v1 HTTP/1.1" 200 None
2021-01-30 17:48:35,720 INFO     root            cache collection=compute.instances api_version=v1 params=['project', 'zone', 'instance']
2021-01-30 17:48:35,767 INFO     ___FILE_ONLY___ NAME
2021-01-30 17:48:35,768 INFO     ___FILE_ONLY___               
2021-01-30 17:48:35,768 INFO     ___FILE_ONLY___ ZONE
2021-01-30 17:48:35,768 INFO     ___FILE_ONLY___             
2021-01-30 17:48:35,768 INFO     ___FILE_ONLY___ MACHINE_TYPE
2021-01-30 17:48:35,768 INFO     ___FILE_ONLY___   
2021-01-30 17:48:35,768 INFO     ___FILE_ONLY___ PREEMPTIBLE
2021-01-30 17:48:35,768 INFO     ___FILE_ONLY___   
2021-01-30 17:48:35,769 INFO     ___FILE_ONLY___ INTERNAL_IP
2021-01-30 17:48:35,769 INFO     ___FILE_ONLY___   
2021-01-30 17:48:35,769 INFO     ___FILE_ONLY___ EXTERNAL_IP
2021-01-30 17:48:35,769 INFO     ___FILE_ONLY___    
2021-01-30 17:48:35,769 INFO     ___FILE_ONLY___ STATUS
2021-01-30 17:48:35,769 INFO     ___FILE_ONLY___ 

2021-01-30 17:48:35,769 INFO     ___FILE_ONLY___ shakeerinstance1
2021-01-30 17:48:35,770 INFO     ___FILE_ONLY___   
2021-01-30 17:48:35,770 INFO     ___FILE_ONLY___ europe-west2-c
2021-01-30 17:48:35,770 INFO     ___FILE_ONLY___   
2021-01-30 17:48:35,770 INFO     ___FILE_ONLY___ e2-micro
2021-01-30 17:48:35,770 INFO     ___FILE_ONLY___                    
2021-01-30 17:48:35,770 INFO     ___FILE_ONLY___ 10.10.1.2
2021-01-30 17:48:35,770 INFO     ___FILE_ONLY___     
2021-01-30 17:48:35,771 INFO     ___FILE_ONLY___ 35.246.24.85
2021-01-30 17:48:35,771 INFO     ___FILE_ONLY___   
2021-01-30 17:48:35,771 INFO     ___FILE_ONLY___ RUNNING
2021-01-30 17:48:35,771 INFO     ___FILE_ONLY___ 

2021-01-30 17:48:35,772 DEBUG    root            SDK update checks are disabled.
