2021-01-30 17:57:25,658 DEBUG    root            Loaded Command Group: ['gcloud', 'compute']
2021-01-30 17:57:25,663 DEBUG    root            Loaded Command Group: ['gcloud', 'compute', 'firewall_rules']
2021-01-30 17:57:25,677 DEBUG    root            Loaded Command Group: ['gcloud', 'compute', 'firewall-rules', 'list']
2021-01-30 17:57:25,682 DEBUG    root            Running [gcloud.compute.firewall-rules.list] with arguments: []
2021-01-30 17:57:25,967 INFO     root            Display format: "    table(
      name,
      network.basename(),
      direction,
      priority,
      allowed[].map().firewall_rule().list():label=ALLOW,
      denied[].map().firewall_rule().list():label=DENY,
      disabled
    )"
2021-01-30 17:57:25,974 DEBUG    urllib3.connectionpool Starting new HTTPS connection (1): compute.googleapis.com:443
2021-01-30 17:57:29,626 DEBUG    urllib3.connectionpool https://compute.googleapis.com:443 "POST /batch/compute/v1 HTTP/1.1" 200 None
2021-01-30 17:57:29,799 INFO     root            cache collection=compute.firewalls api_version=v1 params=['project', 'firewall']
2021-01-30 17:57:29,840 INFO     ___FILE_ONLY___ NAME
2021-01-30 17:57:29,840 INFO     ___FILE_ONLY___                     
2021-01-30 17:57:29,840 INFO     ___FILE_ONLY___ NETWORK
2021-01-30 17:57:29,840 INFO     ___FILE_ONLY___   
2021-01-30 17:57:29,840 INFO     ___FILE_ONLY___ DIRECTION
2021-01-30 17:57:29,840 INFO     ___FILE_ONLY___   
2021-01-30 17:57:29,841 INFO     ___FILE_ONLY___ PRIORITY
2021-01-30 17:57:29,841 INFO     ___FILE_ONLY___   
2021-01-30 17:57:29,841 INFO     ___FILE_ONLY___ ALLOW
2021-01-30 17:57:29,841 INFO     ___FILE_ONLY___                          
2021-01-30 17:57:29,841 INFO     ___FILE_ONLY___ DENY
2021-01-30 17:57:29,841 INFO     ___FILE_ONLY___   
2021-01-30 17:57:29,841 INFO     ___FILE_ONLY___ DISABLED
2021-01-30 17:57:29,841 INFO     ___FILE_ONLY___ 

2021-01-30 17:57:29,842 INFO     ___FILE_ONLY___ default-allow-icmp
2021-01-30 17:57:29,842 INFO     ___FILE_ONLY___       
2021-01-30 17:57:29,842 INFO     ___FILE_ONLY___ default
2021-01-30 17:57:29,842 INFO     ___FILE_ONLY___   
2021-01-30 17:57:29,842 INFO     ___FILE_ONLY___ INGRESS
2021-01-30 17:57:29,842 INFO     ___FILE_ONLY___     
2021-01-30 17:57:29,842 INFO     ___FILE_ONLY___ 65534
2021-01-30 17:57:29,843 INFO     ___FILE_ONLY___      
2021-01-30 17:57:29,843 INFO     ___FILE_ONLY___ icmp
2021-01-30 17:57:29,843 INFO     ___FILE_ONLY___                                 
2021-01-30 17:57:29,843 INFO     ___FILE_ONLY___ False
2021-01-30 17:57:29,843 INFO     ___FILE_ONLY___ 

2021-01-30 17:57:29,843 INFO     ___FILE_ONLY___ default-allow-internal
2021-01-30 17:57:29,843 INFO     ___FILE_ONLY___   
2021-01-30 17:57:29,844 INFO     ___FILE_ONLY___ default
2021-01-30 17:57:29,844 INFO     ___FILE_ONLY___   
2021-01-30 17:57:29,844 INFO     ___FILE_ONLY___ INGRESS
2021-01-30 17:57:29,844 INFO     ___FILE_ONLY___     
2021-01-30 17:57:29,844 INFO     ___FILE_ONLY___ 65534
2021-01-30 17:57:29,844 INFO     ___FILE_ONLY___      
2021-01-30 17:57:29,844 INFO     ___FILE_ONLY___ tcp:0-65535,udp:0-65535,icmp
2021-01-30 17:57:29,844 INFO     ___FILE_ONLY___         
2021-01-30 17:57:29,844 INFO     ___FILE_ONLY___ False
2021-01-30 17:57:29,845 INFO     ___FILE_ONLY___ 

2021-01-30 17:57:29,845 INFO     ___FILE_ONLY___ default-allow-rdp
2021-01-30 17:57:29,845 INFO     ___FILE_ONLY___        
2021-01-30 17:57:29,845 INFO     ___FILE_ONLY___ default
2021-01-30 17:57:29,845 INFO     ___FILE_ONLY___   
2021-01-30 17:57:29,845 INFO     ___FILE_ONLY___ INGRESS
2021-01-30 17:57:29,845 INFO     ___FILE_ONLY___     
2021-01-30 17:57:29,845 INFO     ___FILE_ONLY___ 65534
2021-01-30 17:57:29,845 INFO     ___FILE_ONLY___      
2021-01-30 17:57:29,846 INFO     ___FILE_ONLY___ tcp:3389
2021-01-30 17:57:29,846 INFO     ___FILE_ONLY___                             
2021-01-30 17:57:29,846 INFO     ___FILE_ONLY___ False
2021-01-30 17:57:29,846 INFO     ___FILE_ONLY___ 

2021-01-30 17:57:29,846 INFO     ___FILE_ONLY___ default-allow-ssh
2021-01-30 17:57:29,846 INFO     ___FILE_ONLY___        
2021-01-30 17:57:29,847 INFO     ___FILE_ONLY___ default
2021-01-30 17:57:29,847 INFO     ___FILE_ONLY___   
2021-01-30 17:57:29,847 INFO     ___FILE_ONLY___ INGRESS
2021-01-30 17:57:29,847 INFO     ___FILE_ONLY___     
2021-01-30 17:57:29,847 INFO     ___FILE_ONLY___ 65534
2021-01-30 17:57:29,847 INFO     ___FILE_ONLY___      
2021-01-30 17:57:29,847 INFO     ___FILE_ONLY___ tcp:22
2021-01-30 17:57:29,847 INFO     ___FILE_ONLY___                               
2021-01-30 17:57:29,847 INFO     ___FILE_ONLY___ False
2021-01-30 17:57:29,848 INFO     ___FILE_ONLY___ 

2021-01-30 17:57:29,848 INFO     ___FILE_ONLY___ vpc-2fw-allow-ssh
2021-01-30 17:57:29,848 INFO     ___FILE_ONLY___        
2021-01-30 17:57:29,848 INFO     ___FILE_ONLY___ vpc-2
2021-01-30 17:57:29,848 INFO     ___FILE_ONLY___     
2021-01-30 17:57:29,848 INFO     ___FILE_ONLY___ INGRESS
2021-01-30 17:57:29,848 INFO     ___FILE_ONLY___     
2021-01-30 17:57:29,848 INFO     ___FILE_ONLY___ 1000
2021-01-30 17:57:29,849 INFO     ___FILE_ONLY___       
2021-01-30 17:57:29,849 INFO     ___FILE_ONLY___ tcp:22,tcp:80
2021-01-30 17:57:29,849 INFO     ___FILE_ONLY___                        
2021-01-30 17:57:29,849 INFO     ___FILE_ONLY___ False
2021-01-30 17:57:29,849 INFO     ___FILE_ONLY___ 

2021-01-30 17:57:29,849 INFO     ___FILE_ONLY___ 
To show all fields of the firewall, please show in JSON format: --format=json
To show all fields in table format, please see the examples in --help.


2021-01-30 17:57:29,850 DEBUG    root            SDK update checks are disabled.
