2021-01-30 17:52:25,581 DEBUG    root            Loaded Command Group: ['gcloud', 'compute']
2021-01-30 17:52:25,586 DEBUG    root            Loaded Command Group: ['gcloud', 'compute', 'networks']
2021-01-30 17:52:25,588 DEBUG    root            Loaded Command Group: ['gcloud', 'compute', 'networks', 'subnets']
2021-01-30 17:52:25,601 DEBUG    root            Loaded Command Group: ['gcloud', 'compute', 'networks', 'subnets', 'list']
2021-01-30 17:52:25,607 DEBUG    root            Running [gcloud.compute.networks.subnets.list] with arguments: []
2021-01-30 17:52:25,609 INFO     root            Display format: "    table(
      name,
      region.basename(),
      network.basename(),
      ipCidrRange:label=RANGE
    )"
2021-01-30 17:52:25,907 DEBUG    urllib3.connectionpool Starting new HTTPS connection (1): compute.googleapis.com:443
2021-01-30 17:52:27,437 DEBUG    urllib3.connectionpool https://compute.googleapis.com:443 "POST /batch/compute/v1 HTTP/1.1" 200 None
2021-01-30 17:52:27,634 INFO     root            cache collection=compute.subnetworks api_version=beta params=['project', 'region', 'subnetwork']
2021-01-30 17:52:27,679 INFO     ___FILE_ONLY___ NAME
2021-01-30 17:52:27,679 INFO     ___FILE_ONLY___                    
2021-01-30 17:52:27,679 INFO     ___FILE_ONLY___ REGION
2021-01-30 17:52:27,679 INFO     ___FILE_ONLY___                    
2021-01-30 17:52:27,679 INFO     ___FILE_ONLY___ NETWORK
2021-01-30 17:52:27,680 INFO     ___FILE_ONLY___   
2021-01-30 17:52:27,680 INFO     ___FILE_ONLY___ RANGE
2021-01-30 17:52:27,680 INFO     ___FILE_ONLY___ 

2021-01-30 17:52:27,680 INFO     ___FILE_ONLY___ default
2021-01-30 17:52:27,680 INFO     ___FILE_ONLY___                 
2021-01-30 17:52:27,681 INFO     ___FILE_ONLY___ us-central1
2021-01-30 17:52:27,681 INFO     ___FILE_ONLY___               
2021-01-30 17:52:27,681 INFO     ___FILE_ONLY___ default
2021-01-30 17:52:27,681 INFO     ___FILE_ONLY___   
2021-01-30 17:52:27,681 INFO     ___FILE_ONLY___ 10.128.0.0/20
2021-01-30 17:52:27,681 INFO     ___FILE_ONLY___ 

2021-01-30 17:52:27,681 INFO     ___FILE_ONLY___ default
2021-01-30 17:52:27,682 INFO     ___FILE_ONLY___                 
2021-01-30 17:52:27,682 INFO     ___FILE_ONLY___ europe-west1
2021-01-30 17:52:27,682 INFO     ___FILE_ONLY___              
2021-01-30 17:52:27,682 INFO     ___FILE_ONLY___ default
2021-01-30 17:52:27,682 INFO     ___FILE_ONLY___   
2021-01-30 17:52:27,682 INFO     ___FILE_ONLY___ 10.132.0.0/20
2021-01-30 17:52:27,682 INFO     ___FILE_ONLY___ 

2021-01-30 17:52:27,682 INFO     ___FILE_ONLY___ default
2021-01-30 17:52:27,683 INFO     ___FILE_ONLY___                 
2021-01-30 17:52:27,683 INFO     ___FILE_ONLY___ us-west1
2021-01-30 17:52:27,683 INFO     ___FILE_ONLY___                  
2021-01-30 17:52:27,683 INFO     ___FILE_ONLY___ default
2021-01-30 17:52:27,683 INFO     ___FILE_ONLY___   
2021-01-30 17:52:27,683 INFO     ___FILE_ONLY___ 10.138.0.0/20
2021-01-30 17:52:27,683 INFO     ___FILE_ONLY___ 

2021-01-30 17:52:27,684 INFO     ___FILE_ONLY___ default
2021-01-30 17:52:27,684 INFO     ___FILE_ONLY___                 
2021-01-30 17:52:27,684 INFO     ___FILE_ONLY___ asia-east1
2021-01-30 17:52:27,684 INFO     ___FILE_ONLY___                
2021-01-30 17:52:27,684 INFO     ___FILE_ONLY___ default
2021-01-30 17:52:27,684 INFO     ___FILE_ONLY___   
2021-01-30 17:52:27,684 INFO     ___FILE_ONLY___ 10.140.0.0/20
2021-01-30 17:52:27,684 INFO     ___FILE_ONLY___ 

2021-01-30 17:52:27,685 INFO     ___FILE_ONLY___ default
2021-01-30 17:52:27,685 INFO     ___FILE_ONLY___                 
2021-01-30 17:52:27,685 INFO     ___FILE_ONLY___ us-east1
2021-01-30 17:52:27,685 INFO     ___FILE_ONLY___                  
2021-01-30 17:52:27,685 INFO     ___FILE_ONLY___ default
2021-01-30 17:52:27,685 INFO     ___FILE_ONLY___   
2021-01-30 17:52:27,685 INFO     ___FILE_ONLY___ 10.142.0.0/20
2021-01-30 17:52:27,686 INFO     ___FILE_ONLY___ 

2021-01-30 17:52:27,686 INFO     ___FILE_ONLY___ default
2021-01-30 17:52:27,686 INFO     ___FILE_ONLY___                 
2021-01-30 17:52:27,686 INFO     ___FILE_ONLY___ asia-northeast1
2021-01-30 17:52:27,686 INFO     ___FILE_ONLY___           
2021-01-30 17:52:27,686 INFO     ___FILE_ONLY___ default
2021-01-30 17:52:27,686 INFO     ___FILE_ONLY___   
2021-01-30 17:52:27,686 INFO     ___FILE_ONLY___ 10.146.0.0/20
2021-01-30 17:52:27,687 INFO     ___FILE_ONLY___ 

2021-01-30 17:52:27,687 INFO     ___FILE_ONLY___ default
2021-01-30 17:52:27,687 INFO     ___FILE_ONLY___                 
2021-01-30 17:52:27,687 INFO     ___FILE_ONLY___ asia-southeast1
2021-01-30 17:52:27,687 INFO     ___FILE_ONLY___           
2021-01-30 17:52:27,688 INFO     ___FILE_ONLY___ default
2021-01-30 17:52:27,688 INFO     ___FILE_ONLY___   
2021-01-30 17:52:27,688 INFO     ___FILE_ONLY___ 10.148.0.0/20
2021-01-30 17:52:27,688 INFO     ___FILE_ONLY___ 

2021-01-30 17:52:27,688 INFO     ___FILE_ONLY___ default
2021-01-30 17:52:27,688 INFO     ___FILE_ONLY___                 
2021-01-30 17:52:27,688 INFO     ___FILE_ONLY___ us-east4
2021-01-30 17:52:27,688 INFO     ___FILE_ONLY___                  
2021-01-30 17:52:27,689 INFO     ___FILE_ONLY___ default
2021-01-30 17:52:27,689 INFO     ___FILE_ONLY___   
2021-01-30 17:52:27,689 INFO     ___FILE_ONLY___ 10.150.0.0/20
2021-01-30 17:52:27,689 INFO     ___FILE_ONLY___ 

2021-01-30 17:52:27,689 INFO     ___FILE_ONLY___ default
2021-01-30 17:52:27,689 INFO     ___FILE_ONLY___                 
2021-01-30 17:52:27,689 INFO     ___FILE_ONLY___ australia-southeast1
2021-01-30 17:52:27,689 INFO     ___FILE_ONLY___      
2021-01-30 17:52:27,690 INFO     ___FILE_ONLY___ default
2021-01-30 17:52:27,690 INFO     ___FILE_ONLY___   
2021-01-30 17:52:27,690 INFO     ___FILE_ONLY___ 10.152.0.0/20
2021-01-30 17:52:27,690 INFO     ___FILE_ONLY___ 

2021-01-30 17:52:27,690 INFO     ___FILE_ONLY___ default
2021-01-30 17:52:27,690 INFO     ___FILE_ONLY___                 
2021-01-30 17:52:27,690 INFO     ___FILE_ONLY___ europe-west2
2021-01-30 17:52:27,691 INFO     ___FILE_ONLY___              
2021-01-30 17:52:27,691 INFO     ___FILE_ONLY___ default
2021-01-30 17:52:27,691 INFO     ___FILE_ONLY___   
2021-01-30 17:52:27,691 INFO     ___FILE_ONLY___ 10.154.0.0/20
2021-01-30 17:52:27,691 INFO     ___FILE_ONLY___ 

2021-01-30 17:52:27,691 INFO     ___FILE_ONLY___ vpc-2-europe-west-2-1
2021-01-30 17:52:27,691 INFO     ___FILE_ONLY___   
2021-01-30 17:52:27,692 INFO     ___FILE_ONLY___ europe-west2
2021-01-30 17:52:27,692 INFO     ___FILE_ONLY___              
2021-01-30 17:52:27,692 INFO     ___FILE_ONLY___ vpc-2
2021-01-30 17:52:27,692 INFO     ___FILE_ONLY___     
2021-01-30 17:52:27,692 INFO     ___FILE_ONLY___ 10.10.1.0/24
2021-01-30 17:52:27,692 INFO     ___FILE_ONLY___ 

2021-01-30 17:52:27,693 INFO     ___FILE_ONLY___ default
2021-01-30 17:52:27,693 INFO     ___FILE_ONLY___                 
2021-01-30 17:52:27,693 INFO     ___FILE_ONLY___ europe-west3
2021-01-30 17:52:27,693 INFO     ___FILE_ONLY___              
2021-01-30 17:52:27,693 INFO     ___FILE_ONLY___ default
2021-01-30 17:52:27,693 INFO     ___FILE_ONLY___   
2021-01-30 17:52:27,693 INFO     ___FILE_ONLY___ 10.156.0.0/20
2021-01-30 17:52:27,693 INFO     ___FILE_ONLY___ 

2021-01-30 17:52:27,694 INFO     ___FILE_ONLY___ default
2021-01-30 17:52:27,694 INFO     ___FILE_ONLY___                 
2021-01-30 17:52:27,694 INFO     ___FILE_ONLY___ southamerica-east1
2021-01-30 17:52:27,694 INFO     ___FILE_ONLY___        
2021-01-30 17:52:27,694 INFO     ___FILE_ONLY___ default
2021-01-30 17:52:27,694 INFO     ___FILE_ONLY___   
2021-01-30 17:52:27,694 INFO     ___FILE_ONLY___ 10.158.0.0/20
2021-01-30 17:52:27,695 INFO     ___FILE_ONLY___ 

2021-01-30 17:52:27,695 INFO     ___FILE_ONLY___ default
2021-01-30 17:52:27,695 INFO     ___FILE_ONLY___                 
2021-01-30 17:52:27,695 INFO     ___FILE_ONLY___ asia-south1
2021-01-30 17:52:27,695 INFO     ___FILE_ONLY___               
2021-01-30 17:52:27,695 INFO     ___FILE_ONLY___ default
2021-01-30 17:52:27,695 INFO     ___FILE_ONLY___   
2021-01-30 17:52:27,695 INFO     ___FILE_ONLY___ 10.160.0.0/20
2021-01-30 17:52:27,696 INFO     ___FILE_ONLY___ 

2021-01-30 17:52:27,696 INFO     ___FILE_ONLY___ default
2021-01-30 17:52:27,696 INFO     ___FILE_ONLY___                 
2021-01-30 17:52:27,696 INFO     ___FILE_ONLY___ northamerica-northeast1
2021-01-30 17:52:27,696 INFO     ___FILE_ONLY___   
2021-01-30 17:52:27,696 INFO     ___FILE_ONLY___ default
2021-01-30 17:52:27,696 INFO     ___FILE_ONLY___   
2021-01-30 17:52:27,696 INFO     ___FILE_ONLY___ 10.162.0.0/20
2021-01-30 17:52:27,696 INFO     ___FILE_ONLY___ 

2021-01-30 17:52:27,697 INFO     ___FILE_ONLY___ default
2021-01-30 17:52:27,697 INFO     ___FILE_ONLY___                 
2021-01-30 17:52:27,697 INFO     ___FILE_ONLY___ europe-west4
2021-01-30 17:52:27,697 INFO     ___FILE_ONLY___              
2021-01-30 17:52:27,697 INFO     ___FILE_ONLY___ default
2021-01-30 17:52:27,697 INFO     ___FILE_ONLY___   
2021-01-30 17:52:27,697 INFO     ___FILE_ONLY___ 10.164.0.0/20
2021-01-30 17:52:27,698 INFO     ___FILE_ONLY___ 

2021-01-30 17:52:27,698 INFO     ___FILE_ONLY___ default
2021-01-30 17:52:27,698 INFO     ___FILE_ONLY___                 
2021-01-30 17:52:27,698 INFO     ___FILE_ONLY___ europe-north1
2021-01-30 17:52:27,698 INFO     ___FILE_ONLY___             
2021-01-30 17:52:27,698 INFO     ___FILE_ONLY___ default
2021-01-30 17:52:27,699 INFO     ___FILE_ONLY___   
2021-01-30 17:52:27,699 INFO     ___FILE_ONLY___ 10.166.0.0/20
2021-01-30 17:52:27,699 INFO     ___FILE_ONLY___ 

2021-01-30 17:52:27,699 INFO     ___FILE_ONLY___ default
2021-01-30 17:52:27,699 INFO     ___FILE_ONLY___                 
2021-01-30 17:52:27,699 INFO     ___FILE_ONLY___ us-west2
2021-01-30 17:52:27,699 INFO     ___FILE_ONLY___                  
2021-01-30 17:52:27,699 INFO     ___FILE_ONLY___ default
2021-01-30 17:52:27,700 INFO     ___FILE_ONLY___   
2021-01-30 17:52:27,700 INFO     ___FILE_ONLY___ 10.168.0.0/20
2021-01-30 17:52:27,700 INFO     ___FILE_ONLY___ 

2021-01-30 17:52:27,700 INFO     ___FILE_ONLY___ default
2021-01-30 17:52:27,700 INFO     ___FILE_ONLY___                 
2021-01-30 17:52:27,700 INFO     ___FILE_ONLY___ asia-east2
2021-01-30 17:52:27,700 INFO     ___FILE_ONLY___                
2021-01-30 17:52:27,700 INFO     ___FILE_ONLY___ default
2021-01-30 17:52:27,701 INFO     ___FILE_ONLY___   
2021-01-30 17:52:27,701 INFO     ___FILE_ONLY___ 10.170.0.0/20
2021-01-30 17:52:27,701 INFO     ___FILE_ONLY___ 

2021-01-30 17:52:27,701 INFO     ___FILE_ONLY___ default
2021-01-30 17:52:27,701 INFO     ___FILE_ONLY___                 
2021-01-30 17:52:27,701 INFO     ___FILE_ONLY___ europe-west6
2021-01-30 17:52:27,701 INFO     ___FILE_ONLY___              
2021-01-30 17:52:27,701 INFO     ___FILE_ONLY___ default
2021-01-30 17:52:27,702 INFO     ___FILE_ONLY___   
2021-01-30 17:52:27,702 INFO     ___FILE_ONLY___ 10.172.0.0/20
2021-01-30 17:52:27,702 INFO     ___FILE_ONLY___ 

2021-01-30 17:52:27,702 INFO     ___FILE_ONLY___ default
2021-01-30 17:52:27,702 INFO     ___FILE_ONLY___                 
2021-01-30 17:52:27,702 INFO     ___FILE_ONLY___ asia-northeast2
2021-01-30 17:52:27,702 INFO     ___FILE_ONLY___           
2021-01-30 17:52:27,703 INFO     ___FILE_ONLY___ default
2021-01-30 17:52:27,703 INFO     ___FILE_ONLY___   
2021-01-30 17:52:27,703 INFO     ___FILE_ONLY___ 10.174.0.0/20
2021-01-30 17:52:27,703 INFO     ___FILE_ONLY___ 

2021-01-30 17:52:27,703 INFO     ___FILE_ONLY___ default
2021-01-30 17:52:27,703 INFO     ___FILE_ONLY___                 
2021-01-30 17:52:27,703 INFO     ___FILE_ONLY___ asia-northeast3
2021-01-30 17:52:27,704 INFO     ___FILE_ONLY___           
2021-01-30 17:52:27,704 INFO     ___FILE_ONLY___ default
2021-01-30 17:52:27,704 INFO     ___FILE_ONLY___   
2021-01-30 17:52:27,704 INFO     ___FILE_ONLY___ 10.178.0.0/20
2021-01-30 17:52:27,704 INFO     ___FILE_ONLY___ 

2021-01-30 17:52:27,704 INFO     ___FILE_ONLY___ default
2021-01-30 17:52:27,704 INFO     ___FILE_ONLY___                 
2021-01-30 17:52:27,705 INFO     ___FILE_ONLY___ us-west3
2021-01-30 17:52:27,705 INFO     ___FILE_ONLY___                  
2021-01-30 17:52:27,705 INFO     ___FILE_ONLY___ default
2021-01-30 17:52:27,705 INFO     ___FILE_ONLY___   
2021-01-30 17:52:27,705 INFO     ___FILE_ONLY___ 10.180.0.0/20
2021-01-30 17:52:27,705 INFO     ___FILE_ONLY___ 

2021-01-30 17:52:27,705 INFO     ___FILE_ONLY___ default
2021-01-30 17:52:27,705 INFO     ___FILE_ONLY___                 
2021-01-30 17:52:27,706 INFO     ___FILE_ONLY___ us-west4
2021-01-30 17:52:27,706 INFO     ___FILE_ONLY___                  
2021-01-30 17:52:27,706 INFO     ___FILE_ONLY___ default
2021-01-30 17:52:27,706 INFO     ___FILE_ONLY___   
2021-01-30 17:52:27,706 INFO     ___FILE_ONLY___ 10.182.0.0/20
2021-01-30 17:52:27,706 INFO     ___FILE_ONLY___ 

2021-01-30 17:52:27,706 INFO     ___FILE_ONLY___ default
2021-01-30 17:52:27,707 INFO     ___FILE_ONLY___                 
2021-01-30 17:52:27,707 INFO     ___FILE_ONLY___ asia-southeast2
2021-01-30 17:52:27,707 INFO     ___FILE_ONLY___           
2021-01-30 17:52:27,707 INFO     ___FILE_ONLY___ default
2021-01-30 17:52:27,707 INFO     ___FILE_ONLY___   
2021-01-30 17:52:27,707 INFO     ___FILE_ONLY___ 10.184.0.0/20
2021-01-30 17:52:27,707 INFO     ___FILE_ONLY___ 

2021-01-30 17:52:27,708 DEBUG    root            SDK update checks are disabled.
