2021-01-25 17:56:39,486 DEBUG    root            Loaded Command Group: ['gcloud', 'config']
2021-01-25 17:56:39,491 DEBUG    root            Loaded Command Group: ['gcloud', 'config', 'configurations']
2021-01-25 17:56:39,496 DEBUG    root            Loaded Command Group: ['gcloud', 'config', 'configurations', 'list']
2021-01-25 17:56:39,501 DEBUG    root            Running [gcloud.config.configurations.list] with arguments: []
2021-01-25 17:56:39,505 INFO     root            Display format: "table(
        name,
        is_active,
        properties.core.account,
        properties.core.project,
        properties.compute.zone:label=COMPUTE_DEFAULT_ZONE,
        properties.compute.region:label=COMPUTE_DEFAULT_REGION)
    "
2021-01-25 17:56:39,717 INFO     ___FILE_ONLY___ NAME
2021-01-25 17:56:39,717 INFO     ___FILE_ONLY___      
2021-01-25 17:56:39,717 INFO     ___FILE_ONLY___ IS_ACTIVE
2021-01-25 17:56:39,717 INFO     ___FILE_ONLY___   
2021-01-25 17:56:39,717 INFO     ___FILE_ONLY___ ACCOUNT
2021-01-25 17:56:39,718 INFO     ___FILE_ONLY___                 
2021-01-25 17:56:39,718 INFO     ___FILE_ONLY___ PROJECT
2021-01-25 17:56:39,718 INFO     ___FILE_ONLY___      
2021-01-25 17:56:39,718 INFO     ___FILE_ONLY___ COMPUTE_DEFAULT_ZONE
2021-01-25 17:56:39,718 INFO     ___FILE_ONLY___   
2021-01-25 17:56:39,718 INFO     ___FILE_ONLY___ COMPUTE_DEFAULT_REGION
2021-01-25 17:56:39,718 INFO     ___FILE_ONLY___ 

2021-01-25 17:56:39,719 INFO     ___FILE_ONLY___ default
2021-01-25 17:56:39,719 INFO     ___FILE_ONLY___   
2021-01-25 17:56:39,719 INFO     ___FILE_ONLY___ True
2021-01-25 17:56:39,719 INFO     ___FILE_ONLY___        
2021-01-25 17:56:39,719 INFO     ___FILE_ONLY___ shakeer.uid@gmail.com
2021-01-25 17:56:39,719 INFO     ___FILE_ONLY___   
2021-01-25 17:56:39,719 INFO     ___FILE_ONLY___ shakeergcp
2021-01-25 17:56:39,720 INFO     ___FILE_ONLY___ 

2021-01-25 17:56:39,721 DEBUG    root            SDK update checks are disabled.
