2021-01-25 17:58:03,268 DEBUG    root            Loaded Command Group: ['gcloud', 'config']
2021-01-25 17:58:03,270 DEBUG    root            Loaded Command Group: ['gcloud', 'config', 'configurations']
2021-01-25 17:58:03,273 DEBUG    root            Loaded Command Group: ['gcloud', 'config', 'configurations', 'list']
2021-01-25 17:58:03,277 DEBUG    root            Running [gcloud.config.configurations.list] with arguments: []
2021-01-25 17:58:03,280 INFO     root            Display format: "table(
        name,
        is_active,
        properties.core.account,
        properties.core.project,
        properties.compute.zone:label=COMPUTE_DEFAULT_ZONE,
        properties.compute.region:label=COMPUTE_DEFAULT_REGION)
    "
2021-01-25 17:58:03,469 INFO     ___FILE_ONLY___ NAME
2021-01-25 17:58:03,469 INFO     ___FILE_ONLY___          
2021-01-25 17:58:03,469 INFO     ___FILE_ONLY___ IS_ACTIVE
2021-01-25 17:58:03,469 INFO     ___FILE_ONLY___   
2021-01-25 17:58:03,469 INFO     ___FILE_ONLY___ ACCOUNT
2021-01-25 17:58:03,470 INFO     ___FILE_ONLY___                 
2021-01-25 17:58:03,470 INFO     ___FILE_ONLY___ PROJECT
2021-01-25 17:58:03,470 INFO     ___FILE_ONLY___      
2021-01-25 17:58:03,470 INFO     ___FILE_ONLY___ COMPUTE_DEFAULT_ZONE
2021-01-25 17:58:03,470 INFO     ___FILE_ONLY___   
2021-01-25 17:58:03,470 INFO     ___FILE_ONLY___ COMPUTE_DEFAULT_REGION
2021-01-25 17:58:03,470 INFO     ___FILE_ONLY___ 

2021-01-25 17:58:03,471 INFO     ___FILE_ONLY___ default
2021-01-25 17:58:03,471 INFO     ___FILE_ONLY___       
2021-01-25 17:58:03,471 INFO     ___FILE_ONLY___ False
2021-01-25 17:58:03,471 INFO     ___FILE_ONLY___       
2021-01-25 17:58:03,471 INFO     ___FILE_ONLY___ shakeer.uid@gmail.com
2021-01-25 17:58:03,471 INFO     ___FILE_ONLY___   
2021-01-25 17:58:03,471 INFO     ___FILE_ONLY___ shakeergcp
2021-01-25 17:58:03,472 INFO     ___FILE_ONLY___ 

2021-01-25 17:58:03,472 INFO     ___FILE_ONLY___ shakeer-dev
2021-01-25 17:58:03,472 INFO     ___FILE_ONLY___   
2021-01-25 17:58:03,472 INFO     ___FILE_ONLY___ True
2021-01-25 17:58:03,472 INFO     ___FILE_ONLY___                               
2021-01-25 17:58:03,472 INFO     ___FILE_ONLY___ shakeergcp
2021-01-25 17:58:03,472 INFO     ___FILE_ONLY___ 

2021-01-25 17:58:03,473 DEBUG    root            SDK update checks are disabled.
