2021-01-25 17:56:00,987 ERROR    root            (gcloud) Command name argument expected.
2021-01-25 17:56:00,991 DEBUG    root            No implementation for release track [GA] for element: [/usr/lib64/google-cloud-sdk/lib/surface/network_security]
2021-01-25 17:56:00,995 DEBUG    root            Loaded Command Group: ['gcloud', 'meta']
2021-01-25 17:56:01,007 DEBUG    root            Loaded Command Group: ['gcloud', 'firebase']
2021-01-25 17:56:01,023 DEBUG    root            No implementation for release track [GA] for element: [/usr/lib64/google-cloud-sdk/lib/surface/runtime_config]
2021-01-25 17:56:01,181 DEBUG    root            No implementation for release track [GA] for element: [/usr/lib64/google-cloud-sdk/lib/surface/api_gateway]
2021-01-25 17:56:01,185 DEBUG    root            Loaded Command Group: ['gcloud', 'policy_troubleshoot']
2021-01-25 17:56:01,192 DEBUG    root            Loaded Command Group: ['gcloud', 'data_catalog']
2021-01-25 17:56:01,208 DEBUG    root            Loaded Command Group: ['gcloud', 'config']
2021-01-25 17:56:01,218 DEBUG    root            No implementation for release track [GA] for element: [/usr/lib64/google-cloud-sdk/lib/surface/transcoder]
2021-01-25 17:56:01,229 DEBUG    root            No implementation for release track [GA] for element: [/usr/lib64/google-cloud-sdk/lib/surface/code]
2021-01-25 17:56:01,232 DEBUG    root            Loaded Command Group: ['gcloud', 'dataflow']
2021-01-25 17:56:01,242 DEBUG    root            Loaded Command Group: ['gcloud', 'deployment_manager']
2021-01-25 17:56:01,255 DEBUG    root            Loaded Command Group: ['gcloud', 'ai_platform']
2021-01-25 17:56:01,268 DEBUG    root            No implementation for release track [GA] for element: [/usr/lib64/google-cloud-sdk/lib/surface/notebooks]
2021-01-25 17:56:01,292 DEBUG    root            Loaded Command Group: ['gcloud', 'projects']
2021-01-25 17:56:01,301 DEBUG    root            No implementation for release track [GA] for element: [/usr/lib64/google-cloud-sdk/lib/surface/labelmanager]
2021-01-25 17:56:01,304 DEBUG    root            Loaded Command Group: ['gcloud', 'sql']
2021-01-25 17:56:01,313 DEBUG    root            Loaded Command Group: ['gcloud', 'ml']
2021-01-25 17:56:01,323 DEBUG    root            No implementation for release track [GA] for element: [/usr/lib64/google-cloud-sdk/lib/surface/access_approval]
2021-01-25 17:56:01,326 DEBUG    root            No implementation for release track [GA] for element: [/usr/lib64/google-cloud-sdk/lib/surface/org_policies]
2021-01-25 17:56:01,329 DEBUG    root            Loaded Command Group: ['gcloud', 'kms']
2021-01-25 17:56:01,340 DEBUG    root            Loaded Command Group: ['gcloud', 'iap']
2021-01-25 17:56:01,525 DEBUG    root            Loaded Command Group: ['gcloud', 'compute']
2021-01-25 17:56:01,570 DEBUG    root            No implementation for release track [GA] for element: [/usr/lib64/google-cloud-sdk/lib/surface/error_reporting]
2021-01-25 17:56:01,573 DEBUG    root            Loaded Command Group: ['gcloud', 'active_directory']
2021-01-25 17:56:01,583 DEBUG    root            Loaded Command Group: ['gcloud', 'bigtable']
2021-01-25 17:56:01,594 DEBUG    root            Loaded Command Group: ['gcloud', 'dataproc']
2021-01-25 17:56:01,614 DEBUG    root            Loaded Command Group: ['gcloud', 'builds']
2021-01-25 17:56:01,625 DEBUG    root            Loaded Command Group: ['gcloud', 'organizations']
2021-01-25 17:56:01,633 DEBUG    root            Loaded Command Group: ['gcloud', 'service_directory']
2021-01-25 17:56:01,643 DEBUG    root            Loaded Command Group: ['gcloud', 'components']
2021-01-25 17:56:01,652 DEBUG    root            Loaded Command Group: ['gcloud', 'anthos']
2021-01-25 17:56:01,662 DEBUG    root            No implementation for release track [GA] for element: [/usr/lib64/google-cloud-sdk/lib/surface/dlp]
2021-01-25 17:56:01,665 DEBUG    root            No implementation for release track [GA] for element: [/usr/lib64/google-cloud-sdk/lib/surface/dialogflow]
2021-01-25 17:56:01,668 DEBUG    root            Loaded Command Group: ['gcloud', 'secrets']
2021-01-25 17:56:01,678 DEBUG    root            No implementation for release track [GA] for element: [/usr/lib64/google-cloud-sdk/lib/surface/commerce_procurement]
2021-01-25 17:56:01,682 DEBUG    root            Loaded Command Group: ['gcloud', 'cloud_shell']
2021-01-25 17:56:01,694 DEBUG    root            Loaded Command Group: ['gcloud', 'debug']
2021-01-25 17:56:01,702 DEBUG    root            Loaded Command Group: ['gcloud', 'scc']
2021-01-25 17:56:01,712 DEBUG    root            Loaded Command Group: ['gcloud', 'logging']
2021-01-25 17:56:01,722 DEBUG    root            Loaded Command Group: ['gcloud', 'scheduler']
2021-01-25 17:56:01,746 DEBUG    root            Loaded Command Group: ['gcloud', 'docker']
2021-01-25 17:56:01,753 DEBUG    root            Loaded Command Group: ['gcloud', 'endpoints']
2021-01-25 17:56:01,784 DEBUG    root            Loaded Command Group: ['gcloud', 'survey']
2021-01-25 17:56:01,794 DEBUG    root            Loaded Command Group: ['gcloud', 'cheat_sheet']
2021-01-25 17:56:01,804 DEBUG    root            Loaded Command Group: ['gcloud', 'pubsub']
2021-01-25 17:56:01,956 DEBUG    root            No implementation for release track [GA] for element: [/usr/lib64/google-cloud-sdk/lib/surface/events]
2021-01-25 17:56:01,958 DEBUG    root            No implementation for release track [GA] for element: [/usr/lib64/google-cloud-sdk/lib/surface/lifesciences]
2021-01-25 17:56:01,982 DEBUG    root            Loaded Command Group: ['gcloud', 'init']
2021-01-25 17:56:01,985 DEBUG    root            Loaded Command Group: ['gcloud', 'domains']
2021-01-25 17:56:01,993 DEBUG    root            No implementation for release track [GA] for element: [/usr/lib64/google-cloud-sdk/lib/surface/privateca]
2021-01-25 17:56:01,996 DEBUG    root            No implementation for release track [GA] for element: [/usr/lib64/google-cloud-sdk/lib/surface/memcache]
2021-01-25 17:56:01,998 DEBUG    root            Loaded Command Group: ['gcloud', 'healthcare']
2021-01-25 17:56:02,012 DEBUG    root            Loaded Command Group: ['gcloud', 'spanner']
2021-01-25 17:56:02,020 DEBUG    root            No implementation for release track [GA] for element: [/usr/lib64/google-cloud-sdk/lib/surface/vmware]
2021-01-25 17:56:02,023 DEBUG    root            No implementation for release track [GA] for element: [/usr/lib64/google-cloud-sdk/lib/surface/metastore]
2021-01-25 17:56:02,026 DEBUG    root            Loaded Command Group: ['gcloud', 'services']
2021-01-25 17:56:02,032 DEBUG    root            Loaded Command Group: ['gcloud', 'ml_engine']
2021-01-25 17:56:02,039 DEBUG    root            Loaded Command Group: ['gcloud', 'artifacts']
2021-01-25 17:56:02,048 DEBUG    root            Loaded Command Group: ['gcloud', 'asset']
2021-01-25 17:56:02,055 DEBUG    root            Loaded Command Group: ['gcloud', 'version']
2021-01-25 17:56:02,061 DEBUG    root            Loaded Command Group: ['gcloud', 'dns']
2021-01-25 17:56:02,069 DEBUG    root            Loaded Command Group: ['gcloud', 'redis']
2021-01-25 17:56:02,077 DEBUG    root            Loaded Command Group: ['gcloud', 'auth']
2021-01-25 17:56:02,095 DEBUG    root            Loaded Command Group: ['gcloud', 'feedback']
2021-01-25 17:56:02,101 DEBUG    root            No implementation for release track [GA] for element: [/usr/lib64/google-cloud-sdk/lib/surface/admin_service_cluster]
2021-01-25 17:56:02,104 DEBUG    root            No implementation for release track [GA] for element: [/usr/lib64/google-cloud-sdk/lib/surface/certificate_manager]
2021-01-25 17:56:02,106 DEBUG    root            Loaded Command Group: ['gcloud', 'monitoring']
2021-01-25 17:56:02,117 DEBUG    root            No implementation for release track [GA] for element: [/usr/lib64/google-cloud-sdk/lib/surface/resource_settings]
2021-01-25 17:56:02,120 DEBUG    root            Loaded Command Group: ['gcloud', 'source']
2021-01-25 17:56:02,129 DEBUG    root            Loaded Command Group: ['gcloud', 'app']
2021-01-25 17:56:02,140 DEBUG    root            Loaded Command Group: ['gcloud', 'resource_manager']
2021-01-25 17:56:02,150 DEBUG    root            Loaded Command Group: ['gcloud', 'run']
2021-01-25 17:56:02,160 DEBUG    root            No implementation for release track [GA] for element: [/usr/lib64/google-cloud-sdk/lib/surface/storage]
2021-01-25 17:56:02,168 DEBUG    root            Loaded Command Group: ['gcloud', 'functions']
2021-01-25 17:56:02,177 DEBUG    root            No implementation for release track [GA] for element: [/usr/lib64/google-cloud-sdk/lib/surface/data_fusion]
2021-01-25 17:56:02,179 DEBUG    root            Loaded Command Group: ['gcloud', 'composer']
2021-01-25 17:56:02,187 DEBUG    root            Loaded Command Group: ['gcloud', 'datastore']
2021-01-25 17:56:02,195 DEBUG    root            No implementation for release track [GA] for element: [/usr/lib64/google-cloud-sdk/lib/surface/workflows]
2021-01-25 17:56:02,197 DEBUG    root            No implementation for release track [GA] for element: [/usr/lib64/google-cloud-sdk/lib/surface/ai]
2021-01-25 17:56:02,199 DEBUG    root            Loaded Command Group: ['gcloud', 'firestore']
2021-01-25 17:56:02,207 DEBUG    root            Loaded Command Group: ['gcloud', 'network_management']
2021-01-25 17:56:02,218 DEBUG    root            Loaded Command Group: ['gcloud', 'info']
2021-01-25 17:56:02,225 DEBUG    root            No implementation for release track [GA] for element: [/usr/lib64/google-cloud-sdk/lib/surface/assured]
2021-01-25 17:56:02,227 DEBUG    root            No implementation for release track [GA] for element: [/usr/lib64/google-cloud-sdk/lib/surface/trace]
2021-01-25 17:56:02,229 DEBUG    root            Loaded Command Group: ['gcloud', 'identity']
2021-01-25 17:56:02,237 DEBUG    root            Loaded Command Group: ['gcloud', 'access_context_manager']
2021-01-25 17:56:02,247 DEBUG    root            No implementation for release track [GA] for element: [/usr/lib64/google-cloud-sdk/lib/surface/bq]
2021-01-25 17:56:02,251 DEBUG    root            Loaded Command Group: ['gcloud', 'container']
2021-01-25 17:56:02,262 DEBUG    root            No implementation for release track [GA] for element: [/usr/lib64/google-cloud-sdk/lib/surface/recaptcha]
2021-01-25 17:56:02,264 DEBUG    root            Loaded Command Group: ['gcloud', 'apigee']
2021-01-25 17:56:02,273 DEBUG    root            No implementation for release track [GA] for element: [/usr/lib64/google-cloud-sdk/lib/surface/emulators]
2021-01-25 17:56:02,276 DEBUG    root            Loaded Command Group: ['gcloud', 'iot']
2021-01-25 17:56:02,284 DEBUG    root            Loaded Command Group: ['gcloud', 'topic']
2021-01-25 17:56:02,292 DEBUG    root            No implementation for release track [GA] for element: [/usr/lib64/google-cloud-sdk/lib/surface/genomics]
2021-01-25 17:56:02,295 DEBUG    root            No implementation for release track [GA] for element: [/usr/lib64/google-cloud-sdk/lib/surface/network_connectivity]
2021-01-25 17:56:02,297 DEBUG    root            No implementation for release track [GA] for element: [/usr/lib64/google-cloud-sdk/lib/surface/database_migration]
2021-01-25 17:56:02,299 DEBUG    root            No implementation for release track [GA] for element: [/usr/lib64/google-cloud-sdk/lib/surface/remote_build_execution]
2021-01-25 17:56:02,302 DEBUG    root            Loaded Command Group: ['gcloud', 'billing']
2021-01-25 17:56:02,309 DEBUG    root            No implementation for release track [GA] for element: [/usr/lib64/google-cloud-sdk/lib/surface/web_security_scanner]
2021-01-25 17:56:02,312 DEBUG    root            Loaded Command Group: ['gcloud', 'iam']
2021-01-25 17:56:02,321 DEBUG    root            No implementation for release track [GA] for element: [/usr/lib64/google-cloud-sdk/lib/surface/kuberun]
2021-01-25 17:56:02,323 DEBUG    root            Loaded Command Group: ['gcloud', 'workspace_add_ons']
2021-01-25 17:56:02,630 DEBUG    root            No implementation for release track [GA] for element: [/usr/lib64/google-cloud-sdk/lib/surface/interactive]
2021-01-25 17:56:02,633 DEBUG    root            Loaded Command Group: ['gcloud', 'eventarc']
2021-01-25 17:56:02,639 DEBUG    root            No implementation for release track [GA] for element: [/usr/lib64/google-cloud-sdk/lib/surface/network_services]
2021-01-25 17:56:02,642 DEBUG    root            Loaded Command Group: ['gcloud', 'game']
2021-01-25 17:56:02,647 DEBUG    root            Loaded Command Group: ['gcloud', 'filestore']
2021-01-25 17:56:02,652 DEBUG    root            Loaded Command Group: ['gcloud', 'tasks']
2021-01-25 17:56:02,659 DEBUG    root            Loaded Command Group: ['gcloud', 'recommender']
2021-01-25 17:56:02,681 DEBUG    root            Loaded Command Group: ['gcloud', 'help']
