2021-01-25 18:01:57,905 DEBUG    root            Loaded Command Group: ['gcloud', 'config']
2021-01-25 18:01:57,907 DEBUG    root            Loaded Command Group: ['gcloud', 'config', 'configurations']
2021-01-25 18:01:57,909 DEBUG    root            Loaded Command Group: ['gcloud', 'config', 'configurations', 'list']
2021-01-25 18:01:57,914 DEBUG    root            Running [gcloud.config.configurations.list] with arguments: []
2021-01-25 18:01:57,917 INFO     root            Display format: "table(
        name,
        is_active,
        properties.core.account,
        properties.core.project,
        properties.compute.zone:label=COMPUTE_DEFAULT_ZONE,
        properties.compute.region:label=COMPUTE_DEFAULT_REGION)
    "
2021-01-25 18:01:58,099 INFO     ___FILE_ONLY___ NAME
2021-01-25 18:01:58,099 INFO     ___FILE_ONLY___          
2021-01-25 18:01:58,100 INFO     ___FILE_ONLY___ IS_ACTIVE
2021-01-25 18:01:58,100 INFO     ___FILE_ONLY___   
2021-01-25 18:01:58,100 INFO     ___FILE_ONLY___ ACCOUNT
2021-01-25 18:01:58,100 INFO     ___FILE_ONLY___                 
2021-01-25 18:01:58,100 INFO     ___FILE_ONLY___ PROJECT
2021-01-25 18:01:58,100 INFO     ___FILE_ONLY___      
2021-01-25 18:01:58,100 INFO     ___FILE_ONLY___ COMPUTE_DEFAULT_ZONE
2021-01-25 18:01:58,100 INFO     ___FILE_ONLY___   
2021-01-25 18:01:58,100 INFO     ___FILE_ONLY___ COMPUTE_DEFAULT_REGION
2021-01-25 18:01:58,101 INFO     ___FILE_ONLY___ 

2021-01-25 18:01:58,101 INFO     ___FILE_ONLY___ default
2021-01-25 18:01:58,101 INFO     ___FILE_ONLY___       
2021-01-25 18:01:58,101 INFO     ___FILE_ONLY___ False
2021-01-25 18:01:58,101 INFO     ___FILE_ONLY___       
2021-01-25 18:01:58,101 INFO     ___FILE_ONLY___ shakeer.uid@gmail.com
2021-01-25 18:01:58,101 INFO     ___FILE_ONLY___   
2021-01-25 18:01:58,101 INFO     ___FILE_ONLY___ shakeergcp
2021-01-25 18:01:58,102 INFO     ___FILE_ONLY___ 

2021-01-25 18:01:58,102 INFO     ___FILE_ONLY___ shakeer-dev
2021-01-25 18:01:58,102 INFO     ___FILE_ONLY___   
2021-01-25 18:01:58,102 INFO     ___FILE_ONLY___ True
2021-01-25 18:01:58,102 INFO     ___FILE_ONLY___                               
2021-01-25 18:01:58,103 INFO     ___FILE_ONLY___ shakeergcp
2021-01-25 18:01:58,103 INFO     ___FILE_ONLY___ 

2021-01-25 18:01:58,103 DEBUG    root            SDK update checks are disabled.
